{"/home/admin/Projects/ricgcw/src/App.jsx": {"path":"/home/admin/Projects/ricgcw/src/App.jsx","statementMap":{"0":{"start":{"line":13,"column":20},"end":{"line":19,"column":null}},"1":{"start":{"line":14,"column":19},"end":{"line":14,"column":null}},"2":{"start":{"line":15,"column":2},"end":{"line":17,"column":null}},"3":{"start":{"line":16,"column":4},"end":{"line":16,"column":null}},"4":{"start":{"line":18,"column":2},"end":{"line":18,"column":null}},"5":{"start":{"line":21,"column":22},"end":{"line":94,"column":null}},"6":{"start":{"line":22,"column":8},"end":{"line":22,"column":null}},"7":{"start":{"line":23,"column":2},"end":{"line":92,"column":null}},"8":{"start":{"line":85,"column":12},"end":{"line":85,"column":null}},"9":{"start":{"line":97,"column":8},"end":{"line":97,"column":null}},"10":{"start":{"line":98,"column":38},"end":{"line":98,"column":null}},"11":{"start":{"line":99,"column":19},"end":{"line":99,"column":null}},"12":{"start":{"line":101,"column":2},"end":{"line":110,"column":null}},"13":{"start":{"line":102,"column":4},"end":{"line":109,"column":null}},"14":{"start":{"line":103,"column":6},"end":{"line":103,"column":null}},"15":{"start":{"line":104,"column":6},"end":{"line":104,"column":null}},"16":{"start":{"line":105,"column":20},"end":{"line":107,"column":null}},"17":{"start":{"line":106,"column":8},"end":{"line":106,"column":null}},"18":{"start":{"line":108,"column":6},"end":{"line":108,"column":null}},"19":{"start":{"line":108,"column":19},"end":{"line":108,"column":null}},"20":{"start":{"line":112,"column":2},"end":{"line":120,"column":null}}},"fnMap":{"0":{"name":"(anonymous_0)","decl":{"start":{"line":13,"column":20},"end":{"line":13,"column":26}},"loc":{"start":{"line":13,"column":26},"end":{"line":19,"column":null}},"line":13},"1":{"name":"(anonymous_1)","decl":{"start":{"line":15,"column":12},"end":{"line":15,"column":18}},"loc":{"start":{"line":15,"column":18},"end":{"line":17,"column":5}},"line":15},"2":{"name":"(anonymous_2)","decl":{"start":{"line":21,"column":22},"end":{"line":21,"column":28}},"loc":{"start":{"line":21,"column":28},"end":{"line":94,"column":null}},"line":21},"3":{"name":"(anonymous_3)","decl":{"start":{"line":84,"column":19},"end":{"line":84,"column":20}},"loc":{"start":{"line":84,"column":26},"end":{"line":86,"column":null}},"line":84},"4":{"name":"App","decl":{"start":{"line":96,"column":9},"end":{"line":96,"column":15}},"loc":{"start":{"line":96,"column":15},"end":{"line":122,"column":null}},"line":96},"5":{"name":"(anonymous_5)","decl":{"start":{"line":101,"column":12},"end":{"line":101,"column":18}},"loc":{"start":{"line":101,"column":18},"end":{"line":110,"column":5}},"line":101},"6":{"name":"(anonymous_6)","decl":{"start":{"line":105,"column":31},"end":{"line":105,"column":37}},"loc":{"start":{"line":105,"column":37},"end":{"line":107,"column":9}},"line":105},"7":{"name":"(anonymous_7)","decl":{"start":{"line":108,"column":13},"end":{"line":108,"column":19}},"loc":{"start":{"line":108,"column":19},"end":{"line":108,"column":null}},"line":108}},"branchMap":{"0":{"loc":{"start":{"line":102,"column":4},"end":{"line":109,"column":null}},"type":"if","locations":[{"start":{"line":102,"column":4},"end":{"line":109,"column":null}},{"start":{},"end":{}}],"line":102},"1":{"loc":{"start":{"line":115,"column":7},"end":{"line":115,"column":null}},"type":"binary-expr","locations":[{"start":{"line":115,"column":7},"end":{"line":115,"column":23}},{"start":{"line":115,"column":23},"end":{"line":115,"column":null}}],"line":115}},"s":{"0":1,"1":1,"2":1,"3":1,"4":1,"5":1,"6":0,"7":0,"8":0,"9":1,"10":1,"11":1,"12":1,"13":1,"14":0,"15":0,"16":0,"17":0,"18":0,"19":0,"20":1},"f":{"0":1,"1":1,"2":0,"3":0,"4":1,"5":1,"6":0,"7":0},"b":{"0":[0,1],"1":[1,0]},"meta":{"lastBranch":2,"lastFunction":8,"lastStatement":21,"seen":{"s:13:20:19:Infinity":0,"f:13:20:13:26":0,"s:14:19:14:Infinity":1,"s:15:2:17:Infinity":2,"f:15:12:15:18":1,"s:16:4:16:Infinity":3,"s:18:2:18:Infinity":4,"s:21:22:94:Infinity":5,"f:21:22:21:28":2,"s:22:8:22:Infinity":6,"s:23:2:92:Infinity":7,"f:84:19:84:20":3,"s:85:12:85:Infinity":8,"f:96:9:96:15":4,"s:97:8:97:Infinity":9,"s:98:38:98:Infinity":10,"s:99:19:99:Infinity":11,"s:101:2:110:Infinity":12,"f:101:12:101:18":5,"b:102:4:109:Infinity:undefined:undefined:undefined:undefined":0,"s:102:4:109:Infinity":13,"s:103:6:103:Infinity":14,"s:104:6:104:Infinity":15,"s:105:20:107:Infinity":16,"f:105:31:105:37":6,"s:106:8:106:Infinity":17,"s:108:6:108:Infinity":18,"f:108:13:108:19":7,"s:108:19:108:Infinity":19,"s:112:2:120:Infinity":20,"b:115:7:115:23:115:23:115:Infinity":1}}}
,"/home/admin/Projects/ricgcw/src/appwrite.js": {"path":"/home/admin/Projects/ricgcw/src/appwrite.js","statementMap":{"0":{"start":{"line":3,"column":15},"end":{"line":3,"column":27}},"1":{"start":{"line":5,"column":26},"end":{"line":5,"column":102}},"2":{"start":{"line":6,"column":28},"end":{"line":6,"column":94}},"3":{"start":{"line":8,"column":0},"end":{"line":10,"column":null}},"4":{"start":{"line":12,"column":23},"end":{"line":12,"column":42}},"5":{"start":{"line":13,"column":23},"end":{"line":13,"column":42}},"6":{"start":{"line":14,"column":25},"end":{"line":14,"column":46}}},"fnMap":{},"branchMap":{"0":{"loc":{"start":{"line":5,"column":26},"end":{"line":5,"column":102}},"type":"binary-expr","locations":[{"start":{"line":5,"column":26},"end":{"line":5,"column":64}},{"start":{"line":5,"column":68},"end":{"line":5,"column":102}}],"line":5},"1":{"loc":{"start":{"line":6,"column":28},"end":{"line":6,"column":94}},"type":"binary-expr","locations":[{"start":{"line":6,"column":28},"end":{"line":6,"column":68}},{"start":{"line":6,"column":72},"end":{"line":6,"column":94}}],"line":6}},"s":{"0":1,"1":1,"2":1,"3":1,"4":1,"5":1,"6":1},"f":{},"b":{"0":[1,0],"1":[1,0]},"meta":{"lastBranch":2,"lastFunction":0,"lastStatement":7,"seen":{"s:3:15:3:27":0,"s:5:26:5:102":1,"b:5:26:5:64:5:68:5:102":0,"s:6:28:6:94":2,"b:6:28:6:68:6:72:6:94":1,"s:8:0:10:Infinity":3,"s:12:23:12:42":4,"s:13:23:13:42":5,"s:14:25:14:46":6}}}
,"/home/admin/Projects/ricgcw/src/firebase.js": {"path":"/home/admin/Projects/ricgcw/src/firebase.js","statementMap":{"0":{"start":{"line":5,"column":23},"end":{"line":12,"column":1}},"1":{"start":{"line":15,"column":11},"end":{"line":15,"column":41}},"2":{"start":{"line":16,"column":10},"end":{"line":16,"column":28}}},"fnMap":{},"branchMap":{},"s":{"0":4,"1":4,"2":4},"f":{},"b":{},"meta":{"lastBranch":0,"lastFunction":0,"lastStatement":3,"seen":{"s:5:23:12:1":0,"s:15:11:15:41":1,"s:16:10:16:28":2}}}
,"/home/admin/Projects/ricgcw/src/theme.jsx": {"path":"/home/admin/Projects/ricgcw/src/theme.jsx","statementMap":{"0":{"start":{"line":6,"column":6},"end":{"line":6,"column":null}},"1":{"start":{"line":9,"column":28},"end":{"line":9,"column":null}},"2":{"start":{"line":12,"column":24},"end":{"line":183,"column":null}},"3":{"start":{"line":13,"column":18},"end":{"line":13,"column":null}},"4":{"start":{"line":16,"column":22},"end":{"line":16,"column":null}},"5":{"start":{"line":17,"column":21},"end":{"line":17,"column":null}},"6":{"start":{"line":18,"column":20},"end":{"line":18,"column":null}},"7":{"start":{"line":20,"column":28},"end":{"line":20,"column":null}},"8":{"start":{"line":21,"column":26},"end":{"line":21,"column":null}},"9":{"start":{"line":23,"column":2},"end":{"line":182,"column":null}},"10":{"start":{"line":186,"column":22},"end":{"line":186,"column":null}},"11":{"start":{"line":186,"column":41},"end":{"line":186,"column":81}},"12":{"start":{"line":188,"column":8},"end":{"line":200,"column":null}},"13":{"start":{"line":189,"column":11},"end":{"line":198,"column":null}},"14":{"start":{"line":191,"column":8},"end":{"line":195,"column":null}},"15":{"start":{"line":192,"column":26},"end":{"line":192,"column":null}},"16":{"start":{"line":193,"column":10},"end":{"line":193,"column":null}},"17":{"start":{"line":194,"column":10},"end":{"line":194,"column":null}},"18":{"start":{"line":202,"column":8},"end":{"line":205,"column":null}},"19":{"start":{"line":203,"column":8},"end":{"line":203,"column":null}},"20":{"start":{"line":204,"column":4},"end":{"line":204,"column":null}},"21":{"start":{"line":207,"column":2},"end":{"line":213,"column":null}}},"fnMap":{"0":{"name":"(anonymous_0)","decl":{"start":{"line":6,"column":58},"end":{"line":6,"column":64}},"loc":{"start":{"line":6,"column":64},"end":{"line":6,"column":68}},"line":6},"1":{"name":"(anonymous_1)","decl":{"start":{"line":9,"column":28},"end":{"line":9,"column":34}},"loc":{"start":{"line":9,"column":28},"end":{"line":9,"column":null}},"line":9},"2":{"name":"(anonymous_2)","decl":{"start":{"line":12,"column":24},"end":{"line":12,"column":25}},"loc":{"start":{"line":12,"column":34},"end":{"line":183,"column":null}},"line":12},"3":{"name":"ThemeConfig","decl":{"start":{"line":185,"column":24},"end":{"line":185,"column":36}},"loc":{"start":{"line":185,"column":50},"end":{"line":215,"column":null}},"line":185},"4":{"name":"(anonymous_4)","decl":{"start":{"line":186,"column":35},"end":{"line":186,"column":41}},"loc":{"start":{"line":186,"column":41},"end":{"line":186,"column":81}},"line":186},"5":{"name":"(anonymous_5)","decl":{"start":{"line":189,"column":4},"end":{"line":189,"column":11}},"loc":{"start":{"line":189,"column":11},"end":{"line":198,"column":null}},"line":189},"6":{"name":"(anonymous_6)","decl":{"start":{"line":190,"column":23},"end":{"line":190,"column":29}},"loc":{"start":{"line":190,"column":29},"end":{"line":196,"column":null}},"line":190},"7":{"name":"(anonymous_7)","decl":{"start":{"line":191,"column":16},"end":{"line":191,"column":17}},"loc":{"start":{"line":191,"column":30},"end":{"line":195,"column":9}},"line":191},"8":{"name":"(anonymous_8)","decl":{"start":{"line":202,"column":24},"end":{"line":202,"column":30}},"loc":{"start":{"line":202,"column":30},"end":{"line":205,"column":5}},"line":202}},"branchMap":{"0":{"loc":{"start":{"line":16,"column":22},"end":{"line":16,"column":null}},"type":"cond-expr","locations":[{"start":{"line":16,"column":32},"end":{"line":16,"column":44}},{"start":{"line":16,"column":44},"end":{"line":16,"column":null}}],"line":16},"1":{"loc":{"start":{"line":20,"column":28},"end":{"line":20,"column":null}},"type":"cond-expr","locations":[{"start":{"line":20,"column":38},"end":{"line":20,"column":50}},{"start":{"line":20,"column":50},"end":{"line":20,"column":null}}],"line":20},"2":{"loc":{"start":{"line":21,"column":26},"end":{"line":21,"column":null}},"type":"cond-expr","locations":[{"start":{"line":21,"column":36},"end":{"line":21,"column":48}},{"start":{"line":21,"column":48},"end":{"line":21,"column":null}}],"line":21},"3":{"loc":{"start":{"line":33,"column":15},"end":{"line":33,"column":null}},"type":"cond-expr","locations":[{"start":{"line":33,"column":25},"end":{"line":33,"column":55}},{"start":{"line":33,"column":55},"end":{"line":33,"column":null}}],"line":33},"4":{"loc":{"start":{"line":34,"column":21},"end":{"line":34,"column":null}},"type":"cond-expr","locations":[{"start":{"line":34,"column":31},"end":{"line":34,"column":58}},{"start":{"line":34,"column":58},"end":{"line":34,"column":null}}],"line":34},"5":{"loc":{"start":{"line":37,"column":17},"end":{"line":37,"column":null}},"type":"cond-expr","locations":[{"start":{"line":37,"column":27},"end":{"line":37,"column":39}},{"start":{"line":37,"column":39},"end":{"line":37,"column":null}}],"line":37},"6":{"loc":{"start":{"line":38,"column":19},"end":{"line":38,"column":null}},"type":"cond-expr","locations":[{"start":{"line":38,"column":29},"end":{"line":38,"column":41}},{"start":{"line":38,"column":41},"end":{"line":38,"column":null}}],"line":38},"7":{"loc":{"start":{"line":40,"column":15},"end":{"line":40,"column":null}},"type":"cond-expr","locations":[{"start":{"line":40,"column":25},"end":{"line":40,"column":53}},{"start":{"line":40,"column":53},"end":{"line":40,"column":null}}],"line":40},"8":{"loc":{"start":{"line":64,"column":32},"end":{"line":66,"column":288}},"type":"cond-expr","locations":[{"start":{"line":65,"column":16},"end":{"line":65,"column":null}},{"start":{"line":66,"column":16},"end":{"line":66,"column":288}}],"line":64},"9":{"loc":{"start":{"line":80,"column":26},"end":{"line":80,"column":79}},"type":"cond-expr","locations":[{"start":{"line":80,"column":36},"end":{"line":80,"column":56}},{"start":{"line":80,"column":56},"end":{"line":80,"column":79}}],"line":80},"10":{"loc":{"start":{"line":84,"column":26},"end":{"line":84,"column":79}},"type":"cond-expr","locations":[{"start":{"line":84,"column":36},"end":{"line":84,"column":56}},{"start":{"line":84,"column":56},"end":{"line":84,"column":79}}],"line":84},"11":{"loc":{"start":{"line":93,"column":33},"end":{"line":93,"column":96}},"type":"cond-expr","locations":[{"start":{"line":93,"column":43},"end":{"line":93,"column":71}},{"start":{"line":93,"column":71},"end":{"line":93,"column":96}}],"line":93},"12":{"loc":{"start":{"line":96,"column":23},"end":{"line":98,"column":null}},"type":"cond-expr","locations":[{"start":{"line":97,"column":16},"end":{"line":97,"column":null}},{"start":{"line":98,"column":16},"end":{"line":98,"column":null}}],"line":96},"13":{"loc":{"start":{"line":105,"column":29},"end":{"line":105,"column":null}},"type":"cond-expr","locations":[{"start":{"line":105,"column":39},"end":{"line":105,"column":69}},{"start":{"line":105,"column":69},"end":{"line":105,"column":null}}],"line":105},"14":{"loc":{"start":{"line":107,"column":36},"end":{"line":107,"column":92}},"type":"cond-expr","locations":[{"start":{"line":107,"column":46},"end":{"line":107,"column":67}},{"start":{"line":107,"column":67},"end":{"line":107,"column":92}}],"line":107},"15":{"loc":{"start":{"line":152,"column":70},"end":{"line":152,"column":101}},"type":"cond-expr","locations":[{"start":{"line":152,"column":80},"end":{"line":152,"column":92}},{"start":{"line":152,"column":92},"end":{"line":152,"column":101}}],"line":152},"16":{"loc":{"start":{"line":154,"column":53},"end":{"line":154,"column":84}},"type":"cond-expr","locations":[{"start":{"line":154,"column":63},"end":{"line":154,"column":75}},{"start":{"line":154,"column":75},"end":{"line":154,"column":84}}],"line":154},"17":{"loc":{"start":{"line":163,"column":29},"end":{"line":163,"column":null}},"type":"cond-expr","locations":[{"start":{"line":163,"column":39},"end":{"line":163,"column":69}},{"start":{"line":163,"column":69},"end":{"line":163,"column":null}}],"line":163},"18":{"loc":{"start":{"line":165,"column":33},"end":{"line":165,"column":97}},"type":"cond-expr","locations":[{"start":{"line":165,"column":43},"end":{"line":165,"column":71}},{"start":{"line":165,"column":71},"end":{"line":165,"column":97}}],"line":165},"19":{"loc":{"start":{"line":166,"column":23},"end":{"line":168,"column":null}},"type":"cond-expr","locations":[{"start":{"line":167,"column":16},"end":{"line":167,"column":null}},{"start":{"line":168,"column":16},"end":{"line":168,"column":null}}],"line":166},"20":{"loc":{"start":{"line":175,"column":29},"end":{"line":175,"column":null}},"type":"cond-expr","locations":[{"start":{"line":175,"column":39},"end":{"line":175,"column":68}},{"start":{"line":175,"column":68},"end":{"line":175,"column":null}}],"line":175},"21":{"loc":{"start":{"line":177,"column":39},"end":{"line":177,"column":103}},"type":"cond-expr","locations":[{"start":{"line":177,"column":49},"end":{"line":177,"column":77}},{"start":{"line":177,"column":77},"end":{"line":177,"column":103}}],"line":177},"22":{"loc":{"start":{"line":186,"column":41},"end":{"line":186,"column":81}},"type":"binary-expr","locations":[{"start":{"line":186,"column":41},"end":{"line":186,"column":74}},{"start":{"line":186,"column":74},"end":{"line":186,"column":81}}],"line":186},"23":{"loc":{"start":{"line":192,"column":26},"end":{"line":192,"column":null}},"type":"cond-expr","locations":[{"start":{"line":192,"column":49},"end":{"line":192,"column":58}},{"start":{"line":192,"column":58},"end":{"line":192,"column":null}}],"line":192}},"s":{"0":2,"1":9,"2":2,"3":1,"4":1,"5":1,"6":1,"7":1,"8":1,"9":1,"10":1,"11":1,"12":1,"13":1,"14":0,"15":0,"16":0,"17":0,"18":1,"19":1,"20":1,"21":1},"f":{"0":0,"1":9,"2":1,"3":1,"4":1,"5":1,"6":0,"7":0,"8":1},"b":{"0":[1,0],"1":[1,0],"2":[1,0],"3":[1,0],"4":[1,0],"5":[1,0],"6":[1,0],"7":[1,0],"8":[1,0],"9":[1,0],"10":[1,0],"11":[1,0],"12":[1,0],"13":[1,0],"14":[1,0],"15":[1,0],"16":[1,0],"17":[1,0],"18":[1,0],"19":[1,0],"20":[1,0],"21":[1,0],"22":[1,1],"23":[0,0]},"meta":{"lastBranch":24,"lastFunction":9,"lastStatement":22,"seen":{"s:6:6:6:Infinity":0,"f:6:58:6:64":0,"s:9:28:9:Infinity":1,"f:9:28:9:34":1,"s:12:24:183:Infinity":2,"f:12:24:12:25":2,"s:13:18:13:Infinity":3,"s:16:22:16:Infinity":4,"b:16:32:16:44:16:44:16:Infinity":0,"s:17:21:17:Infinity":5,"s:18:20:18:Infinity":6,"s:20:28:20:Infinity":7,"b:20:38:20:50:20:50:20:Infinity":1,"s:21:26:21:Infinity":8,"b:21:36:21:48:21:48:21:Infinity":2,"s:23:2:182:Infinity":9,"b:33:25:33:55:33:55:33:Infinity":3,"b:34:31:34:58:34:58:34:Infinity":4,"b:37:27:37:39:37:39:37:Infinity":5,"b:38:29:38:41:38:41:38:Infinity":6,"b:40:25:40:53:40:53:40:Infinity":7,"b:65:16:65:Infinity:66:16:66:288":8,"b:80:36:80:56:80:56:80:79":9,"b:84:36:84:56:84:56:84:79":10,"b:93:43:93:71:93:71:93:96":11,"b:97:16:97:Infinity:98:16:98:Infinity":12,"b:105:39:105:69:105:69:105:Infinity":13,"b:107:46:107:67:107:67:107:92":14,"b:152:80:152:92:152:92:152:101":15,"b:154:63:154:75:154:75:154:84":16,"b:163:39:163:69:163:69:163:Infinity":17,"b:165:43:165:71:165:71:165:97":18,"b:167:16:167:Infinity:168:16:168:Infinity":19,"b:175:39:175:68:175:68:175:Infinity":20,"b:177:49:177:77:177:77:177:103":21,"f:185:24:185:36":3,"s:186:22:186:Infinity":10,"f:186:35:186:41":4,"s:186:41:186:81":11,"b:186:41:186:74:186:74:186:81":22,"s:188:8:200:Infinity":12,"f:189:4:189:11":5,"s:189:11:198:Infinity":13,"f:190:23:190:29":6,"s:191:8:195:Infinity":14,"f:191:16:191:17":7,"s:192:26:192:Infinity":15,"b:192:49:192:58:192:58:192:Infinity":23,"s:193:10:193:Infinity":16,"s:194:10:194:Infinity":17,"s:202:8:205:Infinity":18,"f:202:24:202:30":8,"s:203:8:203:Infinity":19,"s:204:4:204:Infinity":20,"s:207:2:213:Infinity":21}}}
,"/home/admin/Projects/ricgcw/src/components/CommandPalette.jsx": {"path":"/home/admin/Projects/ricgcw/src/components/CommandPalette.jsx","statementMap":{"0":{"start":{"line":32,"column":25},"end":{"line":48,"column":null}},"1":{"start":{"line":50,"column":23},"end":{"line":224,"column":null}},"2":{"start":{"line":51,"column":8},"end":{"line":51,"column":null}},"3":{"start":{"line":52,"column":24},"end":{"line":52,"column":null}},"4":{"start":{"line":55,"column":2},"end":{"line":59,"column":null}},"5":{"start":{"line":56,"column":4},"end":{"line":58,"column":null}},"6":{"start":{"line":57,"column":6},"end":{"line":57,"column":null}},"7":{"start":{"line":63,"column":2},"end":{"line":73,"column":null}},"8":{"start":{"line":64,"column":26},"end":{"line":70,"column":null}},"9":{"start":{"line":65,"column":6},"end":{"line":69,"column":null}},"10":{"start":{"line":66,"column":8},"end":{"line":66,"column":null}},"11":{"start":{"line":71,"column":4},"end":{"line":71,"column":null}},"12":{"start":{"line":72,"column":4},"end":{"line":72,"column":null}},"13":{"start":{"line":72,"column":17},"end":{"line":72,"column":null}},"14":{"start":{"line":75,"column":8},"end":{"line":80,"column":null}},"15":{"start":{"line":76,"column":4},"end":{"line":76,"column":null}},"16":{"start":{"line":76,"column":16},"end":{"line":76,"column":null}},"17":{"start":{"line":77,"column":4},"end":{"line":79,"column":null}},"18":{"start":{"line":78,"column":6},"end":{"line":78,"column":null}},"19":{"start":{"line":82,"column":8},"end":{"line":90,"column":null}},"20":{"start":{"line":83,"column":4},"end":{"line":83,"column":null}},"21":{"start":{"line":83,"column":16},"end":{"line":83,"column":null}},"22":{"start":{"line":84,"column":4},"end":{"line":89,"column":null}},"23":{"start":{"line":86,"column":8},"end":{"line":88,"column":null}},"24":{"start":{"line":92,"column":2},"end":{"line":92,"column":null}},"25":{"start":{"line":92,"column":13},"end":{"line":92,"column":null}},"26":{"start":{"line":94,"column":2},"end":{"line":222,"column":null}},"27":{"start":{"line":104,"column":10},"end":{"line":106,"column":null}},"28":{"start":{"line":105,"column":12},"end":{"line":105,"column":null}},"29":{"start":{"line":127,"column":27},"end":{"line":127,"column":null}},"30":{"start":{"line":157,"column":18},"end":{"line":172,"column":null}},"31":{"start":{"line":160,"column":22},"end":{"line":160,"column":null}},"32":{"start":{"line":161,"column":22},"end":{"line":161,"column":null}},"33":{"start":{"line":190,"column":18},"end":{"line":207,"column":null}},"34":{"start":{"line":193,"column":22},"end":{"line":193,"column":null}},"35":{"start":{"line":194,"column":22},"end":{"line":194,"column":null}}},"fnMap":{"0":{"name":"(anonymous_0)","decl":{"start":{"line":50,"column":23},"end":{"line":50,"column":24}},"loc":{"start":{"line":50,"column":88},"end":{"line":224,"column":null}},"line":50},"1":{"name":"(anonymous_1)","decl":{"start":{"line":55,"column":12},"end":{"line":55,"column":18}},"loc":{"start":{"line":55,"column":18},"end":{"line":59,"column":5}},"line":55},"2":{"name":"(anonymous_2)","decl":{"start":{"line":63,"column":12},"end":{"line":63,"column":18}},"loc":{"start":{"line":63,"column":18},"end":{"line":73,"column":5}},"line":63},"3":{"name":"(anonymous_3)","decl":{"start":{"line":64,"column":26},"end":{"line":64,"column":27}},"loc":{"start":{"line":64,"column":33},"end":{"line":70,"column":null}},"line":64},"4":{"name":"(anonymous_4)","decl":{"start":{"line":72,"column":11},"end":{"line":72,"column":17}},"loc":{"start":{"line":72,"column":17},"end":{"line":72,"column":null}},"line":72},"5":{"name":"(anonymous_5)","decl":{"start":{"line":75,"column":31},"end":{"line":75,"column":37}},"loc":{"start":{"line":75,"column":37},"end":{"line":80,"column":5}},"line":75},"6":{"name":"(anonymous_6)","decl":{"start":{"line":77,"column":35},"end":{"line":77,"column":36}},"loc":{"start":{"line":78,"column":6},"end":{"line":78,"column":null}},"line":78},"7":{"name":"(anonymous_7)","decl":{"start":{"line":82,"column":34},"end":{"line":82,"column":40}},"loc":{"start":{"line":82,"column":40},"end":{"line":90,"column":5}},"line":82},"8":{"name":"(anonymous_8)","decl":{"start":{"line":85,"column":6},"end":{"line":85,"column":7}},"loc":{"start":{"line":86,"column":8},"end":{"line":88,"column":null}},"line":86},"9":{"name":"(anonymous_9)","decl":{"start":{"line":103,"column":17},"end":{"line":103,"column":18}},"loc":{"start":{"line":103,"column":24},"end":{"line":107,"column":null}},"line":103},"10":{"name":"(anonymous_10)","decl":{"start":{"line":127,"column":20},"end":{"line":127,"column":21}},"loc":{"start":{"line":127,"column":27},"end":{"line":127,"column":null}},"line":127},"11":{"name":"(anonymous_11)","decl":{"start":{"line":156,"column":34},"end":{"line":156,"column":35}},"loc":{"start":{"line":157,"column":18},"end":{"line":172,"column":null}},"line":157},"12":{"name":"(anonymous_12)","decl":{"start":{"line":159,"column":29},"end":{"line":159,"column":35}},"loc":{"start":{"line":159,"column":35},"end":{"line":162,"column":null}},"line":159},"13":{"name":"(anonymous_13)","decl":{"start":{"line":189,"column":37},"end":{"line":189,"column":38}},"loc":{"start":{"line":190,"column":18},"end":{"line":207,"column":null}},"line":190},"14":{"name":"(anonymous_14)","decl":{"start":{"line":192,"column":29},"end":{"line":192,"column":35}},"loc":{"start":{"line":192,"column":35},"end":{"line":195,"column":null}},"line":192}},"branchMap":{"0":{"loc":{"start":{"line":50,"column":41},"end":{"line":50,"column":55}},"type":"default-arg","locations":[{"start":{"line":50,"column":51},"end":{"line":50,"column":55}}],"line":50},"1":{"loc":{"start":{"line":56,"column":4},"end":{"line":58,"column":null}},"type":"if","locations":[{"start":{"line":56,"column":4},"end":{"line":58,"column":null}},{"start":{},"end":{}}],"line":56},"2":{"loc":{"start":{"line":65,"column":6},"end":{"line":69,"column":null}},"type":"if","locations":[{"start":{"line":65,"column":6},"end":{"line":69,"column":null}},{"start":{},"end":{}}],"line":65},"3":{"loc":{"start":{"line":65,"column":6},"end":{"line":65,"column":53}},"type":"binary-expr","locations":[{"start":{"line":65,"column":11},"end":{"line":65,"column":24}},{"start":{"line":65,"column":24},"end":{"line":65,"column":38}},{"start":{"line":65,"column":38},"end":{"line":65,"column":53}}],"line":65},"4":{"loc":{"start":{"line":76,"column":4},"end":{"line":76,"column":null}},"type":"if","locations":[{"start":{"line":76,"column":4},"end":{"line":76,"column":null}},{"start":{},"end":{}}],"line":76},"5":{"loc":{"start":{"line":83,"column":4},"end":{"line":83,"column":null}},"type":"if","locations":[{"start":{"line":83,"column":4},"end":{"line":83,"column":null}},{"start":{},"end":{}}],"line":83},"6":{"loc":{"start":{"line":86,"column":8},"end":{"line":88,"column":null}},"type":"binary-expr","locations":[{"start":{"line":86,"column":8},"end":{"line":86,"column":null}},{"start":{"line":87,"column":8},"end":{"line":87,"column":null}},{"start":{"line":88,"column":8},"end":{"line":88,"column":null}}],"line":86},"7":{"loc":{"start":{"line":92,"column":2},"end":{"line":92,"column":null}},"type":"if","locations":[{"start":{"line":92,"column":2},"end":{"line":92,"column":null}},{"start":{},"end":{}}],"line":92},"8":{"loc":{"start":{"line":104,"column":10},"end":{"line":106,"column":null}},"type":"if","locations":[{"start":{"line":104,"column":10},"end":{"line":106,"column":null}},{"start":{},"end":{}}],"line":104},"9":{"loc":{"start":{"line":112,"column":19},"end":{"line":114,"column":null}},"type":"cond-expr","locations":[{"start":{"line":113,"column":14},"end":{"line":113,"column":null}},{"start":{"line":114,"column":14},"end":{"line":114,"column":null}}],"line":112},"10":{"loc":{"start":{"line":146,"column":11},"end":{"line":175,"column":null}},"type":"binary-expr","locations":[{"start":{"line":146,"column":11},"end":{"line":146,"column":null}},{"start":{"line":147,"column":12},"end":{"line":175,"column":null}}],"line":146},"11":{"loc":{"start":{"line":179,"column":11},"end":{"line":210,"column":null}},"type":"binary-expr","locations":[{"start":{"line":179,"column":11},"end":{"line":179,"column":null}},{"start":{"line":180,"column":12},"end":{"line":210,"column":null}}],"line":179},"12":{"loc":{"start":{"line":213,"column":11},"end":{"line":218,"column":null}},"type":"binary-expr","locations":[{"start":{"line":213,"column":11},"end":{"line":213,"column":40}},{"start":{"line":213,"column":40},"end":{"line":213,"column":null}},{"start":{"line":214,"column":12},"end":{"line":218,"column":null}}],"line":213}},"s":{"0":4,"1":4,"2":30,"3":30,"4":30,"5":19,"6":6,"7":30,"8":18,"9":1,"10":1,"11":18,"12":18,"13":18,"14":30,"15":22,"16":18,"17":4,"18":60,"19":30,"20":22,"21":18,"22":4,"23":8,"24":30,"25":17,"26":13,"27":3,"28":1,"29":4,"30":94,"31":1,"32":1,"33":3,"34":1,"35":1},"f":{"0":30,"1":19,"2":18,"3":1,"4":18,"5":22,"6":60,"7":22,"8":8,"9":3,"10":4,"11":94,"12":1,"13":3,"14":1},"b":{"0":[30],"1":[6,13],"2":[1,0],"3":[1,0,1],"4":[18,4],"5":[18,4],"6":[8,6,6],"7":[17,13],"8":[1,2],"9":[13,0],"10":[30,10],"11":[30,3],"12":[30,3,0]},"meta":{"lastBranch":13,"lastFunction":15,"lastStatement":36,"seen":{"s:32:25:48:Infinity":0,"s:50:23:224:Infinity":1,"f:50:23:50:24":0,"b:50:51:50:55":0,"s:51:8:51:Infinity":2,"s:52:24:52:Infinity":3,"s:55:2:59:Infinity":4,"f:55:12:55:18":1,"b:56:4:58:Infinity:undefined:undefined:undefined:undefined":1,"s:56:4:58:Infinity":5,"s:57:6:57:Infinity":6,"s:63:2:73:Infinity":7,"f:63:12:63:18":2,"s:64:26:70:Infinity":8,"f:64:26:64:27":3,"b:65:6:69:Infinity:undefined:undefined:undefined:undefined":2,"s:65:6:69:Infinity":9,"b:65:11:65:24:65:24:65:38:65:38:65:53":3,"s:66:8:66:Infinity":10,"s:71:4:71:Infinity":11,"s:72:4:72:Infinity":12,"f:72:11:72:17":4,"s:72:17:72:Infinity":13,"s:75:8:80:Infinity":14,"f:75:31:75:37":5,"b:76:4:76:Infinity:undefined:undefined:undefined:undefined":4,"s:76:4:76:Infinity":15,"s:76:16:76:Infinity":16,"s:77:4:79:Infinity":17,"f:77:35:77:36":6,"s:78:6:78:Infinity":18,"s:82:8:90:Infinity":19,"f:82:34:82:40":7,"b:83:4:83:Infinity:undefined:undefined:undefined:undefined":5,"s:83:4:83:Infinity":20,"s:83:16:83:Infinity":21,"s:84:4:89:Infinity":22,"f:85:6:85:7":8,"s:86:8:88:Infinity":23,"b:86:8:86:Infinity:87:8:87:Infinity:88:8:88:Infinity":6,"b:92:2:92:Infinity:undefined:undefined:undefined:undefined":7,"s:92:2:92:Infinity":24,"s:92:13:92:Infinity":25,"s:94:2:222:Infinity":26,"f:103:17:103:18":9,"b:104:10:106:Infinity:undefined:undefined:undefined:undefined":8,"s:104:10:106:Infinity":27,"s:105:12:105:Infinity":28,"b:113:14:113:Infinity:114:14:114:Infinity":9,"f:127:20:127:21":10,"s:127:27:127:Infinity":29,"b:146:11:146:Infinity:147:12:175:Infinity":10,"f:156:34:156:35":11,"s:157:18:172:Infinity":30,"f:159:29:159:35":12,"s:160:22:160:Infinity":31,"s:161:22:161:Infinity":32,"b:179:11:179:Infinity:180:12:210:Infinity":11,"f:189:37:189:38":13,"s:190:18:207:Infinity":33,"f:192:29:192:35":14,"s:193:22:193:Infinity":34,"s:194:22:194:Infinity":35,"b:213:11:213:40:213:40:213:Infinity:214:12:218:Infinity":12}}}
,"/home/admin/Projects/ricgcw/src/components/ConfirmationDialog.jsx": {"path":"/home/admin/Projects/ricgcw/src/components/ConfirmationDialog.jsx","statementMap":{"0":{"start":{"line":15,"column":27},"end":{"line":77,"column":null}},"1":{"start":{"line":16,"column":8},"end":{"line":16,"column":null}},"2":{"start":{"line":18,"column":16},"end":{"line":18,"column":null}},"3":{"start":{"line":20,"column":2},"end":{"line":75,"column":null}},"4":{"start":{"line":66,"column":14},"end":{"line":66,"column":null}},"5":{"start":{"line":67,"column":14},"end":{"line":67,"column":null}}},"fnMap":{"0":{"name":"(anonymous_0)","decl":{"start":{"line":15,"column":27},"end":{"line":15,"column":28}},"loc":{"start":{"line":15,"column":145},"end":{"line":77,"column":null}},"line":15},"1":{"name":"(anonymous_1)","decl":{"start":{"line":65,"column":21},"end":{"line":65,"column":27}},"loc":{"start":{"line":65,"column":27},"end":{"line":68,"column":null}},"line":65}},"branchMap":{"0":{"loc":{"start":{"line":15,"column":72},"end":{"line":15,"column":97}},"type":"default-arg","locations":[{"start":{"line":15,"column":86},"end":{"line":15,"column":97}}],"line":15},"1":{"loc":{"start":{"line":15,"column":97},"end":{"line":15,"column":120}},"type":"default-arg","locations":[{"start":{"line":15,"column":110},"end":{"line":15,"column":120}}],"line":15},"2":{"loc":{"start":{"line":15,"column":120},"end":{"line":15,"column":139}},"type":"default-arg","locations":[{"start":{"line":15,"column":131},"end":{"line":15,"column":139}}],"line":15},"3":{"loc":{"start":{"line":18,"column":16},"end":{"line":18,"column":null}},"type":"cond-expr","locations":[{"start":{"line":18,"column":39},"end":{"line":18,"column":66}},{"start":{"line":18,"column":66},"end":{"line":18,"column":null}}],"line":18},"4":{"loc":{"start":{"line":64,"column":19},"end":{"line":64,"column":null}},"type":"cond-expr","locations":[{"start":{"line":64,"column":42},"end":{"line":64,"column":52}},{"start":{"line":64,"column":52},"end":{"line":64,"column":null}}],"line":64},"5":{"loc":{"start":{"line":69,"column":65},"end":{"line":69,"column":114}},"type":"cond-expr","locations":[{"start":{"line":69,"column":88},"end":{"line":69,"column":107}},{"start":{"line":69,"column":107},"end":{"line":69,"column":114}}],"line":69}},"s":{"0":1,"1":1,"2":1,"3":1,"4":0,"5":0},"f":{"0":1,"1":0},"b":{"0":[1],"1":[1],"2":[1],"3":[1,0],"4":[1,0],"5":[1,0]},"meta":{"lastBranch":6,"lastFunction":2,"lastStatement":6,"seen":{"s:15:27:77:Infinity":0,"f:15:27:15:28":0,"b:15:86:15:97":0,"b:15:110:15:120":1,"b:15:131:15:139":2,"s:16:8:16:Infinity":1,"s:18:16:18:Infinity":2,"b:18:39:18:66:18:66:18:Infinity":3,"s:20:2:75:Infinity":3,"b:64:42:64:52:64:52:64:Infinity":4,"f:65:21:65:27":1,"s:66:14:66:Infinity":4,"s:67:14:67:Infinity":5,"b:69:88:69:107:69:107:69:114":5}}}
,"/home/admin/Projects/ricgcw/src/components/DigitalGivingDialog.jsx": {"path":"/home/admin/Projects/ricgcw/src/components/DigitalGivingDialog.jsx","statementMap":{"0":{"start":{"line":24,"column":28},"end":{"line":159,"column":null}},"1":{"start":{"line":25,"column":8},"end":{"line":25,"column":null}},"2":{"start":{"line":26,"column":27},"end":{"line":26,"column":null}},"3":{"start":{"line":27,"column":26},"end":{"line":27,"column":null}},"4":{"start":{"line":28,"column":22},"end":{"line":28,"column":null}},"5":{"start":{"line":29,"column":28},"end":{"line":29,"column":null}},"6":{"start":{"line":31,"column":17},"end":{"line":42,"column":null}},"7":{"start":{"line":44,"column":8},"end":{"line":44,"column":null}},"8":{"start":{"line":46,"column":20},"end":{"line":72,"column":null}},"9":{"start":{"line":47,"column":4},"end":{"line":47,"column":null}},"10":{"start":{"line":48,"column":4},"end":{"line":71,"column":null}},"11":{"start":{"line":49,"column":24},"end":{"line":60,"column":null}},"12":{"start":{"line":62,"column":8},"end":{"line":62,"column":null}},"13":{"start":{"line":63,"column":8},"end":{"line":63,"column":null}},"14":{"start":{"line":64,"column":8},"end":{"line":64,"column":null}},"15":{"start":{"line":65,"column":8},"end":{"line":65,"column":null}},"16":{"start":{"line":67,"column":8},"end":{"line":67,"column":null}},"17":{"start":{"line":68,"column":8},"end":{"line":68,"column":null}},"18":{"start":{"line":70,"column":8},"end":{"line":70,"column":null}},"19":{"start":{"line":74,"column":21},"end":{"line":76,"column":null}},"20":{"start":{"line":75,"column":4},"end":{"line":75,"column":null}},"21":{"start":{"line":78,"column":20},"end":{"line":88,"column":null}},"22":{"start":{"line":79,"column":4},"end":{"line":82,"column":null}},"23":{"start":{"line":80,"column":8},"end":{"line":80,"column":null}},"24":{"start":{"line":81,"column":8},"end":{"line":81,"column":null}},"25":{"start":{"line":83,"column":4},"end":{"line":86,"column":null}},"26":{"start":{"line":84,"column":8},"end":{"line":84,"column":null}},"27":{"start":{"line":85,"column":8},"end":{"line":85,"column":null}},"28":{"start":{"line":87,"column":4},"end":{"line":87,"column":null}},"29":{"start":{"line":90,"column":2},"end":{"line":157,"column":null}},"30":{"start":{"line":112,"column":37},"end":{"line":112,"column":null}},"31":{"start":{"line":127,"column":37},"end":{"line":127,"column":null}}},"fnMap":{"0":{"name":"(anonymous_0)","decl":{"start":{"line":24,"column":28},"end":{"line":24,"column":29}},"loc":{"start":{"line":24,"column":72},"end":{"line":159,"column":null}},"line":24},"1":{"name":"(anonymous_1)","decl":{"start":{"line":46,"column":20},"end":{"line":46,"column":27}},"loc":{"start":{"line":46,"column":41},"end":{"line":72,"column":null}},"line":46},"2":{"name":"(anonymous_2)","decl":{"start":{"line":74,"column":21},"end":{"line":74,"column":27}},"loc":{"start":{"line":74,"column":27},"end":{"line":76,"column":null}},"line":74},"3":{"name":"(anonymous_3)","decl":{"start":{"line":78,"column":20},"end":{"line":78,"column":26}},"loc":{"start":{"line":78,"column":26},"end":{"line":88,"column":null}},"line":78},"4":{"name":"(anonymous_4)","decl":{"start":{"line":112,"column":30},"end":{"line":112,"column":31}},"loc":{"start":{"line":112,"column":37},"end":{"line":112,"column":null}},"line":112},"5":{"name":"(anonymous_5)","decl":{"start":{"line":127,"column":30},"end":{"line":127,"column":31}},"loc":{"start":{"line":127,"column":37},"end":{"line":127,"column":null}},"line":127}},"branchMap":{"0":{"loc":{"start":{"line":38,"column":20},"end":{"line":38,"column":null}},"type":"binary-expr","locations":[{"start":{"line":38,"column":20},"end":{"line":38,"column":43}},{"start":{"line":38,"column":43},"end":{"line":38,"column":null}}],"line":38},"1":{"loc":{"start":{"line":53,"column":22},"end":{"line":53,"column":null}},"type":"binary-expr","locations":[{"start":{"line":53,"column":22},"end":{"line":53,"column":47}},{"start":{"line":53,"column":47},"end":{"line":53,"column":63}},{"start":{"line":53,"column":63},"end":{"line":53,"column":null}}],"line":53},"2":{"loc":{"start":{"line":56,"column":24},"end":{"line":56,"column":null}},"type":"binary-expr","locations":[{"start":{"line":56,"column":24},"end":{"line":56,"column":47}},{"start":{"line":56,"column":47},"end":{"line":56,"column":null}}],"line":56},"3":{"loc":{"start":{"line":79,"column":4},"end":{"line":82,"column":null}},"type":"if","locations":[{"start":{"line":79,"column":4},"end":{"line":82,"column":null}},{"start":{},"end":{}}],"line":79},"4":{"loc":{"start":{"line":79,"column":8},"end":{"line":79,"column":40}},"type":"binary-expr","locations":[{"start":{"line":79,"column":8},"end":{"line":79,"column":19}},{"start":{"line":79,"column":19},"end":{"line":79,"column":40}}],"line":79},"5":{"loc":{"start":{"line":83,"column":4},"end":{"line":86,"column":null}},"type":"if","locations":[{"start":{"line":83,"column":4},"end":{"line":86,"column":null}},{"start":{},"end":{}}],"line":83},"6":{"loc":{"start":{"line":83,"column":8},"end":{"line":83,"column":75}},"type":"binary-expr","locations":[{"start":{"line":83,"column":8},"end":{"line":83,"column":29}},{"start":{"line":83,"column":29},"end":{"line":83,"column":75}}],"line":83},"7":{"loc":{"start":{"line":151,"column":27},"end":{"line":151,"column":null}},"type":"cond-expr","locations":[{"start":{"line":151,"column":37},"end":{"line":151,"column":86}},{"start":{"line":151,"column":86},"end":{"line":151,"column":null}}],"line":151},"8":{"loc":{"start":{"line":154,"column":17},"end":{"line":154,"column":null}},"type":"cond-expr","locations":[{"start":{"line":154,"column":27},"end":{"line":154,"column":45}},{"start":{"line":154,"column":45},"end":{"line":154,"column":null}}],"line":154}},"s":{"0":1,"1":2,"2":2,"3":2,"4":2,"5":2,"6":2,"7":2,"8":2,"9":0,"10":0,"11":0,"12":0,"13":0,"14":0,"15":0,"16":0,"17":0,"18":0,"19":2,"20":0,"21":2,"22":0,"23":0,"24":0,"25":0,"26":0,"27":0,"28":0,"29":2,"30":0,"31":0},"f":{"0":2,"1":0,"2":0,"3":0,"4":0,"5":0},"b":{"0":[2,1],"1":[0,0,0],"2":[0,0],"3":[0,0],"4":[0,0],"5":[0,0],"6":[0,0],"7":[0,2],"8":[0,2]},"meta":{"lastBranch":9,"lastFunction":6,"lastStatement":32,"seen":{"s:24:28:159:Infinity":0,"f:24:28:24:29":0,"s:25:8:25:Infinity":1,"s:26:27:26:Infinity":2,"s:27:26:27:Infinity":3,"s:28:22:28:Infinity":4,"s:29:28:29:Infinity":5,"s:31:17:42:Infinity":6,"b:38:20:38:43:38:43:38:Infinity":0,"s:44:8:44:Infinity":7,"s:46:20:72:Infinity":8,"f:46:20:46:27":1,"s:47:4:47:Infinity":9,"s:48:4:71:Infinity":10,"s:49:24:60:Infinity":11,"b:53:22:53:47:53:47:53:63:53:63:53:Infinity":1,"b:56:24:56:47:56:47:56:Infinity":2,"s:62:8:62:Infinity":12,"s:63:8:63:Infinity":13,"s:64:8:64:Infinity":14,"s:65:8:65:Infinity":15,"s:67:8:67:Infinity":16,"s:68:8:68:Infinity":17,"s:70:8:70:Infinity":18,"s:74:21:76:Infinity":19,"f:74:21:74:27":2,"s:75:4:75:Infinity":20,"s:78:20:88:Infinity":21,"f:78:20:78:26":3,"b:79:4:82:Infinity:undefined:undefined:undefined:undefined":3,"s:79:4:82:Infinity":22,"b:79:8:79:19:79:19:79:40":4,"s:80:8:80:Infinity":23,"s:81:8:81:Infinity":24,"b:83:4:86:Infinity:undefined:undefined:undefined:undefined":5,"s:83:4:86:Infinity":25,"b:83:8:83:29:83:29:83:75":6,"s:84:8:84:Infinity":26,"s:85:8:85:Infinity":27,"s:87:4:87:Infinity":28,"s:90:2:157:Infinity":29,"f:112:30:112:31":4,"s:112:37:112:Infinity":30,"f:127:30:127:31":5,"s:127:37:127:Infinity":31,"b:151:37:151:86:151:86:151:Infinity":7,"b:154:27:154:45:154:45:154:Infinity":8}}}
,"/home/admin/Projects/ricgcw/src/components/Layout.jsx": {"path":"/home/admin/Projects/ricgcw/src/components/Layout.jsx","statementMap":{"0":{"start":{"line":51,"column":20},"end":{"line":51,"column":null}},"1":{"start":{"line":53,"column":6},"end":{"line":69,"column":null}},"2":{"start":{"line":53,"column":59},"end":{"line":53,"column":75}},"3":{"start":{"line":54,"column":24},"end":{"line":68,"column":null}},"4":{"start":{"line":71,"column":18},"end":{"line":87,"column":null}},"5":{"start":{"line":89,"column":23},"end":{"line":151,"column":null}},"6":{"start":{"line":90,"column":4},"end":{"line":151,"column":null}},"7":{"start":{"line":112,"column":27},"end":{"line":112,"column":null}},"8":{"start":{"line":113,"column":10},"end":{"line":147,"column":null}},"9":{"start":{"line":119,"column":18},"end":{"line":119,"column":null}},"10":{"start":{"line":120,"column":18},"end":{"line":120,"column":null}},"11":{"start":{"line":154,"column":18},"end":{"line":371,"column":null}},"12":{"start":{"line":155,"column":8},"end":{"line":155,"column":null}},"13":{"start":{"line":156,"column":8},"end":{"line":156,"column":null}},"14":{"start":{"line":157,"column":32},"end":{"line":157,"column":null}},"15":{"start":{"line":158,"column":23},"end":{"line":158,"column":null}},"16":{"start":{"line":159,"column":8},"end":{"line":159,"column":null}},"17":{"start":{"line":160,"column":8},"end":{"line":160,"column":null}},"18":{"start":{"line":161,"column":49},"end":{"line":161,"column":null}},"19":{"start":{"line":163,"column":22},"end":{"line":163,"column":null}},"20":{"start":{"line":165,"column":27},"end":{"line":172,"column":null}},"21":{"start":{"line":166,"column":4},"end":{"line":166,"column":null}},"22":{"start":{"line":166,"column":34},"end":{"line":166,"column":null}},"23":{"start":{"line":167,"column":4},"end":{"line":169,"column":null}},"24":{"start":{"line":168,"column":6},"end":{"line":168,"column":null}},"25":{"start":{"line":170,"column":31},"end":{"line":170,"column":null}},"26":{"start":{"line":171,"column":4},"end":{"line":171,"column":null}},"27":{"start":{"line":174,"column":22},"end":{"line":174,"column":null}},"28":{"start":{"line":175,"column":30},"end":{"line":175,"column":null}},"29":{"start":{"line":176,"column":30},"end":{"line":176,"column":null}},"30":{"start":{"line":178,"column":21},"end":{"line":178,"column":null}},"31":{"start":{"line":178,"column":32},"end":{"line":178,"column":null}},"32":{"start":{"line":179,"column":22},"end":{"line":179,"column":null}},"33":{"start":{"line":179,"column":28},"end":{"line":179,"column":null}},"34":{"start":{"line":181,"column":23},"end":{"line":185,"column":null}},"35":{"start":{"line":182,"column":4},"end":{"line":182,"column":null}},"36":{"start":{"line":183,"column":4},"end":{"line":183,"column":null}},"37":{"start":{"line":184,"column":4},"end":{"line":184,"column":null}},"38":{"start":{"line":187,"column":2},"end":{"line":193,"column":null}},"39":{"start":{"line":188,"column":4},"end":{"line":192,"column":null}},"40":{"start":{"line":189,"column":6},"end":{"line":189,"column":null}},"41":{"start":{"line":191,"column":6},"end":{"line":191,"column":null}},"42":{"start":{"line":195,"column":8},"end":{"line":209,"column":null}},"43":{"start":{"line":195,"column":47},"end":{"line":209,"column":5}},"44":{"start":{"line":211,"column":42},"end":{"line":211,"column":null}},"45":{"start":{"line":212,"column":2},"end":{"line":220,"column":null}},"46":{"start":{"line":213,"column":24},"end":{"line":213,"column":null}},"47":{"start":{"line":214,"column":20},"end":{"line":214,"column":null}},"48":{"start":{"line":214,"column":56},"end":{"line":214,"column":81}},"49":{"start":{"line":215,"column":4},"end":{"line":219,"column":null}},"50":{"start":{"line":216,"column":8},"end":{"line":216,"column":null}},"51":{"start":{"line":217,"column":4},"end":{"line":219,"column":null}},"52":{"start":{"line":218,"column":8},"end":{"line":218,"column":null}},"53":{"start":{"line":222,"column":2},"end":{"line":229,"column":null}},"54":{"start":{"line":223,"column":4},"end":{"line":227,"column":null}},"55":{"start":{"line":231,"column":2},"end":{"line":369,"column":null}},"56":{"start":{"line":311,"column":20},"end":{"line":316,"column":null}},"57":{"start":{"line":312,"column":24},"end":{"line":312,"column":null}},"58":{"start":{"line":314,"column":24},"end":{"line":314,"column":null}},"59":{"start":{"line":315,"column":24},"end":{"line":315,"column":null}},"60":{"start":{"line":345,"column":20},"end":{"line":350,"column":null}},"61":{"start":{"line":356,"column":27},"end":{"line":356,"column":null}}},"fnMap":{"0":{"name":"(anonymous_0)","decl":{"start":{"line":53,"column":49},"end":{"line":53,"column":50}},"loc":{"start":{"line":53,"column":59},"end":{"line":53,"column":75}},"line":53},"1":{"name":"(anonymous_1)","decl":{"start":{"line":54,"column":2},"end":{"line":54,"column":3}},"loc":{"start":{"line":54,"column":24},"end":{"line":68,"column":null}},"line":54},"2":{"name":"(anonymous_2)","decl":{"start":{"line":89,"column":23},"end":{"line":89,"column":24}},"loc":{"start":{"line":90,"column":4},"end":{"line":151,"column":null}},"line":90},"3":{"name":"(anonymous_3)","decl":{"start":{"line":111,"column":30},"end":{"line":111,"column":31}},"loc":{"start":{"line":111,"column":40},"end":{"line":149,"column":9}},"line":111},"4":{"name":"(anonymous_4)","decl":{"start":{"line":118,"column":25},"end":{"line":118,"column":31}},"loc":{"start":{"line":118,"column":31},"end":{"line":121,"column":null}},"line":118},"5":{"name":"(anonymous_5)","decl":{"start":{"line":154,"column":18},"end":{"line":154,"column":19}},"loc":{"start":{"line":154,"column":36},"end":{"line":371,"column":null}},"line":154},"6":{"name":"(anonymous_6)","decl":{"start":{"line":165,"column":44},"end":{"line":165,"column":52}},"loc":{"start":{"line":165,"column":52},"end":{"line":172,"column":3}},"line":165},"7":{"name":"(anonymous_7)","decl":{"start":{"line":178,"column":21},"end":{"line":178,"column":22}},"loc":{"start":{"line":178,"column":32},"end":{"line":178,"column":null}},"line":178},"8":{"name":"(anonymous_8)","decl":{"start":{"line":179,"column":22},"end":{"line":179,"column":28}},"loc":{"start":{"line":179,"column":28},"end":{"line":179,"column":null}},"line":179},"9":{"name":"(anonymous_9)","decl":{"start":{"line":181,"column":23},"end":{"line":181,"column":29}},"loc":{"start":{"line":181,"column":29},"end":{"line":185,"column":null}},"line":181},"10":{"name":"(anonymous_10)","decl":{"start":{"line":187,"column":12},"end":{"line":187,"column":18}},"loc":{"start":{"line":187,"column":18},"end":{"line":193,"column":5}},"line":187},"11":{"name":"(anonymous_11)","decl":{"start":{"line":195,"column":41},"end":{"line":195,"column":47}},"loc":{"start":{"line":195,"column":47},"end":{"line":209,"column":5}},"line":195},"12":{"name":"(anonymous_12)","decl":{"start":{"line":212,"column":12},"end":{"line":212,"column":18}},"loc":{"start":{"line":212,"column":18},"end":{"line":220,"column":5}},"line":212},"13":{"name":"(anonymous_13)","decl":{"start":{"line":214,"column":48},"end":{"line":214,"column":56}},"loc":{"start":{"line":214,"column":56},"end":{"line":214,"column":81}},"line":214},"14":{"name":"(anonymous_14)","decl":{"start":{"line":310,"column":26},"end":{"line":310,"column":27}},"loc":{"start":{"line":310,"column":47},"end":{"line":317,"column":null}},"line":310},"15":{"name":"(anonymous_15)","decl":{"start":{"line":344,"column":44},"end":{"line":344,"column":45}},"loc":{"start":{"line":345,"column":20},"end":{"line":350,"column":null}},"line":345},"16":{"name":"(anonymous_16)","decl":{"start":{"line":356,"column":21},"end":{"line":356,"column":27}},"loc":{"start":{"line":356,"column":27},"end":{"line":356,"column":null}},"line":356}},"branchMap":{"0":{"loc":{"start":{"line":65,"column":18},"end":{"line":65,"column":null}},"type":"cond-expr","locations":[{"start":{"line":65,"column":25},"end":{"line":65,"column":29}},{"start":{"line":65,"column":29},"end":{"line":65,"column":null}}],"line":65},"1":{"loc":{"start":{"line":66,"column":28},"end":{"line":66,"column":50}},"type":"cond-expr","locations":[{"start":{"line":66,"column":35},"end":{"line":66,"column":49}},{"start":{"line":66,"column":49},"end":{"line":66,"column":50}}],"line":66},"2":{"loc":{"start":{"line":129,"column":27},"end":{"line":129,"column":null}},"type":"cond-expr","locations":[{"start":{"line":129,"column":27},"end":{"line":129,"column":79}},{"start":{"line":129,"column":79},"end":{"line":129,"column":null}}],"line":129},"3":{"loc":{"start":{"line":130,"column":25},"end":{"line":130,"column":null}},"type":"cond-expr","locations":[{"start":{"line":130,"column":36},"end":{"line":130,"column":65}},{"start":{"line":130,"column":65},"end":{"line":130,"column":null}}],"line":130},"4":{"loc":{"start":{"line":136,"column":29},"end":{"line":136,"column":null}},"type":"cond-expr","locations":[{"start":{"line":136,"column":40},"end":{"line":136,"column":69}},{"start":{"line":136,"column":62},"end":{"line":136,"column":null}}],"line":136},"5":{"loc":{"start":{"line":137,"column":27},"end":{"line":137,"column":null}},"type":"cond-expr","locations":[{"start":{"line":137,"column":38},"end":{"line":137,"column":47}},{"start":{"line":137,"column":47},"end":{"line":137,"column":null}}],"line":137},"6":{"loc":{"start":{"line":166,"column":4},"end":{"line":166,"column":null}},"type":"if","locations":[{"start":{"line":166,"column":4},"end":{"line":166,"column":null}},{"start":{},"end":{}}],"line":166},"7":{"loc":{"start":{"line":167,"column":4},"end":{"line":169,"column":null}},"type":"if","locations":[{"start":{"line":167,"column":4},"end":{"line":169,"column":null}},{"start":{},"end":{}}],"line":167},"8":{"loc":{"start":{"line":167,"column":8},"end":{"line":167,"column":61}},"type":"binary-expr","locations":[{"start":{"line":167,"column":8},"end":{"line":167,"column":32}},{"start":{"line":167,"column":32},"end":{"line":167,"column":61}}],"line":167},"9":{"loc":{"start":{"line":188,"column":4},"end":{"line":192,"column":null}},"type":"if","locations":[{"start":{"line":188,"column":4},"end":{"line":192,"column":null}},{"start":{"line":190,"column":11},"end":{"line":192,"column":null}}],"line":188},"10":{"loc":{"start":{"line":197,"column":8},"end":{"line":205,"column":null}},"type":"cond-expr","locations":[{"start":{"line":198,"column":8},"end":{"line":201,"column":null}},{"start":{"line":202,"column":8},"end":{"line":205,"column":null}}],"line":197},"11":{"loc":{"start":{"line":197,"column":8},"end":{"line":197,"column":null}},"type":"binary-expr","locations":[{"start":{"line":197,"column":8},"end":{"line":197,"column":32}},{"start":{"line":197,"column":32},"end":{"line":197,"column":63}},{"start":{"line":197,"column":63},"end":{"line":197,"column":null}}],"line":197},"12":{"loc":{"start":{"line":215,"column":4},"end":{"line":219,"column":null}},"type":"if","locations":[{"start":{"line":215,"column":4},"end":{"line":219,"column":null}},{"start":{"line":217,"column":4},"end":{"line":219,"column":null}}],"line":215},"13":{"loc":{"start":{"line":215,"column":8},"end":{"line":215,"column":48}},"type":"binary-expr","locations":[{"start":{"line":215,"column":8},"end":{"line":215,"column":19}},{"start":{"line":215,"column":19},"end":{"line":215,"column":48}}],"line":215},"14":{"loc":{"start":{"line":217,"column":4},"end":{"line":219,"column":null}},"type":"if","locations":[{"start":{"line":217,"column":4},"end":{"line":219,"column":null}},{"start":{},"end":{}}],"line":217},"15":{"loc":{"start":{"line":217,"column":15},"end":{"line":217,"column":56}},"type":"binary-expr","locations":[{"start":{"line":217,"column":15},"end":{"line":217,"column":46}},{"start":{"line":217,"column":46},"end":{"line":217,"column":56}}],"line":217},"16":{"loc":{"start":{"line":222,"column":2},"end":{"line":229,"column":null}},"type":"if","locations":[{"start":{"line":222,"column":2},"end":{"line":229,"column":null}},{"start":{},"end":{}}],"line":222},"17":{"loc":{"start":{"line":252,"column":64},"end":{"line":252,"column":100}},"type":"binary-expr","locations":[{"start":{"line":252,"column":64},"end":{"line":252,"column":79}},{"start":{"line":252,"column":79},"end":{"line":252,"column":100}}],"line":252},"18":{"loc":{"start":{"line":257,"column":13},"end":{"line":257,"column":null}},"type":"cond-expr","locations":[{"start":{"line":257,"column":31},"end":{"line":257,"column":46}},{"start":{"line":257,"column":46},"end":{"line":257,"column":null}}],"line":257},"19":{"loc":{"start":{"line":266,"column":7},"end":{"line":289,"column":null}},"type":"binary-expr","locations":[{"start":{"line":266,"column":7},"end":{"line":266,"column":null}},{"start":{"line":267,"column":8},"end":{"line":289,"column":null}}],"line":266},"20":{"loc":{"start":{"line":292,"column":7},"end":{"line":362,"column":null}},"type":"binary-expr","locations":[{"start":{"line":292,"column":7},"end":{"line":292,"column":null}},{"start":{"line":293,"column":10},"end":{"line":362,"column":null}}],"line":292},"21":{"loc":{"start":{"line":311,"column":20},"end":{"line":316,"column":null}},"type":"if","locations":[{"start":{"line":311,"column":20},"end":{"line":316,"column":null}},{"start":{"line":313,"column":27},"end":{"line":316,"column":null}}],"line":311}},"s":{"0":2,"1":2,"2":20,"3":9,"4":2,"5":2,"6":7,"7":98,"8":98,"9":0,"10":0,"11":2,"12":9,"13":9,"14":9,"15":9,"16":9,"17":9,"18":9,"19":9,"20":9,"21":135,"22":0,"23":135,"24":120,"25":15,"26":15,"27":9,"28":9,"29":9,"30":9,"31":0,"32":9,"33":0,"34":9,"35":0,"36":0,"37":0,"38":9,"39":5,"40":3,"41":2,"42":9,"43":5,"44":9,"45":9,"46":5,"47":5,"48":5,"49":5,"50":5,"51":0,"52":0,"53":9,"54":0,"55":9,"56":1,"57":1,"58":0,"59":0,"60":35,"61":0},"f":{"0":20,"1":9,"2":7,"3":98,"4":0,"5":9,"6":135,"7":0,"8":0,"9":0,"10":5,"11":5,"12":5,"13":5,"14":1,"15":35,"16":0},"b":{"0":[5,4],"1":[5,4],"2":[7,91],"3":[7,91],"4":[7,91],"5":[7,91],"6":[0,135],"7":[120,15],"8":[135,15],"9":[3,2],"10":[4,1],"11":[5,1,1],"12":[5,0],"13":[5,5],"14":[0,0],"15":[0,0],"16":[0,9],"17":[9,1],"18":[0,9],"19":[9,2],"20":[9,7],"21":[1,0]},"meta":{"lastBranch":22,"lastFunction":17,"lastStatement":62,"seen":{"s:51:20:51:Infinity":0,"s:53:6:69:Infinity":1,"f:53:49:53:50":0,"s:53:59:53:75":2,"f:54:2:54:3":1,"s:54:24:68:Infinity":3,"b:65:25:65:29:65:29:65:Infinity":0,"b:66:35:66:49:66:49:66:50":1,"s:71:18:87:Infinity":4,"s:89:23:151:Infinity":5,"f:89:23:89:24":2,"s:90:4:151:Infinity":6,"f:111:30:111:31":3,"s:112:27:112:Infinity":7,"s:113:10:147:Infinity":8,"f:118:25:118:31":4,"s:119:18:119:Infinity":9,"s:120:18:120:Infinity":10,"b:129:27:129:79:129:79:129:Infinity":2,"b:130:36:130:65:130:65:130:Infinity":3,"b:136:40:136:69:136:62:136:Infinity":4,"b:137:38:137:47:137:47:137:Infinity":5,"s:154:18:371:Infinity":11,"f:154:18:154:19":5,"s:155:8:155:Infinity":12,"s:156:8:156:Infinity":13,"s:157:32:157:Infinity":14,"s:158:23:158:Infinity":15,"s:159:8:159:Infinity":16,"s:160:8:160:Infinity":17,"s:161:49:161:Infinity":18,"s:163:22:163:Infinity":19,"s:165:27:172:Infinity":20,"f:165:44:165:52":6,"b:166:4:166:Infinity:undefined:undefined:undefined:undefined":6,"s:166:4:166:Infinity":21,"s:166:34:166:Infinity":22,"b:167:4:169:Infinity:undefined:undefined:undefined:undefined":7,"s:167:4:169:Infinity":23,"b:167:8:167:32:167:32:167:61":8,"s:168:6:168:Infinity":24,"s:170:31:170:Infinity":25,"s:171:4:171:Infinity":26,"s:174:22:174:Infinity":27,"s:175:30:175:Infinity":28,"s:176:30:176:Infinity":29,"s:178:21:178:Infinity":30,"f:178:21:178:22":7,"s:178:32:178:Infinity":31,"s:179:22:179:Infinity":32,"f:179:22:179:28":8,"s:179:28:179:Infinity":33,"s:181:23:185:Infinity":34,"f:181:23:181:29":9,"s:182:4:182:Infinity":35,"s:183:4:183:Infinity":36,"s:184:4:184:Infinity":37,"s:187:2:193:Infinity":38,"f:187:12:187:18":10,"b:188:4:192:Infinity:190:11:192:Infinity":9,"s:188:4:192:Infinity":39,"s:189:6:189:Infinity":40,"s:191:6:191:Infinity":41,"s:195:8:209:Infinity":42,"f:195:41:195:47":11,"s:195:47:209:5":43,"b:198:8:201:Infinity:202:8:205:Infinity":10,"b:197:8:197:32:197:32:197:63:197:63:197:Infinity":11,"s:211:42:211:Infinity":44,"s:212:2:220:Infinity":45,"f:212:12:212:18":12,"s:213:24:213:Infinity":46,"s:214:20:214:Infinity":47,"f:214:48:214:56":13,"s:214:56:214:81":48,"b:215:4:219:Infinity:217:4:219:Infinity":12,"s:215:4:219:Infinity":49,"b:215:8:215:19:215:19:215:48":13,"s:216:8:216:Infinity":50,"b:217:4:219:Infinity:undefined:undefined:undefined:undefined":14,"s:217:4:219:Infinity":51,"b:217:15:217:46:217:46:217:56":15,"s:218:8:218:Infinity":52,"b:222:2:229:Infinity:undefined:undefined:undefined:undefined":16,"s:222:2:229:Infinity":53,"s:223:4:227:Infinity":54,"s:231:2:369:Infinity":55,"b:252:64:252:79:252:79:252:100":17,"b:257:31:257:46:257:46:257:Infinity":18,"b:266:7:266:Infinity:267:8:289:Infinity":19,"b:292:7:292:Infinity:293:10:362:Infinity":20,"f:310:26:310:27":14,"b:311:20:316:Infinity:313:27:316:Infinity":21,"s:311:20:316:Infinity":56,"s:312:24:312:Infinity":57,"s:314:24:314:Infinity":58,"s:315:24:315:Infinity":59,"f:344:44:344:45":15,"s:345:20:350:Infinity":60,"f:356:21:356:27":16,"s:356:27:356:Infinity":61}}}
,"/home/admin/Projects/ricgcw/src/components/MemberDetailsDialog.jsx": {"path":"/home/admin/Projects/ricgcw/src/components/MemberDetailsDialog.jsx","statementMap":{"0":{"start":{"line":79,"column":19},"end":{"line":81,"column":null}},"1":{"start":{"line":80,"column":2},"end":{"line":80,"column":null}},"2":{"start":{"line":83,"column":28},"end":{"line":1448,"column":null}},"3":{"start":{"line":84,"column":8},"end":{"line":84,"column":null}},"4":{"start":{"line":85,"column":27},"end":{"line":85,"column":null}},"5":{"start":{"line":86,"column":15},"end":{"line":86,"column":null}},"6":{"start":{"line":87,"column":32},"end":{"line":87,"column":null}},"7":{"start":{"line":88,"column":30},"end":{"line":88,"column":null}},"8":{"start":{"line":89,"column":40},"end":{"line":89,"column":null}},"9":{"start":{"line":90,"column":54},"end":{"line":90,"column":null}},"10":{"start":{"line":91,"column":36},"end":{"line":91,"column":null}},"11":{"start":{"line":92,"column":38},"end":{"line":92,"column":null}},"12":{"start":{"line":93,"column":34},"end":{"line":93,"column":null}},"13":{"start":{"line":95,"column":32},"end":{"line":102,"column":null}},"14":{"start":{"line":96,"column":14},"end":{"line":96,"column":null}},"15":{"start":{"line":97,"column":23},"end":{"line":100,"column":null}},"16":{"start":{"line":101,"column":4},"end":{"line":101,"column":null}},"17":{"start":{"line":104,"column":8},"end":{"line":115,"column":null}},"18":{"start":{"line":105,"column":19},"end":{"line":105,"column":null}},"19":{"start":{"line":106,"column":10},"end":{"line":106,"column":null}},"20":{"start":{"line":107,"column":23},"end":{"line":110,"column":null}},"21":{"start":{"line":111,"column":4},"end":{"line":113,"column":null}},"22":{"start":{"line":111,"column":17},"end":{"line":111,"column":20}},"23":{"start":{"line":112,"column":6},"end":{"line":112,"column":null}},"24":{"start":{"line":114,"column":4},"end":{"line":114,"column":null}},"25":{"start":{"line":117,"column":44},"end":{"line":124,"column":null}},"26":{"start":{"line":126,"column":30},"end":{"line":144,"column":null}},"27":{"start":{"line":146,"column":24},"end":{"line":168,"column":null}},"28":{"start":{"line":147,"column":22},"end":{"line":151,"column":null}},"29":{"start":{"line":152,"column":29},"end":{"line":152,"column":null}},"30":{"start":{"line":154,"column":4},"end":{"line":166,"column":null}},"31":{"start":{"line":170,"column":26},"end":{"line":170,"column":null}},"32":{"start":{"line":172,"column":2},"end":{"line":183,"column":null}},"33":{"start":{"line":173,"column":25},"end":{"line":181,"column":null}},"34":{"start":{"line":174,"column":6},"end":{"line":180,"column":null}},"35":{"start":{"line":175,"column":25},"end":{"line":175,"column":null}},"36":{"start":{"line":176,"column":21},"end":{"line":176,"column":null}},"37":{"start":{"line":176,"column":47},"end":{"line":176,"column":116}},"38":{"start":{"line":177,"column":8},"end":{"line":177,"column":null}},"39":{"start":{"line":179,"column":8},"end":{"line":179,"column":null}},"40":{"start":{"line":182,"column":4},"end":{"line":182,"column":null}},"41":{"start":{"line":182,"column":14},"end":{"line":182,"column":null}},"42":{"start":{"line":185,"column":2},"end":{"line":212,"column":null}},"43":{"start":{"line":186,"column":4},"end":{"line":211,"column":null}},"44":{"start":{"line":187,"column":6},"end":{"line":206,"column":null}},"45":{"start":{"line":207,"column":6},"end":{"line":207,"column":null}},"46":{"start":{"line":208,"column":6},"end":{"line":208,"column":null}},"47":{"start":{"line":209,"column":6},"end":{"line":209,"column":null}},"48":{"start":{"line":210,"column":6},"end":{"line":210,"column":null}},"49":{"start":{"line":214,"column":8},"end":{"line":230,"column":null}},"50":{"start":{"line":215,"column":4},"end":{"line":215,"column":null}},"51":{"start":{"line":215,"column":17},"end":{"line":215,"column":null}},"52":{"start":{"line":216,"column":4},"end":{"line":216,"column":null}},"53":{"start":{"line":217,"column":4},"end":{"line":229,"column":null}},"54":{"start":{"line":218,"column":28},"end":{"line":218,"column":null}},"55":{"start":{"line":219,"column":30},"end":{"line":219,"column":null}},"56":{"start":{"line":219,"column":61},"end":{"line":219,"column":91}},"57":{"start":{"line":220,"column":34},"end":{"line":222,"column":null}},"58":{"start":{"line":221,"column":16},"end":{"line":221,"column":null}},"59":{"start":{"line":223,"column":6},"end":{"line":223,"column":null}},"60":{"start":{"line":225,"column":6},"end":{"line":225,"column":null}},"61":{"start":{"line":226,"column":6},"end":{"line":226,"column":null}},"62":{"start":{"line":228,"column":6},"end":{"line":228,"column":null}},"63":{"start":{"line":232,"column":2},"end":{"line":236,"column":null}},"64":{"start":{"line":233,"column":4},"end":{"line":235,"column":null}},"65":{"start":{"line":234,"column":6},"end":{"line":234,"column":null}},"66":{"start":{"line":238,"column":32},"end":{"line":290,"column":null}},"67":{"start":{"line":239,"column":4},"end":{"line":247,"column":null}},"68":{"start":{"line":240,"column":6},"end":{"line":240,"column":null}},"69":{"start":{"line":240,"column":38},"end":{"line":240,"column":null}},"70":{"start":{"line":241,"column":6},"end":{"line":244,"column":null}},"71":{"start":{"line":242,"column":8},"end":{"line":242,"column":null}},"72":{"start":{"line":243,"column":8},"end":{"line":243,"column":null}},"73":{"start":{"line":246,"column":6},"end":{"line":246,"column":null}},"74":{"start":{"line":246,"column":35},"end":{"line":246,"column":null}},"75":{"start":{"line":248,"column":4},"end":{"line":248,"column":null}},"76":{"start":{"line":248,"column":17},"end":{"line":248,"column":null}},"77":{"start":{"line":251,"column":4},"end":{"line":272,"column":null}},"78":{"start":{"line":252,"column":6},"end":{"line":261,"column":null}},"79":{"start":{"line":263,"column":6},"end":{"line":271,"column":null}},"80":{"start":{"line":274,"column":4},"end":{"line":289,"column":null}},"81":{"start":{"line":275,"column":6},"end":{"line":275,"column":null}},"82":{"start":{"line":276,"column":6},"end":{"line":283,"column":null}},"83":{"start":{"line":284,"column":6},"end":{"line":284,"column":null}},"84":{"start":{"line":285,"column":6},"end":{"line":285,"column":null}},"85":{"start":{"line":287,"column":6},"end":{"line":287,"column":null}},"86":{"start":{"line":288,"column":6},"end":{"line":288,"column":null}},"87":{"start":{"line":292,"column":23},"end":{"line":308,"column":null}},"88":{"start":{"line":293,"column":28},"end":{"line":293,"column":null}},"89":{"start":{"line":294,"column":22},"end":{"line":294,"column":null}},"90":{"start":{"line":297,"column":4},"end":{"line":302,"column":null}},"91":{"start":{"line":298,"column":12},"end":{"line":298,"column":null}},"92":{"start":{"line":299,"column":6},"end":{"line":301,"column":null}},"93":{"start":{"line":300,"column":8},"end":{"line":300,"column":null}},"94":{"start":{"line":304,"column":4},"end":{"line":304,"column":null}},"95":{"start":{"line":305,"column":4},"end":{"line":307,"column":null}},"96":{"start":{"line":306,"column":6},"end":{"line":306,"column":null}},"97":{"start":{"line":310,"column":19},"end":{"line":315,"column":null}},"98":{"start":{"line":311,"column":21},"end":{"line":311,"column":null}},"99":{"start":{"line":312,"column":4},"end":{"line":312,"column":null}},"100":{"start":{"line":312,"column":45},"end":{"line":312,"column":null}},"101":{"start":{"line":313,"column":4},"end":{"line":313,"column":null}},"102":{"start":{"line":314,"column":4},"end":{"line":314,"column":null}},"103":{"start":{"line":317,"column":21},"end":{"line":322,"column":null}},"104":{"start":{"line":318,"column":4},"end":{"line":321,"column":null}},"105":{"start":{"line":319,"column":6},"end":{"line":319,"column":null}},"106":{"start":{"line":320,"column":6},"end":{"line":320,"column":null}},"107":{"start":{"line":324,"column":27},"end":{"line":347,"column":null}},"108":{"start":{"line":325,"column":4},"end":{"line":344,"column":null}},"109":{"start":{"line":345,"column":4},"end":{"line":345,"column":null}},"110":{"start":{"line":346,"column":4},"end":{"line":346,"column":null}},"111":{"start":{"line":349,"column":28},"end":{"line":405,"column":null}},"112":{"start":{"line":350,"column":20},"end":{"line":350,"column":null}},"113":{"start":{"line":352,"column":4},"end":{"line":355,"column":null}},"114":{"start":{"line":353,"column":6},"end":{"line":353,"column":null}},"115":{"start":{"line":354,"column":6},"end":{"line":354,"column":null}},"116":{"start":{"line":358,"column":23},"end":{"line":358,"column":null}},"117":{"start":{"line":359,"column":4},"end":{"line":362,"column":null}},"118":{"start":{"line":360,"column":6},"end":{"line":360,"column":null}},"119":{"start":{"line":361,"column":6},"end":{"line":361,"column":null}},"120":{"start":{"line":364,"column":4},"end":{"line":367,"column":null}},"121":{"start":{"line":365,"column":6},"end":{"line":365,"column":null}},"122":{"start":{"line":366,"column":6},"end":{"line":366,"column":null}},"123":{"start":{"line":369,"column":4},"end":{"line":369,"column":null}},"124":{"start":{"line":371,"column":23},"end":{"line":371,"column":null}},"125":{"start":{"line":372,"column":25},"end":{"line":372,"column":null}},"126":{"start":{"line":375,"column":22},"end":{"line":375,"column":null}},"127":{"start":{"line":376,"column":23},"end":{"line":376,"column":null}},"128":{"start":{"line":377,"column":22},"end":{"line":377,"column":null}},"129":{"start":{"line":379,"column":4},"end":{"line":383,"column":null}},"130":{"start":{"line":380,"column":6},"end":{"line":380,"column":null}},"131":{"start":{"line":381,"column":6},"end":{"line":381,"column":null}},"132":{"start":{"line":382,"column":6},"end":{"line":382,"column":null}},"133":{"start":{"line":385,"column":27},"end":{"line":392,"column":null}},"134":{"start":{"line":394,"column":4},"end":{"line":404,"column":null}},"135":{"start":{"line":395,"column":6},"end":{"line":395,"column":null}},"136":{"start":{"line":396,"column":6},"end":{"line":396,"column":null}},"137":{"start":{"line":397,"column":6},"end":{"line":397,"column":null}},"138":{"start":{"line":398,"column":6},"end":{"line":398,"column":null}},"139":{"start":{"line":400,"column":6},"end":{"line":400,"column":null}},"140":{"start":{"line":401,"column":6},"end":{"line":401,"column":null}},"141":{"start":{"line":403,"column":6},"end":{"line":403,"column":null}},"142":{"start":{"line":407,"column":20},"end":{"line":414,"column":null}},"143":{"start":{"line":408,"column":4},"end":{"line":408,"column":null}},"144":{"start":{"line":408,"column":20},"end":{"line":408,"column":null}},"145":{"start":{"line":409,"column":4},"end":{"line":413,"column":null}},"146":{"start":{"line":410,"column":6},"end":{"line":410,"column":null}},"147":{"start":{"line":412,"column":6},"end":{"line":412,"column":null}},"148":{"start":{"line":417,"column":23},"end":{"line":419,"column":null}},"149":{"start":{"line":418,"column":17},"end":{"line":418,"column":37}},"150":{"start":{"line":419,"column":24},"end":{"line":419,"column":55}},"151":{"start":{"line":421,"column":29},"end":{"line":423,"column":null}},"152":{"start":{"line":422,"column":9},"end":{"line":422,"column":null}},"153":{"start":{"line":425,"column":25},"end":{"line":443,"column":null}},"154":{"start":{"line":426,"column":16},"end":{"line":426,"column":null}},"155":{"start":{"line":427,"column":4},"end":{"line":427,"column":null}},"156":{"start":{"line":427,"column":14},"end":{"line":427,"column":null}},"157":{"start":{"line":428,"column":20},"end":{"line":428,"column":null}},"158":{"start":{"line":429,"column":19},"end":{"line":429,"column":null}},"159":{"start":{"line":430,"column":16},"end":{"line":430,"column":null}},"160":{"start":{"line":431,"column":16},"end":{"line":431,"column":null}},"161":{"start":{"line":432,"column":4},"end":{"line":441,"column":null}},"162":{"start":{"line":433,"column":6},"end":{"line":433,"column":null}},"163":{"start":{"line":434,"column":6},"end":{"line":434,"column":null}},"164":{"start":{"line":435,"column":6},"end":{"line":435,"column":null}},"165":{"start":{"line":436,"column":22},"end":{"line":436,"column":null}},"166":{"start":{"line":437,"column":27},"end":{"line":437,"column":null}},"167":{"start":{"line":438,"column":6},"end":{"line":438,"column":null}},"168":{"start":{"line":439,"column":6},"end":{"line":439,"column":null}},"169":{"start":{"line":440,"column":6},"end":{"line":440,"column":null}},"170":{"start":{"line":442,"column":4},"end":{"line":442,"column":null}},"171":{"start":{"line":445,"column":2},"end":{"line":445,"column":null}},"172":{"start":{"line":445,"column":15},"end":{"line":445,"column":null}},"173":{"start":{"line":447,"column":2},"end":{"line":1446,"column":null}},"174":{"start":{"line":506,"column":32},"end":{"line":506,"column":null}},"175":{"start":{"line":751,"column":56},"end":{"line":751,"column":74}},"176":{"start":{"line":752,"column":52},"end":{"line":752,"column":null}},"177":{"start":{"line":753,"column":52},"end":{"line":753,"column":78}},"178":{"start":{"line":754,"column":51},"end":{"line":754,"column":null}},"179":{"start":{"line":756,"column":28},"end":{"line":771,"column":null}},"180":{"start":{"line":779,"column":56},"end":{"line":779,"column":74}},"181":{"start":{"line":780,"column":52},"end":{"line":780,"column":null}},"182":{"start":{"line":781,"column":54},"end":{"line":781,"column":90}},"183":{"start":{"line":782,"column":51},"end":{"line":782,"column":null}},"184":{"start":{"line":782,"column":109},"end":{"line":782,"column":113}},"185":{"start":{"line":784,"column":28},"end":{"line":799,"column":null}},"186":{"start":{"line":818,"column":28},"end":{"line":834,"column":null}},"187":{"start":{"line":851,"column":28},"end":{"line":867,"column":null}},"188":{"start":{"line":880,"column":28},"end":{"line":896,"column":null}},"189":{"start":{"line":924,"column":76},"end":{"line":924,"column":100}},"190":{"start":{"line":927,"column":67},"end":{"line":927,"column":null}},"191":{"start":{"line":927,"column":88},"end":{"line":927,"column":112}},"192":{"start":{"line":928,"column":52},"end":{"line":930,"column":null}},"193":{"start":{"line":929,"column":56},"end":{"line":929,"column":null}},"194":{"start":{"line":952,"column":52},"end":{"line":957,"column":null}},"195":{"start":{"line":954,"column":84},"end":{"line":954,"column":100}},"196":{"start":{"line":983,"column":39},"end":{"line":983,"column":null}},"197":{"start":{"line":1015,"column":24},"end":{"line":1020,"column":null}},"198":{"start":{"line":1034,"column":16},"end":{"line":1048,"column":null}},"199":{"start":{"line":1061,"column":68},"end":{"line":1061,"column":153}},"200":{"start":{"line":1069,"column":67},"end":{"line":1069,"column":155}},"201":{"start":{"line":1077,"column":67},"end":{"line":1077,"column":150}},"202":{"start":{"line":1105,"column":22},"end":{"line":1105,"column":null}},"203":{"start":{"line":1115,"column":22},"end":{"line":1115,"column":null}},"204":{"start":{"line":1132,"column":51},"end":{"line":1132,"column":69}},"205":{"start":{"line":1132,"column":106},"end":{"line":1132,"column":124}},"206":{"start":{"line":1178,"column":41},"end":{"line":1189,"column":null}},"207":{"start":{"line":1207,"column":47},"end":{"line":1207,"column":null}},"208":{"start":{"line":1219,"column":34},"end":{"line":1219,"column":null}},"209":{"start":{"line":1228,"column":55},"end":{"line":1228,"column":null}},"210":{"start":{"line":1245,"column":43},"end":{"line":1245,"column":null}},"211":{"start":{"line":1318,"column":20},"end":{"line":1342,"column":null}},"212":{"start":{"line":1363,"column":33},"end":{"line":1363,"column":null}},"213":{"start":{"line":1422,"column":35},"end":{"line":1422,"column":null}},"214":{"start":{"line":1441,"column":39},"end":{"line":1441,"column":60}},"215":{"start":{"line":1442,"column":39},"end":{"line":1442,"column":59}}},"fnMap":{"0":{"name":"Transition2","decl":{"start":{"line":79,"column":45},"end":{"line":79,"column":56}},"loc":{"start":{"line":79,"column":68},"end":{"line":81,"column":1}},"line":79},"1":{"name":"(anonymous_1)","decl":{"start":{"line":83,"column":28},"end":{"line":83,"column":29}},"loc":{"start":{"line":83,"column":93},"end":{"line":1448,"column":null}},"line":83},"2":{"name":"(anonymous_2)","decl":{"start":{"line":95,"column":32},"end":{"line":95,"column":38}},"loc":{"start":{"line":95,"column":38},"end":{"line":102,"column":null}},"line":95},"3":{"name":"(anonymous_3)","decl":{"start":{"line":104,"column":36},"end":{"line":104,"column":42}},"loc":{"start":{"line":104,"column":42},"end":{"line":115,"column":5}},"line":104},"4":{"name":"(anonymous_4)","decl":{"start":{"line":146,"column":24},"end":{"line":146,"column":25}},"loc":{"start":{"line":146,"column":36},"end":{"line":168,"column":null}},"line":146},"5":{"name":"(anonymous_5)","decl":{"start":{"line":172,"column":12},"end":{"line":172,"column":18}},"loc":{"start":{"line":172,"column":18},"end":{"line":183,"column":5}},"line":172},"6":{"name":"(anonymous_6)","decl":{"start":{"line":173,"column":25},"end":{"line":173,"column":37}},"loc":{"start":{"line":173,"column":37},"end":{"line":181,"column":null}},"line":173},"7":{"name":"(anonymous_7)","decl":{"start":{"line":176,"column":39},"end":{"line":176,"column":47}},"loc":{"start":{"line":176,"column":47},"end":{"line":176,"column":116}},"line":176},"8":{"name":"(anonymous_8)","decl":{"start":{"line":185,"column":12},"end":{"line":185,"column":18}},"loc":{"start":{"line":185,"column":18},"end":{"line":212,"column":5}},"line":185},"9":{"name":"(anonymous_9)","decl":{"start":{"line":214,"column":41},"end":{"line":214,"column":53}},"loc":{"start":{"line":214,"column":53},"end":{"line":230,"column":5}},"line":214},"10":{"name":"(anonymous_10)","decl":{"start":{"line":219,"column":53},"end":{"line":219,"column":61}},"loc":{"start":{"line":219,"column":61},"end":{"line":219,"column":91}},"line":219},"11":{"name":"(anonymous_11)","decl":{"start":{"line":221,"column":8},"end":{"line":221,"column":16}},"loc":{"start":{"line":221,"column":16},"end":{"line":221,"column":null}},"line":221},"12":{"name":"(anonymous_12)","decl":{"start":{"line":232,"column":12},"end":{"line":232,"column":18}},"loc":{"start":{"line":232,"column":18},"end":{"line":236,"column":5}},"line":232},"13":{"name":"(anonymous_13)","decl":{"start":{"line":238,"column":32},"end":{"line":238,"column":44}},"loc":{"start":{"line":238,"column":44},"end":{"line":290,"column":null}},"line":238},"14":{"name":"(anonymous_14)","decl":{"start":{"line":292,"column":23},"end":{"line":292,"column":24}},"loc":{"start":{"line":292,"column":30},"end":{"line":308,"column":null}},"line":292},"15":{"name":"(anonymous_15)","decl":{"start":{"line":310,"column":19},"end":{"line":310,"column":25}},"loc":{"start":{"line":310,"column":25},"end":{"line":315,"column":null}},"line":310},"16":{"name":"(anonymous_16)","decl":{"start":{"line":317,"column":21},"end":{"line":317,"column":27}},"loc":{"start":{"line":317,"column":27},"end":{"line":322,"column":null}},"line":317},"17":{"name":"(anonymous_17)","decl":{"start":{"line":324,"column":27},"end":{"line":324,"column":33}},"loc":{"start":{"line":324,"column":33},"end":{"line":347,"column":null}},"line":324},"18":{"name":"(anonymous_18)","decl":{"start":{"line":349,"column":28},"end":{"line":349,"column":40}},"loc":{"start":{"line":349,"column":40},"end":{"line":405,"column":null}},"line":349},"19":{"name":"(anonymous_19)","decl":{"start":{"line":407,"column":20},"end":{"line":407,"column":21}},"loc":{"start":{"line":407,"column":35},"end":{"line":414,"column":null}},"line":407},"20":{"name":"(anonymous_20)","decl":{"start":{"line":418,"column":12},"end":{"line":418,"column":17}},"loc":{"start":{"line":418,"column":17},"end":{"line":418,"column":37}},"line":418},"21":{"name":"(anonymous_21)","decl":{"start":{"line":419,"column":12},"end":{"line":419,"column":13}},"loc":{"start":{"line":419,"column":24},"end":{"line":419,"column":55}},"line":419},"22":{"name":"(anonymous_22)","decl":{"start":{"line":422,"column":4},"end":{"line":422,"column":9}},"loc":{"start":{"line":422,"column":9},"end":{"line":422,"column":null}},"line":422},"23":{"name":"(anonymous_23)","decl":{"start":{"line":425,"column":25},"end":{"line":425,"column":31}},"loc":{"start":{"line":425,"column":31},"end":{"line":443,"column":null}},"line":425},"24":{"name":"(anonymous_24)","decl":{"start":{"line":432,"column":17},"end":{"line":432,"column":23}},"loc":{"start":{"line":432,"column":23},"end":{"line":441,"column":null}},"line":432},"25":{"name":"(anonymous_25)","decl":{"start":{"line":506,"column":22},"end":{"line":506,"column":23}},"loc":{"start":{"line":506,"column":32},"end":{"line":506,"column":null}},"line":506},"26":{"name":"(anonymous_26)","decl":{"start":{"line":751,"column":51},"end":{"line":751,"column":56}},"loc":{"start":{"line":751,"column":56},"end":{"line":751,"column":74}},"line":751},"27":{"name":"(anonymous_27)","decl":{"start":{"line":752,"column":40},"end":{"line":752,"column":41}},"loc":{"start":{"line":752,"column":52},"end":{"line":752,"column":null}},"line":752},"28":{"name":"(anonymous_28)","decl":{"start":{"line":753,"column":47},"end":{"line":753,"column":52}},"loc":{"start":{"line":753,"column":52},"end":{"line":753,"column":78}},"line":753},"29":{"name":"(anonymous_29)","decl":{"start":{"line":754,"column":34},"end":{"line":754,"column":35}},"loc":{"start":{"line":754,"column":51},"end":{"line":754,"column":null}},"line":754},"30":{"name":"(anonymous_30)","decl":{"start":{"line":755,"column":37},"end":{"line":755,"column":38}},"loc":{"start":{"line":756,"column":28},"end":{"line":771,"column":null}},"line":756},"31":{"name":"(anonymous_31)","decl":{"start":{"line":779,"column":51},"end":{"line":779,"column":56}},"loc":{"start":{"line":779,"column":56},"end":{"line":779,"column":74}},"line":779},"32":{"name":"(anonymous_32)","decl":{"start":{"line":780,"column":40},"end":{"line":780,"column":41}},"loc":{"start":{"line":780,"column":52},"end":{"line":780,"column":null}},"line":780},"33":{"name":"(anonymous_33)","decl":{"start":{"line":781,"column":49},"end":{"line":781,"column":54}},"loc":{"start":{"line":781,"column":54},"end":{"line":781,"column":90}},"line":781},"34":{"name":"(anonymous_34)","decl":{"start":{"line":782,"column":34},"end":{"line":782,"column":35}},"loc":{"start":{"line":782,"column":51},"end":{"line":782,"column":null}},"line":782},"35":{"name":"(anonymous_35)","decl":{"start":{"line":782,"column":104},"end":{"line":782,"column":109}},"loc":{"start":{"line":782,"column":109},"end":{"line":782,"column":113}},"line":782},"36":{"name":"(anonymous_36)","decl":{"start":{"line":783,"column":37},"end":{"line":783,"column":38}},"loc":{"start":{"line":784,"column":28},"end":{"line":799,"column":null}},"line":784},"37":{"name":"(anonymous_37)","decl":{"start":{"line":817,"column":30},"end":{"line":817,"column":31}},"loc":{"start":{"line":818,"column":28},"end":{"line":834,"column":null}},"line":818},"38":{"name":"(anonymous_38)","decl":{"start":{"line":850,"column":30},"end":{"line":850,"column":31}},"loc":{"start":{"line":851,"column":28},"end":{"line":867,"column":null}},"line":851},"39":{"name":"(anonymous_39)","decl":{"start":{"line":879,"column":30},"end":{"line":879,"column":31}},"loc":{"start":{"line":880,"column":28},"end":{"line
[...]
,"/home/admin/Projects/ricgcw/src/utils/fuzzyMatch.js": {"path":"/home/admin/Projects/ricgcw/src/utils/fuzzyMatch.js","statementMap":{"0":{"start":{"line":5,"column":12},"end":{"line":5,"column":21}},"1":{"start":{"line":6,"column":12},"end":{"line":6,"column":21}},"2":{"start":{"line":7,"column":12},"end":{"line":7,"column":69}},"3":{"start":{"line":7,"column":48},"end":{"line":7,"column":68}},"4":{"start":{"line":9,"column":2},"end":{"line":9,"column":null}},"5":{"start":{"line":9,"column":15},"end":{"line":9,"column":16}},"6":{"start":{"line":9,"column":31},"end":{"line":9,"column":null}},"7":{"start":{"line":10,"column":2},"end":{"line":10,"column":null}},"8":{"start":{"line":10,"column":15},"end":{"line":10,"column":16}},"9":{"start":{"line":10,"column":31},"end":{"line":10,"column":null}},"10":{"start":{"line":12,"column":2},"end":{"line":21,"column":null}},"11":{"start":{"line":12,"column":15},"end":{"line":12,"column":16}},"12":{"start":{"line":13,"column":4},"end":{"line":20,"column":null}},"13":{"start":{"line":13,"column":17},"end":{"line":13,"column":18}},"14":{"start":{"line":14,"column":19},"end":{"line":14,"column":50}},"15":{"start":{"line":15,"column":6},"end":{"line":19,"column":null}},"16":{"start":{"line":22,"column":2},"end":{"line":22,"column":null}},"17":{"start":{"line":30,"column":2},"end":{"line":30,"column":null}},"18":{"start":{"line":30,"column":18},"end":{"line":30,"column":null}},"19":{"start":{"line":33,"column":2},"end":{"line":35,"column":null}},"20":{"start":{"line":34,"column":4},"end":{"line":34,"column":null}},"21":{"start":{"line":38,"column":2},"end":{"line":40,"column":null}},"22":{"start":{"line":39,"column":4},"end":{"line":39,"column":null}},"23":{"start":{"line":43,"column":2},"end":{"line":53,"column":null}},"24":{"start":{"line":44,"column":23},"end":{"line":44,"column":118}},"25":{"start":{"line":45,"column":23},"end":{"line":45,"column":118}},"26":{"start":{"line":47,"column":19},"end":{"line":47,"column":65}},"27":{"start":{"line":48,"column":4},"end":{"line":48,"column":null}},"28":{"start":{"line":48,"column":22},"end":{"line":48,"column":null}},"29":{"start":{"line":50,"column":21},"end":{"line":50,"column":56}},"30":{"start":{"line":51,"column":20},"end":{"line":51,"column":41}},"31":{"start":{"line":52,"column":4},"end":{"line":52,"column":null}},"32":{"start":{"line":55,"column":2},"end":{"line":55,"column":null}},"33":{"start":{"line":62,"column":21},"end":{"line":62,"column":23}},"34":{"start":{"line":63,"column":2},"end":{"line":74,"column":null}},"35":{"start":{"line":63,"column":15},"end":{"line":63,"column":16}},"36":{"start":{"line":64,"column":4},"end":{"line":73,"column":null}},"37":{"start":{"line":64,"column":17},"end":{"line":64,"column":22}},"38":{"start":{"line":65,"column":25},"end":{"line":65,"column":68}},"39":{"start":{"line":66,"column":6},"end":{"line":72,"column":null}},"40":{"start":{"line":67,"column":8},"end":{"line":71,"column":null}},"41":{"start":{"line":75,"column":2},"end":{"line":75,"column":null}}},"fnMap":{"0":{"name":"levenshtein","decl":{"start":{"line":4,"column":9},"end":{"line":4,"column":20}},"loc":{"start":{"line":4,"column":29},"end":{"line":23,"column":null}},"line":4},"1":{"name":"(anonymous_1)","decl":{"start":{"line":7,"column":42},"end":{"line":7,"column":43}},"loc":{"start":{"line":7,"column":48},"end":{"line":7,"column":68}},"line":7},"2":{"name":"calculateSimilarity","decl":{"start":{"line":29,"column":16},"end":{"line":29,"column":35}},"loc":{"start":{"line":29,"column":44},"end":{"line":56,"column":null}},"line":29},"3":{"name":"findDuplicates","decl":{"start":{"line":61,"column":16},"end":{"line":61,"column":30}},"loc":{"start":{"line":61,"column":45},"end":{"line":76,"column":null}},"line":61}},"branchMap":{"0":{"loc":{"start":{"line":14,"column":19},"end":{"line":14,"column":50}},"type":"cond-expr","locations":[{"start":{"line":14,"column":45},"end":{"line":14,"column":46}},{"start":{"line":14,"column":49},"end":{"line":14,"column":50}}],"line":14},"1":{"loc":{"start":{"line":30,"column":2},"end":{"line":30,"column":null}},"type":"if","locations":[{"start":{"line":30,"column":2},"end":{"line":30,"column":null}},{"start":{},"end":{}}],"line":30},"2":{"loc":{"start":{"line":30,"column":6},"end":{"line":30,"column":16}},"type":"binary-expr","locations":[{"start":{"line":30,"column":6},"end":{"line":30,"column":9}},{"start":{"line":30,"column":13},"end":{"line":30,"column":16}}],"line":30},"3":{"loc":{"start":{"line":33,"column":2},"end":{"line":35,"column":null}},"type":"if","locations":[{"start":{"line":33,"column":2},"end":{"line":35,"column":null}},{"start":{},"end":{}}],"line":33},"4":{"loc":{"start":{"line":33,"column":6},"end":{"line":33,"column":93}},"type":"binary-expr","locations":[{"start":{"line":33,"column":6},"end":{"line":33,"column":14}},{"start":{"line":33,"column":18},"end":{"line":33,"column":26}},{"start":{"line":33,"column":30},"end":{"line":33,"column":93}}],"line":33},"5":{"loc":{"start":{"line":38,"column":2},"end":{"line":40,"column":null}},"type":"if","locations":[{"start":{"line":38,"column":2},"end":{"line":40,"column":null}},{"start":{},"end":{}}],"line":38},"6":{"loc":{"start":{"line":38,"column":6},"end":{"line":38,"column":103}},"type":"binary-expr","locations":[{"start":{"line":38,"column":6},"end":{"line":38,"column":14}},{"start":{"line":38,"column":18},"end":{"line":38,"column":26}},{"start":{"line":38,"column":30},"end":{"line":38,"column":103}}],"line":38},"7":{"loc":{"start":{"line":43,"column":2},"end":{"line":53,"column":null}},"type":"if","locations":[{"start":{"line":43,"column":2},"end":{"line":53,"column":null}},{"start":{},"end":{}}],"line":43},"8":{"loc":{"start":{"line":43,"column":6},"end":{"line":43,"column":24}},"type":"binary-expr","locations":[{"start":{"line":43,"column":6},"end":{"line":43,"column":13}},{"start":{"line":43,"column":17},"end":{"line":43,"column":24}}],"line":43},"9":{"loc":{"start":{"line":48,"column":4},"end":{"line":48,"column":null}},"type":"if","locations":[{"start":{"line":48,"column":4},"end":{"line":48,"column":null}},{"start":{},"end":{}}],"line":48},"10":{"loc":{"start":{"line":61,"column":31},"end":{"line":61,"column":43}},"type":"default-arg","locations":[{"start":{"line":61,"column":41},"end":{"line":61,"column":43}}],"line":61},"11":{"loc":{"start":{"line":66,"column":6},"end":{"line":72,"column":null}},"type":"if","locations":[{"start":{"line":66,"column":6},"end":{"line":72,"column":null}},{"start":{},"end":{}}],"line":66}},"s":{"0":7,"1":7,"2":7,"3":82,"4":7,"5":7,"6":82,"7":7,"8":7,"9":84,"10":7,"11":7,"12":75,"13":75,"14":827,"15":827,"16":7,"17":10,"18":0,"19":10,"20":1,"21":9,"22":2,"23":7,"24":7,"25":7,"26":7,"27":7,"28":0,"29":7,"30":7,"31":7,"32":0,"33":1,"34":1,"35":1,"36":4,"37":4,"38":6,"39":6,"40":3,"41":1},"f":{"0":7,"1":82,"2":10,"3":1},"b":{"0":[78,749],"1":[0,10],"2":[10,10],"3":[1,9],"4":[10,10,10],"5":[2,7],"6":[9,9,9],"7":[7,0],"8":[7,7],"9":[0,7],"10":[1],"11":[3,3]},"meta":{"lastBranch":12,"lastFunction":4,"lastStatement":42,"seen":{"f:4:9:4:20":0,"s:5:12:5:21":0,"s:6:12:6:21":1,"s:7:12:7:69":2,"f:7:42:7:43":1,"s:7:48:7:68":3,"s:9:2:9:Infinity":4,"s:9:15:9:16":5,"s:9:31:9:Infinity":6,"s:10:2:10:Infinity":7,"s:10:15:10:16":8,"s:10:31:10:Infinity":9,"s:12:2:21:Infinity":10,"s:12:15:12:16":11,"s:13:4:20:Infinity":12,"s:13:17:13:18":13,"s:14:19:14:50":14,"b:14:45:14:46:14:49:14:50":0,"s:15:6:19:Infinity":15,"s:22:2:22:Infinity":16,"f:29:16:29:35":2,"b:30:2:30:Infinity:undefined:undefined:undefined:undefined":1,"s:30:2:30:Infinity":17,"b:30:6:30:9:30:13:30:16":2,"s:30:18:30:Infinity":18,"b:33:2:35:Infinity:undefined:undefined:undefined:undefined":3,"s:33:2:35:Infinity":19,"b:33:6:33:14:33:18:33:26:33:30:33:93":4,"s:34:4:34:Infinity":20,"b:38:2:40:Infinity:undefined:undefined:undefined:undefined":5,"s:38:2:40:Infinity":21,"b:38:6:38:14:38:18:38:26:38:30:38:103":6,"s:39:4:39:Infinity":22,"b:43:2:53:Infinity:undefined:undefined:undefined:undefined":7,"s:43:2:53:Infinity":23,"b:43:6:43:13:43:17:43:24":8,"s:44:23:44:118":24,"s:45:23:45:118":25,"s:47:19:47:65":26,"b:48:4:48:Infinity:undefined:undefined:undefined:undefined":9,"s:48:4:48:Infinity":27,"s:48:22:48:Infinity":28,"s:50:21:50:56":29,"s:51:20:51:41":30,"s:52:4:52:Infinity":31,"s:55:2:55:Infinity":32,"f:61:16:61:30":3,"b:61:41:61:43":10,"s:62:21:62:23":33,"s:63:2:74:Infinity":34,"s:63:15:63:16":35,"s:64:4:73:Infinity":36,"s:64:17:64:22":37,"s:65:25:65:68":38,"b:66:6:72:Infinity:undefined:undefined:undefined:undefined":11,"s:66:6:72:Infinity":39,"s:67:8:71:Infinity":40,"s:75:2:75:Infinity":41}}}
,"/home/admin/Projects/ricgcw/src/utils/noteEncryption.js": {"path":"/home/admin/Projects/ricgcw/src/utils/noteEncryption.js","statementMap":{"0":{"start":{"line":10,"column":2},"end":{"line":10,"column":null}},"1":{"start":{"line":10,"column":20},"end":{"line":10,"column":null}},"2":{"start":{"line":11,"column":2},"end":{"line":11,"column":null}},"3":{"start":{"line":11,"column":18},"end":{"line":11,"column":null}},"4":{"start":{"line":13,"column":19},"end":{"line":13,"column":21}},"5":{"start":{"line":14,"column":2},"end":{"line":20,"column":null}},"6":{"start":{"line":14,"column":15},"end":{"line":14,"column":16}},"7":{"start":{"line":15,"column":21},"end":{"line":15,"column":46}},"8":{"start":{"line":16,"column":20},"end":{"line":16,"column":62}},"9":{"start":{"line":18,"column":26},"end":{"line":18,"column":65}},"10":{"start":{"line":19,"column":4},"end":{"line":19,"column":null}},"11":{"start":{"line":23,"column":2},"end":{"line":23,"column":null}},"12":{"start":{"line":34,"column":2},"end":{"line":34,"column":null}},"13":{"start":{"line":34,"column":19},"end":{"line":34,"column":null}},"14":{"start":{"line":35,"column":2},"end":{"line":35,"column":null}},"15":{"start":{"line":35,"column":18},"end":{"line":35,"column":null}},"16":{"start":{"line":37,"column":2},"end":{"line":53,"column":null}},"17":{"start":{"line":39,"column":26},"end":{"line":39,"column":70}},"18":{"start":{"line":40,"column":20},"end":{"line":40,"column":22}},"19":{"start":{"line":42,"column":4},"end":{"line":48,"column":null}},"20":{"start":{"line":42,"column":17},"end":{"line":42,"column":18}},"21":{"start":{"line":43,"column":23},"end":{"line":43,"column":50}},"22":{"start":{"line":44,"column":22},"end":{"line":44,"column":64}},"23":{"start":{"line":46,"column":28},"end":{"line":46,"column":67}},"24":{"start":{"line":47,"column":6},"end":{"line":47,"column":null}},"25":{"start":{"line":50,"column":4},"end":{"line":50,"column":null}},"26":{"start":{"line":52,"column":4},"end":{"line":52,"column":null}}},"fnMap":{"0":{"name":"encryptSensitiveNotes","decl":{"start":{"line":9,"column":16},"end":{"line":9,"column":37}},"loc":{"start":{"line":9,"column":62},"end":{"line":24,"column":null}},"line":9},"1":{"name":"decryptSensitiveNotes","decl":{"start":{"line":33,"column":16},"end":{"line":33,"column":37}},"loc":{"start":{"line":33,"column":61},"end":{"line":54,"column":null}},"line":33}},"branchMap":{"0":{"loc":{"start":{"line":10,"column":2},"end":{"line":10,"column":null}},"type":"if","locations":[{"start":{"line":10,"column":2},"end":{"line":10,"column":null}},{"start":{},"end":{}}],"line":10},"1":{"loc":{"start":{"line":11,"column":2},"end":{"line":11,"column":null}},"type":"if","locations":[{"start":{"line":11,"column":2},"end":{"line":11,"column":null}},{"start":{},"end":{}}],"line":11},"2":{"loc":{"start":{"line":34,"column":2},"end":{"line":34,"column":null}},"type":"if","locations":[{"start":{"line":34,"column":2},"end":{"line":34,"column":null}},{"start":{},"end":{}}],"line":34},"3":{"loc":{"start":{"line":35,"column":2},"end":{"line":35,"column":null}},"type":"if","locations":[{"start":{"line":35,"column":2},"end":{"line":35,"column":null}},{"start":{},"end":{}}],"line":35}},"s":{"0":2,"1":0,"2":2,"3":0,"4":2,"5":2,"6":2,"7":110,"8":110,"9":110,"10":110,"11":2,"12":2,"13":0,"14":2,"15":0,"16":2,"17":2,"18":2,"19":2,"20":2,"21":110,"22":110,"23":110,"24":110,"25":2,"26":0},"f":{"0":2,"1":2},"b":{"0":[0,2],"1":[0,2],"2":[0,2],"3":[0,2]},"meta":{"lastBranch":4,"lastFunction":2,"lastStatement":27,"seen":{"f:9:16:9:37":0,"b:10:2:10:Infinity:undefined:undefined:undefined:undefined":0,"s:10:2:10:Infinity":0,"s:10:20:10:Infinity":1,"b:11:2:11:Infinity:undefined:undefined:undefined:undefined":1,"s:11:2:11:Infinity":2,"s:11:18:11:Infinity":3,"s:13:19:13:21":4,"s:14:2:20:Infinity":5,"s:14:15:14:16":6,"s:15:21:15:46":7,"s:16:20:16:62":8,"s:18:26:18:65":9,"s:19:4:19:Infinity":10,"s:23:2:23:Infinity":11,"f:33:16:33:37":1,"b:34:2:34:Infinity:undefined:undefined:undefined:undefined":2,"s:34:2:34:Infinity":12,"s:34:19:34:Infinity":13,"b:35:2:35:Infinity:undefined:undefined:undefined:undefined":3,"s:35:2:35:Infinity":14,"s:35:18:35:Infinity":15,"s:37:2:53:Infinity":16,"s:39:26:39:70":17,"s:40:20:40:22":18,"s:42:4:48:Infinity":19,"s:42:17:42:18":20,"s:43:23:43:50":21,"s:44:22:44:64":22,"s:46:28:46:67":23,"s:47:6:47:Infinity":24,"s:50:4:50:Infinity":25,"s:52:4:52:Infinity":26}}}
,"/home/admin/Projects/ricgcw/src/utils/safetyTokens.js": {"path":"/home/admin/Projects/ricgcw/src/utils/safetyTokens.js","statementMap":{"0":{"start":{"line":7,"column":16},"end":{"line":7,"column":54}},"1":{"start":{"line":8,"column":14},"end":{"line":8,"column":16}},"2":{"start":{"line":10,"column":2},"end":{"line":13,"column":null}},"3":{"start":{"line":10,"column":15},"end":{"line":10,"column":16}},"4":{"start":{"line":11,"column":16},"end":{"line":11,"column":56}},"5":{"start":{"line":12,"column":4},"end":{"line":12,"column":null}},"6":{"start":{"line":14,"column":2},"end":{"line":17,"column":null}},"7":{"start":{"line":29,"column":2},"end":{"line":31,"column":null}},"8":{"start":{"line":30,"column":4},"end":{"line":30,"column":null}},"9":{"start":{"line":33,"column":14},"end":{"line":33,"column":33}},"10":{"start":{"line":34,"column":22},"end":{"line":34,"column":56}},"11":{"start":{"line":35,"column":18},"end":{"line":35,"column":42}},"12":{"start":{"line":37,"column":2},"end":{"line":39,"column":null}},"13":{"start":{"line":38,"column":4},"end":{"line":38,"column":17}},"14":{"start":{"line":41,"column":2},"end":{"line":41,"column":null}}},"fnMap":{"0":{"name":"generateSecurityTokens","decl":{"start":{"line":6,"column":16},"end":{"line":6,"column":38}},"loc":{"start":{"line":6,"column":41},"end":{"line":18,"column":null}},"line":6},"1":{"name":"verifySecurityToken","decl":{"start":{"line":28,"column":16},"end":{"line":28,"column":35}},"loc":{"start":{"line":28,"column":77},"end":{"line":42,"column":null}},"line":28}},"branchMap":{"0":{"loc":{"start":{"line":29,"column":2},"end":{"line":31,"column":null}},"type":"if","locations":[{"start":{"line":29,"column":2},"end":{"line":31,"column":null}},{"start":{},"end":{}}],"line":29},"1":{"loc":{"start":{"line":29,"column":6},"end":{"line":29,"column":63}},"type":"binary-expr","locations":[{"start":{"line":29,"column":6},"end":{"line":29,"column":17}},{"start":{"line":29,"column":21},"end":{"line":29,"column":33}},{"start":{"line":29,"column":37},"end":{"line":29,"column":63}}],"line":29},"2":{"loc":{"start":{"line":37,"column":2},"end":{"line":39,"column":null}},"type":"if","locations":[{"start":{"line":37,"column":2},"end":{"line":39,"column":null}},{"start":{},"end":{}}],"line":37},"3":{"loc":{"start":{"line":37,"column":6},"end":{"line":37,"column":34}},"type":"binary-expr","locations":[{"start":{"line":37,"column":6},"end":{"line":37,"column":19}},{"start":{"line":37,"column":23},"end":{"line":37,"column":34}}],"line":37}},"s":{"0":5,"1":5,"2":5,"3":5,"4":40,"5":40,"6":5,"7":3,"8":1,"9":2,"10":2,"11":2,"12":2,"13":1,"14":1},"f":{"0":5,"1":3},"b":{"0":[1,2],"1":[3,3,3],"2":[1,1],"3":[2,1]},"meta":{"lastBranch":4,"lastFunction":2,"lastStatement":15,"seen":{"f:6:16:6:38":0,"s:7:16:7:54":0,"s:8:14:8:16":1,"s:10:2:13:Infinity":2,"s:10:15:10:16":3,"s:11:16:11:56":4,"s:12:4:12:Infinity":5,"s:14:2:17:Infinity":6,"f:28:16:28:35":1,"b:29:2:31:Infinity:undefined:undefined:undefined:undefined":0,"s:29:2:31:Infinity":7,"b:29:6:29:17:29:21:29:33:29:37:29:63":1,"s:30:4:30:Infinity":8,"s:33:14:33:33":9,"s:34:22:34:56":10,"s:35:18:35:42":11,"b:37:2:39:Infinity:undefined:undefined:undefined:undefined":2,"s:37:2:39:Infinity":12,"b:37:6:37:19:37:23:37:34":3,"s:38:4:38:17":13,"s:41:2:41:Infinity":14}}}
,"/home/admin/Projects/ricgcw/src/utils/syncDepartments.js": {"path":"/home/admin/Projects/ricgcw/src/utils/syncDepartments.js","statementMap":{"0":{"start":{"line":9,"column":37},"end":{"line":35,"column":1}},"1":{"start":{"line":10,"column":24},"end":{"line":10,"column":64}},"2":{"start":{"line":11,"column":15},"end":{"line":11,"column":30}},"3":{"start":{"line":12,"column":21},"end":{"line":12,"column":22}},"4":{"start":{"line":13,"column":16},"end":{"line":13,"column":18}},"5":{"start":{"line":15,"column":2},"end":{"line":28,"column":null}},"6":{"start":{"line":16,"column":19},"end":{"line":16,"column":33}},"7":{"start":{"line":17,"column":25},"end":{"line":17,"column":56}},"8":{"start":{"line":20,"column":4},"end":{"line":27,"column":null}},"9":{"start":{"line":21,"column":6},"end":{"line":24,"column":null}},"10":{"start":{"line":25,"column":6},"end":{"line":25,"column":null}},"11":{"start":{"line":26,"column":6},"end":{"line":26,"column":null}},"12":{"start":{"line":30,"column":2},"end":{"line":32,"column":null}},"13":{"start":{"line":31,"column":4},"end":{"line":31,"column":null}},"14":{"start":{"line":34,"column":2},"end":{"line":34,"column":null}}},"fnMap":{"0":{"name":"(anonymous_0)","decl":{"start":{"line":9,"column":37},"end":{"line":9,"column":42}},"loc":{"start":{"line":9,"column":49},"end":{"line":35,"column":1}},"line":9},"1":{"name":"(anonymous_1)","decl":{"start":{"line":15,"column":24},"end":{"line":15,"column":25}},"loc":{"start":{"line":15,"column":37},"end":{"line":28,"column":3}},"line":15}},"branchMap":{"0":{"loc":{"start":{"line":20,"column":4},"end":{"line":27,"column":null}},"type":"if","locations":[{"start":{"line":20,"column":4},"end":{"line":27,"column":null}},{"start":{},"end":{}}],"line":20},"1":{"loc":{"start":{"line":20,"column":8},"end":{"line":20,"column":60}},"type":"binary-expr","locations":[{"start":{"line":20,"column":8},"end":{"line":20,"column":21}},{"start":{"line":20,"column":25},"end":{"line":20,"column":60}}],"line":20},"2":{"loc":{"start":{"line":26,"column":38},"end":{"line":26,"column":65}},"type":"binary-expr","locations":[{"start":{"line":26,"column":38},"end":{"line":26,"column":55}},{"start":{"line":26,"column":59},"end":{"line":26,"column":65}}],"line":26},"3":{"loc":{"start":{"line":30,"column":2},"end":{"line":32,"column":null}},"type":"if","locations":[{"start":{"line":30,"column":2},"end":{"line":32,"column":null}},{"start":{},"end":{}}],"line":30}},"s":{"0":1,"1":1,"2":1,"3":1,"4":1,"5":1,"6":0,"7":0,"8":0,"9":0,"10":0,"11":0,"12":1,"13":0,"14":0},"f":{"0":1,"1":0},"b":{"0":[0,0],"1":[0,0],"2":[0,0],"3":[0,1]},"meta":{"lastBranch":4,"lastFunction":2,"lastStatement":15,"seen":{"s:9:37:35:1":0,"f:9:37:9:42":0,"s:10:24:10:64":1,"s:11:15:11:30":2,"s:12:21:12:22":3,"s:13:16:13:18":4,"s:15:2:28:Infinity":5,"f:15:24:15:25":1,"s:16:19:16:33":6,"s:17:25:17:56":7,"b:20:4:27:Infinity:undefined:undefined:undefined:undefined":0,"s:20:4:27:Infinity":8,"b:20:8:20:21:20:25:20:60":1,"s:21:6:24:Infinity":9,"s:25:6:25:Infinity":10,"s:26:6:26:Infinity":11,"b:26:38:26:55:26:59:26:65":2,"b:30:2:32:Infinity:undefined:undefined:undefined:undefined":3,"s:30:2:32:Infinity":12,"s:31:4:31:Infinity":13,"s:34:2:34:Infinity":14}}}
}
