{"/home/admin/Projects/ricgcw/src/components/AddMemberDialog.jsx": {"path":"/home/admin/Projects/ricgcw/src/components/AddMemberDialog.jsx","statementMap":{"0":{"start":{"line":38,"column":19},"end":{"line":40,"column":null}},"1":{"start":{"line":39,"column":2},"end":{"line":39,"column":null}},"2":{"start":{"line":42,"column":24},"end":{"line":642,"column":null}},"3":{"start":{"line":43,"column":8},"end":{"line":43,"column":null}},"4":{"start":{"line":44,"column":84},"end":{"line":44,"column":null}},"5":{"start":{"line":45,"column":34},"end":{"line":45,"column":null}},"6":{"start":{"line":46,"column":34},"end":{"line":46,"column":null}},"7":{"start":{"line":48,"column":30},"end":{"line":66,"column":null}},"8":{"start":{"line":68,"column":26},"end":{"line":68,"column":null}},"9":{"start":{"line":70,"column":2},"end":{"line":81,"column":null}},"10":{"start":{"line":71,"column":25},"end":{"line":79,"column":null}},"11":{"start":{"line":72,"column":6},"end":{"line":78,"column":null}},"12":{"start":{"line":73,"column":25},"end":{"line":73,"column":null}},"13":{"start":{"line":74,"column":21},"end":{"line":74,"column":null}},"14":{"start":{"line":74,"column":47},"end":{"line":74,"column":116}},"15":{"start":{"line":75,"column":8},"end":{"line":75,"column":null}},"16":{"start":{"line":77,"column":8},"end":{"line":77,"column":null}},"17":{"start":{"line":80,"column":4},"end":{"line":80,"column":null}},"18":{"start":{"line":80,"column":14},"end":{"line":80,"column":null}},"19":{"start":{"line":83,"column":2},"end":{"line":107,"column":null}},"20":{"start":{"line":84,"column":4},"end":{"line":106,"column":null}},"21":{"start":{"line":85,"column":6},"end":{"line":103,"column":null}},"22":{"start":{"line":104,"column":6},"end":{"line":104,"column":null}},"23":{"start":{"line":105,"column":6},"end":{"line":105,"column":null}},"24":{"start":{"line":109,"column":23},"end":{"line":125,"column":null}},"25":{"start":{"line":110,"column":28},"end":{"line":110,"column":null}},"26":{"start":{"line":111,"column":22},"end":{"line":111,"column":null}},"27":{"start":{"line":114,"column":4},"end":{"line":119,"column":null}},"28":{"start":{"line":115,"column":12},"end":{"line":115,"column":null}},"29":{"start":{"line":116,"column":6},"end":{"line":118,"column":null}},"30":{"start":{"line":117,"column":8},"end":{"line":117,"column":null}},"31":{"start":{"line":121,"column":4},"end":{"line":121,"column":null}},"32":{"start":{"line":122,"column":4},"end":{"line":124,"column":null}},"33":{"start":{"line":123,"column":6},"end":{"line":123,"column":null}},"34":{"start":{"line":127,"column":19},"end":{"line":133,"column":null}},"35":{"start":{"line":128,"column":21},"end":{"line":128,"column":null}},"36":{"start":{"line":129,"column":4},"end":{"line":129,"column":null}},"37":{"start":{"line":129,"column":45},"end":{"line":129,"column":null}},"38":{"start":{"line":130,"column":4},"end":{"line":130,"column":null}},"39":{"start":{"line":130,"column":26},"end":{"line":130,"column":null}},"40":{"start":{"line":131,"column":4},"end":{"line":131,"column":null}},"41":{"start":{"line":132,"column":4},"end":{"line":132,"column":null}},"42":{"start":{"line":135,"column":23},"end":{"line":166,"column":null}},"43":{"start":{"line":136,"column":4},"end":{"line":165,"column":null}},"44":{"start":{"line":137,"column":6},"end":{"line":137,"column":null}},"45":{"start":{"line":138,"column":6},"end":{"line":164,"column":null}},"46":{"start":{"line":139,"column":24},"end":{"line":158,"column":null}},"47":{"start":{"line":159,"column":8},"end":{"line":159,"column":null}},"48":{"start":{"line":162,"column":8},"end":{"line":162,"column":null}},"49":{"start":{"line":163,"column":8},"end":{"line":163,"column":null}},"50":{"start":{"line":168,"column":2},"end":{"line":640,"column":null}},"51":{"start":{"line":555,"column":52},"end":{"line":555,"column":78}},"52":{"start":{"line":556,"column":48},"end":{"line":556,"column":null}},"53":{"start":{"line":557,"column":48},"end":{"line":557,"column":74}},"54":{"start":{"line":558,"column":47},"end":{"line":558,"column":null}},"55":{"start":{"line":560,"column":24},"end":{"line":575,"column":null}},"56":{"start":{"line":585,"column":48},"end":{"line":585,"column":null}},"57":{"start":{"line":586,"column":50},"end":{"line":586,"column":86}},"58":{"start":{"line":587,"column":47},"end":{"line":587,"column":null}},"59":{"start":{"line":587,"column":105},"end":{"line":587,"column":109}},"60":{"start":{"line":589,"column":24},"end":{"line":604,"column":null}}},"fnMap":{"0":{"name":"Transition2","decl":{"start":{"line":38,"column":45},"end":{"line":38,"column":56}},"loc":{"start":{"line":38,"column":68},"end":{"line":40,"column":1}},"line":38},"1":{"name":"(anonymous_1)","decl":{"start":{"line":42,"column":24},"end":{"line":42,"column":25}},"loc":{"start":{"line":42,"column":60},"end":{"line":642,"column":null}},"line":42},"2":{"name":"(anonymous_2)","decl":{"start":{"line":70,"column":12},"end":{"line":70,"column":18}},"loc":{"start":{"line":70,"column":18},"end":{"line":81,"column":5}},"line":70},"3":{"name":"(anonymous_3)","decl":{"start":{"line":71,"column":25},"end":{"line":71,"column":37}},"loc":{"start":{"line":71,"column":37},"end":{"line":79,"column":null}},"line":71},"4":{"name":"(anonymous_4)","decl":{"start":{"line":74,"column":39},"end":{"line":74,"column":47}},"loc":{"start":{"line":74,"column":47},"end":{"line":74,"column":116}},"line":74},"5":{"name":"(anonymous_5)","decl":{"start":{"line":83,"column":12},"end":{"line":83,"column":18}},"loc":{"start":{"line":83,"column":18},"end":{"line":107,"column":5}},"line":83},"6":{"name":"(anonymous_6)","decl":{"start":{"line":109,"column":23},"end":{"line":109,"column":24}},"loc":{"start":{"line":109,"column":30},"end":{"line":125,"column":null}},"line":109},"7":{"name":"(anonymous_7)","decl":{"start":{"line":127,"column":19},"end":{"line":127,"column":25}},"loc":{"start":{"line":127,"column":25},"end":{"line":133,"column":null}},"line":127},"8":{"name":"(anonymous_8)","decl":{"start":{"line":135,"column":23},"end":{"line":135,"column":35}},"loc":{"start":{"line":135,"column":35},"end":{"line":166,"column":null}},"line":135},"9":{"name":"(anonymous_9)","decl":{"start":{"line":555,"column":47},"end":{"line":555,"column":52}},"loc":{"start":{"line":555,"column":52},"end":{"line":555,"column":78}},"line":555},"10":{"name":"(anonymous_10)","decl":{"start":{"line":556,"column":36},"end":{"line":556,"column":37}},"loc":{"start":{"line":556,"column":48},"end":{"line":556,"column":null}},"line":556},"11":{"name":"(anonymous_11)","decl":{"start":{"line":557,"column":43},"end":{"line":557,"column":48}},"loc":{"start":{"line":557,"column":48},"end":{"line":557,"column":74}},"line":557},"12":{"name":"(anonymous_12)","decl":{"start":{"line":558,"column":30},"end":{"line":558,"column":31}},"loc":{"start":{"line":558,"column":47},"end":{"line":558,"column":null}},"line":558},"13":{"name":"(anonymous_13)","decl":{"start":{"line":559,"column":33},"end":{"line":559,"column":34}},"loc":{"start":{"line":560,"column":24},"end":{"line":575,"column":null}},"line":560},"14":{"name":"(anonymous_14)","decl":{"start":{"line":585,"column":36},"end":{"line":585,"column":37}},"loc":{"start":{"line":585,"column":48},"end":{"line":585,"column":null}},"line":585},"15":{"name":"(anonymous_15)","decl":{"start":{"line":586,"column":45},"end":{"line":586,"column":50}},"loc":{"start":{"line":586,"column":50},"end":{"line":586,"column":86}},"line":586},"16":{"name":"(anonymous_16)","decl":{"start":{"line":587,"column":30},"end":{"line":587,"column":31}},"loc":{"start":{"line":587,"column":47},"end":{"line":587,"column":null}},"line":587},"17":{"name":"(anonymous_17)","decl":{"start":{"line":587,"column":100},"end":{"line":587,"column":105}},"loc":{"start":{"line":587,"column":105},"end":{"line":587,"column":109}},"line":587},"18":{"name":"(anonymous_18)","decl":{"start":{"line":588,"column":33},"end":{"line":588,"column":34}},"loc":{"start":{"line":589,"column":24},"end":{"line":604,"column":null}},"line":589}},"branchMap":{"0":{"loc":{"start":{"line":55,"column":12},"end":{"line":55,"column":null}},"type":"cond-expr","locations":[{"start":{"line":55,"column":33},"end":{"line":55,"column":46}},{"start":{"line":55,"column":46},"end":{"line":55,"column":null}}],"line":55},"1":{"loc":{"start":{"line":56,"column":16},"end":{"line":56,"column":null}},"type":"cond-expr","locations":[{"start":{"line":56,"column":41},"end":{"line":56,"column":61}},{"start":{"line":56,"column":61},"end":{"line":56,"column":null}}],"line":56},"2":{"loc":{"start":{"line":80,"column":4},"end":{"line":80,"column":null}},"type":"if","locations":[{"start":{"line":80,"column":4},"end":{"line":80,"column":null}},{"start":{},"end":{}}],"line":80},"3":{"loc":{"start":{"line":84,"column":4},"end":{"line":106,"column":null}},"type":"if","locations":[{"start":{"line":84,"column":4},"end":{"line":106,"column":null}},{"start":{},"end":{}}],"line":84},"4":{"loc":{"start":{"line":92,"column":16},"end":{"line":92,"column":null}},"type":"cond-expr","locations":[{"start":{"line":92,"column":37},"end":{"line":92,"column":50}},{"start":{"line":92,"column":50},"end":{"line":92,"column":null}}],"line":92},"5":{"loc":{"start":{"line":93,"column":20},"end":{"line":93,"column":null}},"type":"cond-expr","locations":[{"start":{"line":93,"column":45},"end":{"line":93,"column":65}},{"start":{"line":93,"column":65},"end":{"line":93,"column":null}}],"line":93},"6":{"loc":{"start":{"line":114,"column":4},"end":{"line":119,"column":null}},"type":"if","locations":[{"start":{"line":114,"column":4},"end":{"line":119,"column":null}},{"start":{},"end":{}}],"line":114},"7":{"loc":{"start":{"line":114,"column":8},"end":{"line":114,"column":33}},"type":"binary-expr","locations":[{"start":{"line":114,"column":8},"end":{"line":114,"column":26}},{"start":{"line":114,"column":26},"end":{"line":114,"column":33}}],"line":114},"8":{"loc":{"start":{"line":116,"column":6},"end":{"line":118,"column":null}},"type":"if","locations":[{"start":{"line":116,"column":6},"end":{"line":118,"column":null}},{"start":{},"end":{}}],"line":116},"9":{"loc":{"start":{"line":122,"column":4},"end":{"line":124,"column":null}},"type":"if","locations":[{"start":{"line":122,"column":4},"end":{"line":124,"column":null}},{"start":{},"end":{}}],"line":122},"10":{"loc":{"start":{"line":129,"column":4},"end":{"line":129,"column":null}},"type":"if","locations":[{"start":{"line":129,"column":4},"end":{"line":129,"column":null}},{"start":{},"end":{}}],"line":129},"11":{"loc":{"start":{"line":129,"column":16},"end":{"line":129,"column":35}},"type":"binary-expr","locations":[{"start":{"line":129,"column":16},"end":{"line":129,"column":33}},{"start":{"line":129,"column":33},"end":{"line":129,"column":35}}],"line":129},"12":{"loc":{"start":{"line":130,"column":4},"end":{"line":130,"column":null}},"type":"if","locations":[{"start":{"line":130,"column":4},"end":{"line":130,"column":null}},{"start":{},"end":{}}],"line":130},"13":{"loc":{"start":{"line":136,"column":4},"end":{"line":165,"column":null}},"type":"if","locations":[{"start":{"line":136,"column":4},"end":{"line":165,"column":null}},{"start":{},"end":{}}],"line":136},"14":{"loc":{"start":{"line":143,"column":17},"end":{"line":143,"column":null}},"type":"binary-expr","locations":[{"start":{"line":143,"column":17},"end":{"line":143,"column":56}},{"start":{"line":143,"column":56},"end":{"line":143,"column":null}}],"line":143},"15":{"loc":{"start":{"line":143,"column":24},"end":{"line":143,"column":44}},"type":"binary-expr","locations":[{"start":{"line":143,"column":24},"end":{"line":143,"column":42}},{"start":{"line":143,"column":42},"end":{"line":143,"column":44}}],"line":143},"16":{"loc":{"start":{"line":144,"column":17},"end":{"line":144,"column":null}},"type":"binary-expr","locations":[{"start":{"line":144,"column":17},"end":{"line":144,"column":56}},{"start":{"line":144,"column":56},"end":{"line":144,"column":null}}],"line":144},"17":{"loc":{"start":{"line":144,"column":24},"end":{"line":144,"column":44}},"type":"binary-expr","locations":[{"start":{"line":144,"column":24},"end":{"line":144,"column":42}},{"start":{"line":144,"column":42},"end":{"line":144,"column":44}}],"line":144},"18":{"loc":{"start":{"line":145,"column":19},"end":{"line":145,"column":null}},"type":"binary-expr","locations":[{"start":{"line":145,"column":19},"end":{"line":145,"column":60}},{"start":{"line":145,"column":60},"end":{"line":145,"column":null}}],"line":145},"19":{"loc":{"start":{"line":145,"column":26},"end":{"line":145,"column":48}},"type":"binary-expr","locations":[{"start":{"line":145,"column":26},"end":{"line":145,"column":46}},{"start":{"line":145,"column":46},"end":{"line":145,"column":48}}],"line":145},"20":{"loc":{"start":{"line":146,"column":19},"end":{"line":146,"column":null}},"type":"binary-expr","locations":[{"start":{"line":146,"column":19},"end":{"line":146,"column":60}},{"start":{"line":146,"column":60},"end":{"line":146,"column":null}}],"line":146},"21":{"loc":{"start":{"line":146,"column":26},"end":{"line":146,"column":48}},"type":"binary-expr","locations":[{"start":{"line":146,"column":26},"end":{"line":146,"column":46}},{"start":{"line":146,"column":46},"end":{"line":146,"column":48}}],"line":146},"22":{"loc":{"start":{"line":147,"column":15},"end":{"line":147,"column":null}},"type":"binary-expr","locations":[{"start":{"line":147,"column":15},"end":{"line":147,"column":31}},{"start":{"line":147,"column":31},"end":{"line":147,"column":null}}],"line":147},"23":{"loc":{"start":{"line":148,"column":22},"end":{"line":148,"column":null}},"type":"binary-expr","locations":[{"start":{"line":148,"column":22},"end":{"line":148,"column":45}},{"start":{"line":148,"column":45},"end":{"line":148,"column":null}}],"line":148},"24":{"loc":{"start":{"line":149,"column":21},"end":{"line":149,"column":null}},"type":"binary-expr","locations":[{"start":{"line":149,"column":21},"end":{"line":149,"column":64}},{"start":{"line":149,"column":64},"end":{"line":149,"column":null}}],"line":149},"25":{"loc":{"start":{"line":149,"column":28},"end":{"line":149,"column":52}},"type":"binary-expr","locations":[{"start":{"line":149,"column":28},"end":{"line":149,"column":50}},{"start":{"line":149,"column":50},"end":{"line":149,"column":52}}],"line":149},"26":{"loc":{"start":{"line":150,"column":20},"end":{"line":150,"column":null}},"type":"binary-expr","locations":[{"start":{"line":150,"column":20},"end":{"line":150,"column":41}},{"start":{"line":150,"column":41},"end":{"line":150,"column":null}}],"line":150},"27":{"loc":{"start":{"line":151,"column":23},"end":{"line":151,"column":null}},"type":"binary-expr","locations":[{"start":{"line":151,"column":23},"end":{"line":151,"column":47}},{"start":{"line":151,"column":47},"end":{"line":151,"column":null}}],"line":151},"28":{"loc":{"start":{"line":152,"column":28},"end":{"line":152,"column":null}},"type":"binary-expr","locations":[{"start":{"line":152,"column":28},"end":{"line":152,"column":57}},{"start":{"line":152,"column":57},"end":{"line":152,"column":null}}],"line":152},"29":{"loc":{"start":{"line":153,"column":22},"end":{"line":153,"column":null}},"type":"binary-expr","locations":[{"start":{"line":153,"column":22},"end":{"line":153,"column":66}},{"start":{"line":153,"column":66},"end":{"line":153,"column":null}}],"line":153},"30":{"loc":{"start":{"line":153,"column":29},"end":{"line":153,"column":54}},"type":"binary-expr","locations":[{"start":{"line":153,"column":29},"end":{"line":153,"column":52}},{"start":{"line":153,"column":52},"end":{"line":153,"column":54}}],"line":153},"31":{"loc":{"start":{"line":154,"column":20},"end":{"line":154,"column":null}},"type":"binary-expr","locations":[{"start":{"line":154,"column":20},"end":{"line":154,"column":41}},{"start":{"line":154,"column":41},"end":{"line":154,"column":null}}],"line":154},"32":{"loc":{"start":{"line":155,"column":23},"end":{"line":155,"column":null}},"type":"binary-expr","locations":[{"start":{"line":155,"column":23},"end":{"line":155,"column":47}},{"start":{"line":155,"column":47},"end":{"line":155,"column":null}}],"line":155},"33":{"loc":{"start":{"line":156,"column":22},"end":{"line":156,"column":null}},"type":"binary-expr","locations":[{"start":{"line":156,"column":22},"end":{"line":156,"column":66}},{"start":{"line":156,"column":66},"end":{"line":156,"column":null}}],"line":156},"34":{"loc":{"start":{"line":156,"column":29},"end":{"line":156,"column":54}},"type":"binary-expr","locations":[{"start":{"line":156,"column":29},"end":{"line":156,"column":52}},{"start":{"line":156,"column":52},"end":{"line":156,"column":54}}],"line":156},"35":{"loc":{"start":{"line":157,"column":25},"end":{"line":157,"column":null}},"type":"binary-expr","locations":[{"start":{"line":157,"column":25},"end":{"line":157,"column":72}},{"start":{"line":157,"column":72},"end":{"line":157,"column":null}}],"line":157},"36":{"loc":{"start":{"line":157,"column":32},"end":{"line":157,"column":60}},"type":"binary-expr","locations":[{"start":{"line":157,"column":32},"end":{"line":157,"column":58}},{"start":{"line":157,"column":58},"end":{"line":157,"column":60}}],"line":157},"37":{"loc":{"start":{"line":319,"column":13},"end":{"line":338,"column":null}},"type":"binary-expr","locations":[{"start":{"line":319,"column":13},"end":{"line":319,"column":null}},{"start":{"line":320,"column":14},"end":{"line":338,"column":null}}],"line":319},"38":{"loc":{"start":{"line":370,"column":17},"end":{"line":370,"column":null}},"type":"binary-expr","locations":[{"start":{"line":370,"column":17},"end":{"line":370,"column":34}},{"start":{"line":370,"column":34},"end":{"line":370,"column":null}}],"line":370},"39":{"loc":{"start":{"line":556,"column":48},"end":{"line":556,"column":null}},"type":"binary-expr","locations":[{"start":{"line":556,"column":48},"end":{"line":556,"column":63}},{"start":{"line":556,"column":63},"end":{"line":556,"column":null}}],"line":556},"40":{"loc":{"start":{"line":557,"column":27},"end":{"line":557,"column":null}},"type":"binary-expr","locations":[{"start":{"line":557,"column":27},"end":{"line":557,"column":79}},{"start":{"line":557,"column":79},"end":{"line":557,"column":null}}],"line":557},"41":{"loc":{"start":{"line":558,"column":84},"end":{"line":558,"column":114}},"type":"cond-expr","locations":[{"start":{"line":558,"column":95},"end":{"line":558,"column":109}},{"start":{"line":558,"column":109},"end":{"line":558,"column":114}}],"line":558},"42":{"loc":{"start":{"line":585,"column":48},"end":{"line":585,"column":null}},"type":"binary-expr","locations":[{"start":{"line":585,"column":48},"end":{"line":585,"column":63}},{"start":{"line":585,"column":63},"end":{"line":585,"column":null}}],"line":585},"43":{"loc":{"start":{"line":626,"column":20},"end":{"line":626,"column":null}},"type":"binary-expr","locations":[{"start":{"line":626,"column":20},"end":{"line":626,"column":38}},{"start":{"line":626,"column":38},"end":{"line":626,"column":null}}],"line":626},"44":{"loc":{"start":{"line":637,"column":11},"end":{"line":637,"column":null}},"type":"cond-expr","locations":[{"start":{"line":637,"column":24},"end":{"line":637,"column":73}},{"start":{"line":637,"column":73},"end":{"line":637,"column":null}}],"line":637}},"s":{"0":1,"1":0,"2":1,"3":25,"4":25,"5":25,"6":25,"7":25,"8":25,"9":25,"10":5,"11":0,"12":0,"13":0,"14":0,"15":0,"16":0,"17":5,"18":0,"19":25,"20":5,"21":5,"22":5,"23":5,"24":25,"25":0,"26":0,"27":0,"28":0,"29":0,"30":0,"31":0,"32":0,"33":0,"34":25,"35":0,"36":0,"37":0,"38":0,"39":0,"40":0,"41":0,"42":25,"43":0,"44":0,"45":0,"46":0,"47":0,"48":0,"49":0,"50":25,"51":0,"52":0,"53":0,"54":0,"55":0,"56":0,"57":0,"58":0,"59":0,"60":0},"f":{"0":0,"1":25,"2":5,"3":0,"4":0,"5":5,"6":0,"7":0,"8":0,"9":0,"10":0,"11":0,"12":0,"13":0,"14":0,"15":0,"16":0,"17":0,"18":0},"b":{"0":[0,25],"1":[0,25],"2":[0,5],"3":[5,0],"4":[0,5],"5":[0,5],"6":[0,0],"7":[0,0],"8":[0,0],"9":[0,0],"10":[0,0],"11":[0,0],"12":[0,0],"13":[0,0],"14":[0,0],"15":[0,0],"16":[0,0],"17":[0,0],"18":[0,0],"19":[0,0],"20":[0,0],"21":[0,0],"22":[0,0],"23":[0,0],"24":[0,0],"25":[0,0],"26":[0,0],"27":[0,0],"28":[0,0],"29":[0,0],"30":[0,0],"31":[0,0],"32":[0,0],"33":[0,0],"34":[0,0],"35":[0,0],"36":[0,0],"37":[25,0],"38":[25,0],"39":[0,0],"40":[25,25],"41":[0,0],"42":[0,0],"43":[25,0],"44":[0,25]},"meta":{"lastBranch":45,"lastFunction":19,"lastStatement":61,"seen":{"s:38:19:40:Infinity":0,"f:38:45:38:56":0,"s:39:2:39:Infinity":1,"s:42:24:642:Infinity":2,"f:42:24:42:25":1,"s:43:8:43:Infinity":3,"s:44:84:44:Infinity":4,"s:45:34:45:Infinity":5,"s:46:34:46:Infinity":6,"s:48:30:66:Infinity":7,"b:55:33:55:46:55:46:55:Infinity":0,"b:56:41:56:61:56:61:56:Infinity":1,"s:68:26:68:Infinity":8,"s:70:2:81:Infinity":9,"f:70:12:70:18":2,"s:71:25:79:Infinity":10,"f:71:25:71:37":3,"s:72:6:78:Infinity":11,"s:73:25:73:Infinity":12,"s:74:21:74:Infinity":13,"f:74:39:74:47":4,"s:74:47:74:116":14,"s:75:8:75:Infinity":15,"s:77:8:77:Infinity":16,"b:80:4:80:Infinity:undefined:undefined:undefined:undefined":2,"s:80:4:80:Infinity":17,"s:80:14:80:Infinity":18,"s:83:2:107:Infinity":19,"f:83:12:83:18":5,"b:84:4:106:Infinity:undefined:undefined:undefined:undefined":3,"s:84:4:106:Infinity":20,"s:85:6:103:Infinity":21,"b:92:37:92:50:92:50:92:Infinity":4,"b:93:45:93:65:93:65:93:Infinity":5,"s:104:6:104:Infinity":22,"s:105:6:105:Infinity":23,"s:109:23:125:Infinity":24,"f:109:23:109:24":6,"s:110:28:110:Infinity":25,"s:111:22:111:Infinity":26,"b:114:4:119:Infinity:undefined:undefined:undefined:undefined":6,"s:114:4:119:Infinity":27,"b:114:8:114:26:114:26:114:33":7,"s:115:12:115:Infinity":28,"b:116:6:118:Infinity:undefined:undefined:undefined:undefined":8,"s:116:6:118:Infinity":29,"s:117:8:117:Infinity":30,"s:121:4:121:Infinity":31,"b:122:4:124:Infinity:undefined:undefined:undefined:undefined":9,"s:122:4:124:Infinity":32,"s:123:6:123:Infinity":33,"s:127:19:133:Infinity":34,"f:127:19:127:25":7,"s:128:21:128:Infinity":35,"b:129:4:129:Infinity:undefined:undefined:undefined:undefined":10,"s:129:4:129:Infinity":36,"b:129:16:129:33:129:33:129:35":11,"s:129:45:129:Infinity":37,"b:130:4:130:Infinity:undefined:undefined:undefined:undefined":12,"s:130:4:130:Infinity":38,"s:130:26:130:Infinity":39,"s:131:4:131:Infinity":40,"s:132:4:132:Infinity":41,"s:135:23:166:Infinity":42,"f:135:23:135:35":8,"b:136:4:165:Infinity:undefined:undefined:undefined:undefined":13,"s:136:4:165:Infinity":43,"s:137:6:137:Infinity":44,"s:138:6:164:Infinity":45,"s:139:24:158:Infinity":46,"b:143:17:143:56:143:56:143:Infinity":14,"b:143:24:143:42:143:42:143:44":15,"b:144:17:144:56:144:56:144:Infinity":16,"b:144:24:144:42:144:42:144:44":17,"b:145:19:145:60:145:60:145:Infinity":18,"b:145:26:145:46:145:46:145:48":19,"b:146:19:146:60:146:60:146:Infinity":20,"b:146:26:146:46:146:46:146:48":21,"b:147:15:147:31:147:31:147:Infinity":22,"b:148:22:148:45:148:45:148:Infinity":23,"b:149:21:149:64:149:64:149:Infinity":24,"b:149:28:149:50:149:50:149:52":25,"b:150:20:150:41:150:41:150:Infinity":26,"b:151:23:151:47:151:47:151:Infinity":27,"b:152:28:152:57:152:57:152:Infinity":28,"b:153:22:153:66:153:66:153:Infinity":29,"b:153:29:153:52:153:52:153:54":30,"b:154:20:154:41:154:41:154:Infinity":31,"b:155:23:155:47:155:47:155:Infinity":32,"b:156:22:156:66:156:66:156:Infinity":33,"b:156:29:156:52:156:52:156:54":34,"b:157:25:157:72:157:72:157:Infinity":35,"b:157:32:157:58:157:58:157:60":36,"s:159:8:159:Infinity":47,"s:162:8:162:Infinity":48,"s:163:8:163:Infinity":49,"s:168:2:640:Infinity":50,"b:319:13:319:Infinity:320:14:338:Infinity":37,"b:370:17:370:34:370:34:370:Infinity":38,"f:555:47:555:52":9,"s:555:52:555:78":51,"f:556:36:556:37":10,"s:556:48:556:Infinity":52,"b:556:48:556:63:556:63:556:Infinity":39,"b:557:27:557:79:557:79:557:Infinity":40,"f:557:43:557:48":11,"s:557:48:557:74":53,"f:558:30:558:31":12,"s:558:47:558:Infinity":54,"b:558:95:558:109:558:109:558:114":41,"f:559:33:559:34":13,"s:560:24:575:Infinity":55,"f:585:36:585:37":14,"s:585:48:585:Infinity":56,"b:585:48:585:63:585:63:585:Infinity":42,"f:586:45:586:50":15,"s:586:50:586:86":57,"f:587:30:587:31":16,"s:587:47:587:Infinity":58,"f:587:100:587:105":17,"s:587:105:587:109":59,"f:588:33:588:34":18,"s:589:24:604:Infinity":60,"b:626:20:626:38:626:38:626:Infinity":43,"b:637:24:637:73:637:73:637:Infinity":44}}}
,"/home/admin/Projects/ricgcw/src/components/MemberDetailsDialog.jsx": {"path":"/home/admin/Projects/ricgcw/src/components/MemberDetailsDialog.jsx","statementMap":{"0":{"start":{"line":83,"column":19},"end":{"line":85,"column":null}},"1":{"start":{"line":84,"column":2},"end":{"line":84,"column":null}},"2":{"start":{"line":87,"column":28},"end":{"line":1540,"column":null}},"3":{"start":{"line":88,"column":8},"end":{"line":88,"column":null}},"4":{"start":{"line":89,"column":27},"end":{"line":89,"column":null}},"5":{"start":{"line":90,"column":15},"end":{"line":90,"column":null}},"6":{"start":{"line":91,"column":32},"end":{"line":91,"column":null}},"7":{"start":{"line":92,"column":30},"end":{"line":92,"column":null}},"8":{"start":{"line":93,"column":40},"end":{"line":93,"column":null}},"9":{"start":{"line":94,"column":54},"end":{"line":94,"column":null}},"10":{"start":{"line":95,"column":36},"end":{"line":95,"column":null}},"11":{"start":{"line":96,"column":38},"end":{"line":96,"column":null}},"12":{"start":{"line":97,"column":34},"end":{"line":97,"column":null}},"13":{"start":{"line":99,"column":32},"end":{"line":106,"column":null}},"14":{"start":{"line":100,"column":14},"end":{"line":100,"column":null}},"15":{"start":{"line":101,"column":23},"end":{"line":104,"column":null}},"16":{"start":{"line":105,"column":4},"end":{"line":105,"column":null}},"17":{"start":{"line":108,"column":8},"end":{"line":119,"column":null}},"18":{"start":{"line":109,"column":19},"end":{"line":109,"column":null}},"19":{"start":{"line":110,"column":10},"end":{"line":110,"column":null}},"20":{"start":{"line":111,"column":23},"end":{"line":114,"column":null}},"21":{"start":{"line":115,"column":4},"end":{"line":117,"column":null}},"22":{"start":{"line":115,"column":17},"end":{"line":115,"column":20}},"23":{"start":{"line":116,"column":6},"end":{"line":116,"column":null}},"24":{"start":{"line":118,"column":4},"end":{"line":118,"column":null}},"25":{"start":{"line":121,"column":44},"end":{"line":128,"column":null}},"26":{"start":{"line":130,"column":30},"end":{"line":154,"column":null}},"27":{"start":{"line":156,"column":24},"end":{"line":178,"column":null}},"28":{"start":{"line":157,"column":22},"end":{"line":161,"column":null}},"29":{"start":{"line":162,"column":29},"end":{"line":162,"column":null}},"30":{"start":{"line":164,"column":4},"end":{"line":176,"column":null}},"31":{"start":{"line":180,"column":26},"end":{"line":180,"column":null}},"32":{"start":{"line":182,"column":2},"end":{"line":193,"column":null}},"33":{"start":{"line":183,"column":25},"end":{"line":191,"column":null}},"34":{"start":{"line":184,"column":6},"end":{"line":190,"column":null}},"35":{"start":{"line":185,"column":25},"end":{"line":185,"column":null}},"36":{"start":{"line":186,"column":21},"end":{"line":186,"column":null}},"37":{"start":{"line":186,"column":47},"end":{"line":186,"column":116}},"38":{"start":{"line":187,"column":8},"end":{"line":187,"column":null}},"39":{"start":{"line":189,"column":8},"end":{"line":189,"column":null}},"40":{"start":{"line":192,"column":4},"end":{"line":192,"column":null}},"41":{"start":{"line":192,"column":14},"end":{"line":192,"column":null}},"42":{"start":{"line":195,"column":2},"end":{"line":228,"column":null}},"43":{"start":{"line":196,"column":4},"end":{"line":227,"column":null}},"44":{"start":{"line":197,"column":6},"end":{"line":222,"column":null}},"45":{"start":{"line":223,"column":6},"end":{"line":223,"column":null}},"46":{"start":{"line":224,"column":6},"end":{"line":224,"column":null}},"47":{"start":{"line":225,"column":6},"end":{"line":225,"column":null}},"48":{"start":{"line":226,"column":6},"end":{"line":226,"column":null}},"49":{"start":{"line":230,"column":8},"end":{"line":246,"column":null}},"50":{"start":{"line":231,"column":4},"end":{"line":231,"column":null}},"51":{"start":{"line":231,"column":17},"end":{"line":231,"column":null}},"52":{"start":{"line":232,"column":4},"end":{"line":232,"column":null}},"53":{"start":{"line":233,"column":4},"end":{"line":245,"column":null}},"54":{"start":{"line":234,"column":28},"end":{"line":234,"column":null}},"55":{"start":{"line":235,"column":30},"end":{"line":235,"column":null}},"56":{"start":{"line":235,"column":61},"end":{"line":235,"column":91}},"57":{"start":{"line":236,"column":34},"end":{"line":238,"column":null}},"58":{"start":{"line":237,"column":16},"end":{"line":237,"column":null}},"59":{"start":{"line":239,"column":6},"end":{"line":239,"column":null}},"60":{"start":{"line":241,"column":6},"end":{"line":241,"column":null}},"61":{"start":{"line":242,"column":6},"end":{"line":242,"column":null}},"62":{"start":{"line":244,"column":6},"end":{"line":244,"column":null}},"63":{"start":{"line":248,"column":2},"end":{"line":252,"column":null}},"64":{"start":{"line":249,"column":4},"end":{"line":251,"column":null}},"65":{"start":{"line":250,"column":6},"end":{"line":250,"column":null}},"66":{"start":{"line":254,"column":32},"end":{"line":306,"column":null}},"67":{"start":{"line":255,"column":4},"end":{"line":263,"column":null}},"68":{"start":{"line":256,"column":6},"end":{"line":256,"column":null}},"69":{"start":{"line":256,"column":38},"end":{"line":256,"column":null}},"70":{"start":{"line":257,"column":6},"end":{"line":260,"column":null}},"71":{"start":{"line":258,"column":8},"end":{"line":258,"column":null}},"72":{"start":{"line":259,"column":8},"end":{"line":259,"column":null}},"73":{"start":{"line":262,"column":6},"end":{"line":262,"column":null}},"74":{"start":{"line":262,"column":35},"end":{"line":262,"column":null}},"75":{"start":{"line":264,"column":4},"end":{"line":264,"column":null}},"76":{"start":{"line":264,"column":17},"end":{"line":264,"column":null}},"77":{"start":{"line":267,"column":4},"end":{"line":288,"column":null}},"78":{"start":{"line":268,"column":6},"end":{"line":277,"column":null}},"79":{"start":{"line":279,"column":6},"end":{"line":287,"column":null}},"80":{"start":{"line":290,"column":4},"end":{"line":305,"column":null}},"81":{"start":{"line":291,"column":6},"end":{"line":291,"column":null}},"82":{"start":{"line":292,"column":6},"end":{"line":299,"column":null}},"83":{"start":{"line":300,"column":6},"end":{"line":300,"column":null}},"84":{"start":{"line":301,"column":6},"end":{"line":301,"column":null}},"85":{"start":{"line":303,"column":6},"end":{"line":303,"column":null}},"86":{"start":{"line":304,"column":6},"end":{"line":304,"column":null}},"87":{"start":{"line":308,"column":23},"end":{"line":324,"column":null}},"88":{"start":{"line":309,"column":28},"end":{"line":309,"column":null}},"89":{"start":{"line":310,"column":22},"end":{"line":310,"column":null}},"90":{"start":{"line":313,"column":4},"end":{"line":318,"column":null}},"91":{"start":{"line":314,"column":12},"end":{"line":314,"column":null}},"92":{"start":{"line":315,"column":6},"end":{"line":317,"column":null}},"93":{"start":{"line":316,"column":8},"end":{"line":316,"column":null}},"94":{"start":{"line":320,"column":4},"end":{"line":320,"column":null}},"95":{"start":{"line":321,"column":4},"end":{"line":323,"column":null}},"96":{"start":{"line":322,"column":6},"end":{"line":322,"column":null}},"97":{"start":{"line":326,"column":19},"end":{"line":331,"column":null}},"98":{"start":{"line":327,"column":21},"end":{"line":327,"column":null}},"99":{"start":{"line":328,"column":4},"end":{"line":328,"column":null}},"100":{"start":{"line":328,"column":45},"end":{"line":328,"column":null}},"101":{"start":{"line":329,"column":4},"end":{"line":329,"column":null}},"102":{"start":{"line":330,"column":4},"end":{"line":330,"column":null}},"103":{"start":{"line":333,"column":21},"end":{"line":338,"column":null}},"104":{"start":{"line":334,"column":4},"end":{"line":337,"column":null}},"105":{"start":{"line":335,"column":6},"end":{"line":335,"column":null}},"106":{"start":{"line":336,"column":6},"end":{"line":336,"column":null}},"107":{"start":{"line":340,"column":27},"end":{"line":363,"column":null}},"108":{"start":{"line":341,"column":4},"end":{"line":360,"column":null}},"109":{"start":{"line":361,"column":4},"end":{"line":361,"column":null}},"110":{"start":{"line":362,"column":4},"end":{"line":362,"column":null}},"111":{"start":{"line":365,"column":28},"end":{"line":421,"column":null}},"112":{"start":{"line":366,"column":20},"end":{"line":366,"column":null}},"113":{"start":{"line":368,"column":4},"end":{"line":371,"column":null}},"114":{"start":{"line":369,"column":6},"end":{"line":369,"column":null}},"115":{"start":{"line":370,"column":6},"end":{"line":370,"column":null}},"116":{"start":{"line":374,"column":23},"end":{"line":374,"column":null}},"117":{"start":{"line":375,"column":4},"end":{"line":378,"column":null}},"118":{"start":{"line":376,"column":6},"end":{"line":376,"column":null}},"119":{"start":{"line":377,"column":6},"end":{"line":377,"column":null}},"120":{"start":{"line":380,"column":4},"end":{"line":383,"column":null}},"121":{"start":{"line":381,"column":6},"end":{"line":381,"column":null}},"122":{"start":{"line":382,"column":6},"end":{"line":382,"column":null}},"123":{"start":{"line":385,"column":4},"end":{"line":385,"column":null}},"124":{"start":{"line":387,"column":23},"end":{"line":387,"column":null}},"125":{"start":{"line":388,"column":25},"end":{"line":388,"column":null}},"126":{"start":{"line":391,"column":22},"end":{"line":391,"column":null}},"127":{"start":{"line":392,"column":23},"end":{"line":392,"column":null}},"128":{"start":{"line":393,"column":22},"end":{"line":393,"column":null}},"129":{"start":{"line":395,"column":4},"end":{"line":399,"column":null}},"130":{"start":{"line":396,"column":6},"end":{"line":396,"column":null}},"131":{"start":{"line":397,"column":6},"end":{"line":397,"column":null}},"132":{"start":{"line":398,"column":6},"end":{"line":398,"column":null}},"133":{"start":{"line":401,"column":27},"end":{"line":408,"column":null}},"134":{"start":{"line":410,"column":4},"end":{"line":420,"column":null}},"135":{"start":{"line":411,"column":6},"end":{"line":411,"column":null}},"136":{"start":{"line":412,"column":6},"end":{"line":412,"column":null}},"137":{"start":{"line":413,"column":6},"end":{"line":413,"column":null}},"138":{"start":{"line":414,"column":6},"end":{"line":414,"column":null}},"139":{"start":{"line":416,"column":6},"end":{"line":416,"column":null}},"140":{"start":{"line":417,"column":6},"end":{"line":417,"column":null}},"141":{"start":{"line":419,"column":6},"end":{"line":419,"column":null}},"142":{"start":{"line":423,"column":20},"end":{"line":430,"column":null}},"143":{"start":{"line":424,"column":4},"end":{"line":424,"column":null}},"144":{"start":{"line":424,"column":20},"end":{"line":424,"column":null}},"145":{"start":{"line":425,"column":4},"end":{"line":429,"column":null}},"146":{"start":{"line":426,"column":6},"end":{"line":426,"column":null}},"147":{"start":{"line":428,"column":6},"end":{"line":428,"column":null}},"148":{"start":{"line":433,"column":23},"end":{"line":435,"column":null}},"149":{"start":{"line":434,"column":17},"end":{"line":434,"column":37}},"150":{"start":{"line":435,"column":24},"end":{"line":435,"column":55}},"151":{"start":{"line":437,"column":29},"end":{"line":439,"column":null}},"152":{"start":{"line":438,"column":9},"end":{"line":438,"column":null}},"153":{"start":{"line":441,"column":25},"end":{"line":459,"column":null}},"154":{"start":{"line":442,"column":16},"end":{"line":442,"column":null}},"155":{"start":{"line":443,"column":4},"end":{"line":443,"column":null}},"156":{"start":{"line":443,"column":14},"end":{"line":443,"column":null}},"157":{"start":{"line":444,"column":20},"end":{"line":444,"column":null}},"158":{"start":{"line":445,"column":19},"end":{"line":445,"column":null}},"159":{"start":{"line":446,"column":16},"end":{"line":446,"column":null}},"160":{"start":{"line":447,"column":16},"end":{"line":447,"column":null}},"161":{"start":{"line":448,"column":4},"end":{"line":457,"column":null}},"162":{"start":{"line":449,"column":6},"end":{"line":449,"column":null}},"163":{"start":{"line":450,"column":6},"end":{"line":450,"column":null}},"164":{"start":{"line":451,"column":6},"end":{"line":451,"column":null}},"165":{"start":{"line":452,"column":22},"end":{"line":452,"column":null}},"166":{"start":{"line":453,"column":27},"end":{"line":453,"column":null}},"167":{"start":{"line":454,"column":6},"end":{"line":454,"column":null}},"168":{"start":{"line":455,"column":6},"end":{"line":455,"column":null}},"169":{"start":{"line":456,"column":6},"end":{"line":456,"column":null}},"170":{"start":{"line":458,"column":4},"end":{"line":458,"column":null}},"171":{"start":{"line":461,"column":2},"end":{"line":461,"column":null}},"172":{"start":{"line":461,"column":15},"end":{"line":461,"column":null}},"173":{"start":{"line":463,"column":2},"end":{"line":1538,"column":null}},"174":{"start":{"line":522,"column":32},"end":{"line":522,"column":null}},"175":{"start":{"line":768,"column":56},"end":{"line":768,"column":74}},"176":{"start":{"line":769,"column":52},"end":{"line":769,"column":null}},"177":{"start":{"line":770,"column":52},"end":{"line":770,"column":78}},"178":{"start":{"line":771,"column":51},"end":{"line":771,"column":null}},"179":{"start":{"line":773,"column":28},"end":{"line":788,"column":null}},"180":{"start":{"line":796,"column":56},"end":{"line":796,"column":74}},"181":{"start":{"line":797,"column":52},"end":{"line":797,"column":null}},"182":{"start":{"line":798,"column":54},"end":{"line":798,"column":90}},"183":{"start":{"line":799,"column":51},"end":{"line":799,"column":null}},"184":{"start":{"line":799,"column":109},"end":{"line":799,"column":113}},"185":{"start":{"line":801,"column":28},"end":{"line":816,"column":null}},"186":{"start":{"line":835,"column":28},"end":{"line":851,"column":null}},"187":{"start":{"line":868,"column":28},"end":{"line":884,"column":null}},"188":{"start":{"line":897,"column":28},"end":{"line":913,"column":null}},"189":{"start":{"line":941,"column":76},"end":{"line":941,"column":100}},"190":{"start":{"line":944,"column":67},"end":{"line":944,"column":null}},"191":{"start":{"line":944,"column":88},"end":{"line":944,"column":112}},"192":{"start":{"line":945,"column":52},"end":{"line":947,"column":null}},"193":{"start":{"line":946,"column":56},"end":{"line":946,"column":null}},"194":{"start":{"line":969,"column":52},"end":{"line":974,"column":null}},"195":{"start":{"line":971,"column":84},"end":{"line":971,"column":100}},"196":{"start":{"line":1000,"column":39},"end":{"line":1000,"column":null}},"197":{"start":{"line":1032,"column":24},"end":{"line":1037,"column":null}},"198":{"start":{"line":1060,"column":20},"end":{"line":1108,"column":null}},"199":{"start":{"line":1075,"column":32},"end":{"line":1080,"column":null}},"200":{"start":{"line":1076,"column":36},"end":{"line":1079,"column":null}},"201":{"start":{"line":1126,"column":16},"end":{"line":1140,"column":null}},"202":{"start":{"line":1153,"column":68},"end":{"line":1153,"column":153}},"203":{"start":{"line":1161,"column":67},"end":{"line":1161,"column":155}},"204":{"start":{"line":1169,"column":67},"end":{"line":1169,"column":150}},"205":{"start":{"line":1197,"column":22},"end":{"line":1197,"column":null}},"206":{"start":{"line":1207,"column":22},"end":{"line":1207,"column":null}},"207":{"start":{"line":1224,"column":51},"end":{"line":1224,"column":69}},"208":{"start":{"line":1224,"column":106},"end":{"line":1224,"column":124}},"209":{"start":{"line":1270,"column":41},"end":{"line":1281,"column":null}},"210":{"start":{"line":1299,"column":47},"end":{"line":1299,"column":null}},"211":{"start":{"line":1311,"column":34},"end":{"line":1311,"column":null}},"212":{"start":{"line":1320,"column":55},"end":{"line":1320,"column":null}},"213":{"start":{"line":1337,"column":43},"end":{"line":1337,"column":null}},"214":{"start":{"line":1410,"column":20},"end":{"line":1434,"column":null}},"215":{"start":{"line":1455,"column":33},"end":{"line":1455,"column":null}},"216":{"start":{"line":1514,"column":35},"end":{"line":1514,"column":null}},"217":{"start":{"line":1533,"column":39},"end":{"line":1533,"column":60}},"218":{"start":{"line":1534,"column":39},"end":{"line":1534,"column":59}}},"fnMap":{"0":{"name":"Transition2","decl":{"start":{"line":83,"column":45},"end":{"line":83,"column":56}},"loc":{"start":{"line":83,"column":68},"end":{"line":85,"column":1}},"line":83},"1":{"name":"(anonymous_1)","decl":{"start":{"line":87,"column":28},"end":{"line":87,"column":29}},"loc":{"start":{"line":87,"column":93},"end":{"line":1540,"column":null}},"line":87},"2":{"name":"(anonymous_2)","decl":{"start":{"line":99,"column":32},"end":{"line":99,"column":38}},"loc":{"start":{"line":99,"column":38},"end":{"line":106,"column":null}},"line":99},"3":{"name":"(anonymous_3)","decl":{"start":{"line":108,"column":36},"end":{"line":108,"column":42}},"loc":{"start":{"line":108,"column":42},"end":{"line":119,"column":5}},"line":108},"4":{"name":"(anonymous_4)","decl":{"start":{"line":156,"column":24},"end":{"line":156,"column":25}},"loc":{"start":{"line":156,"column":36},"end":{"line":178,"column":null}},"line":156},"5":{"name":"(anonymous_5)","decl":{"start":{"line":182,"column":12},"end":{"line":182,"column":18}},"loc":{"start":{"line":182,"column":18},"end":{"line":193,"column":5}},"line":182},"6":{"name":"(anonymous_6)","decl":{"start":{"line":183,"column":25},"end":{"line":183,"column":37}},"loc":{"start":{"line":183,"column":37},"end":{"line":191,"column":null}},"line":183},"7":{"name":"(anonymous_7)","decl":{"start":{"line":186,"column":39},"end":{"line":186,"column":47}},"loc":{"start":{"line":186,"column":47},"end":{"line":186,"column":116}},"line":186},"8":{"name":"(anonymous_8)","decl":{"start":{"line":195,"column":12},"end":{"line":195,"column":18}},"loc":{"start":{"line":195,"column":18},"end":{"line":228,"column":5}},"line":195},"9":{"name":"(anonymous_9)","decl":{"start":{"line":230,"column":41},"end":{"line":230,"column":53}},"loc":{"start":{"line":230,"column":53},"end":{"line":246,"column":5}},"line":230},"10":{"name":"(anonymous_10)","decl":{"start":{"line":235,"column":53},"end":{"line":235,"column":61}},"loc":{"start":{"line":235,"column":61},"end":{"line":235,"column":91}},"line":235},"11":{"name":"(anonymous_11)","decl":{"start":{"line":237,"column":8},"end":{"line":237,"column":16}},"loc":{"start":{"line":237,"column":16},"end":{"line":237,"column":null}},"line":237},"12":{"name":"(anonymous_12)","decl":{"start":{"line":248,"column":12},"end":{"line":248,"column":18}},"loc":{"start":{"line":248,"column":18},"end":{"line":252,"column":5}},"line":248},"13":{"name":"(anonymous_13)","decl":{"start":{"line":254,"column":32},"end":{"line":254,"column":44}},"loc":{"start":{"line":254,"column":44},"end":{"line":306,"column":null}},"line":254},"14":{"name":"(anonymous_14)","decl":{"start":{"line":308,"column":23},"end":{"line":308,"column":24}},"loc":{"start":{"line":308,"column":30},"end":{"line":324,"column":null}},"line":308},"15":{"name":"(anonymous_15)","decl":{"start":{"line":326,"column":19},"end":{"line":326,"column":25}},"loc":{"start":{"line":326,"column":25},"end":{"line":331,"column":null}},"line":326},"16":{"name":"(anonymous_16)","decl":{"start":{"line":333,"column":21},"end":{"line":333,"column":27}},"loc":{"start":{"line":333,"column":27},"end":{"line":338,"column":null}},"line":333},"17":{"name":"(anonymous_17)","decl":{"start":{"line":340,"column":27},"end":{"line":340,"column":33}},"loc":{"start":{"line":340,"column":33},"end":{"line":363,"column":null}},"line":340},"18":{"name":"(anonymous_18)","decl":{"start":{"line":365,"column":28},"end":{"line":365,"column":40}},"loc":{"start":{"line":365,"column":40},"end":{"line":421,"column":null}},"line":365},"19":{"name":"(anonymous_19)","decl":{"start":{"line":423,"column":20},"end":{"line":423,"column":21}},"loc":{"start":{"line":423,"column":35},"end":{"line":430,"column":null}},"line":423},"20":{"name":"(anonymous_20)","decl":{"start":{"line":434,"column":12},"end":{"line":434,"column":17}},"loc":{"start":{"line":434,"column":17},"end":{"line":434,"column":37}},"line":434},"21":{"name":"(anonymous_21)","decl":{"start":{"line":435,"column":12},"end":{"line":435,"column":13}},"loc":{"start":{"line":435,"column":24},"end":{"line":435,"column":55}},"line":435},"22":{"name":"(anonymous_22)","decl":{"start":{"line":438,"column":4},"end":{"line":438,"column":9}},"loc":{"start":{"line":438,"column":9},"end":{"line":438,"column":null}},"line":438},"23":{"name":"(anonymous_23)","decl":{"start":{"line":441,"column":25},"end":{"line":441,"column":31}},"loc":{"start":{"line":441,"column":31},"end":{"line":459,"column":null}},"line":441},"24":{"name":"(anonymous_24)","decl":{"start":{"line":448,"column":17},"end":{"line":448,"column":23}},"loc":{"start":{"line":448,"column":23},"end":{"line":457,"column":null}},"line":448},"25":{"name":"(anonymous_25)","decl":{"start":{"line":522,"column":22},"end":{"line":522,"column":23}},"loc":{"start":{"line":522,"column":32},"end":{"line":522,"column":null}},"line":522},"26":{"name":"(anonymous_26)","decl":{"start":{"line":768,"column":51},"end":{"line":768,"column":56}},"loc":{"start":{"line":768,"column":56},"end":{"line":768,"column":74}},"line":768},"27":{"name":"(anonymous_27)","decl":{"start":{"line":769,"column":40},"end":{"line":769,"column":41}},"loc":{"start":{"line":769,"column":52},"end":{"line":769,"column":null}},"line":769},"28":{"name":"(anonymous_28)","decl":{"start":{"line":770,"column":47},"end":{"line":770,"column":52}},"loc":{"start":{"line":770,"column":52},"end":{"line":770,"column":78}},"line":770},"29":{"name":"(anonymous_29)","decl":{"start":{"line":771,"column":34},"end":{"line":771,"column":35}},"loc":{"start":{"line":771,"column":51},"end":{"line":771,"column":null}},"line":771},"30":{"name":"(anonymous_30)","decl":{"start":{"line":772,"column":37},"end":{"line":772,"column":38}},"loc":{"start":{"line":773,"column":28},"end":{"line":788,"column":null}},"line":773},"31":{"name":"(anonymous_31)","decl":{"start":{"line":796,"column":51},"end":{"line":796,"column":56}},"loc":{"start":{"line":796,"column":56},"end":{"line":796,"column":74}},"line":796},"32":{"name":"(anonymous_32)","decl":{"start":{"line":797,"column":40},"end":{"line":797,"column":41}},"loc":{"start":{"line":797,"column":52},"end":{"line":797,"column":null}},"line":797},"33":{"name":"(anonymous_33)","decl":{"start":{"line":798,"column":49},"end":{"line":798,"column":54}},"loc":{"start":{"line":798,"column":54},"end":{"line":798,"column":90}},"line":798},"34":{"name":"(anonymous_34)","decl":{"start":{"line":799,"column":34},"end":{"line":799,"column":35}},"loc":{"start":{"line":799,"column":51},"end":{"line":799,"column":null}},"line":799},"35":{"name":"(anonymous_35)","decl":{"start":{"line":799,"column":104},"end":{"line":799,"column":109}},"loc":{"start":{"line":799,"column":109},"end":{"line":799,"column":113}},"line":799},"36":{"name":"(anonymous_36)","decl":{"start":{"line":800,"column":37},"end":{"line":800,"column":38}},"loc":{"start":{"line":801,"column":28},"end":{"line":816,"column":null}},"line":801},"37":{"name":"(anonymous_37)","decl":{"start":{"line":834,"column":30},"end":{"line":834,"column":31}},"loc":{"start":{"line":835,"column":28},"end":{"line":851,"column":null}},"line":835},"38":{"name":"(anonymous_38)","decl":{"start":{"line":867,"column":30},"end":{"line":867,"column":31}},"loc":{"start":{"line":868,"column":28},"end":{"line":884,"column":null}},"line":868},"39":{"name":"(anonymous_39)","decl":{"start":{"line":896,"column":30},"end":{"line":896,"column":31}},"loc":{"start":{"line":897,"column":28},"end":{"line":913,"column":null}},"line":897},"40":{"name":"(anonymous_40)","decl":{"start":{"line":941,"column":71},"end":{"line":941,"column":76}},"loc":{"start":{"line":941,"column":76},"end":{"line":941,"column":100}},"line":941},"41":{"name":"(anonymous_41)","decl":{"start":{"line":943,"column":57},"end":{"line":943,"column":63}},"loc":{"start":{"line":943,"column":63},"end":{"line":948,"column":null}},"line":943},"42":{"name":"(anonymous_42)","decl":{"start":{"line":944,"column":83},"end":{"line":944,"column":88}},"loc":{"start":{"line":944,"column":88},"end":{"line":944,"column":112}},"line":944},"43":{"name":"(anonymous_43)","decl":{"start":{"line":968,"column":71},"end":{"line":968,"column":null}},"loc":{"start":{"line":969,"column":52},"end":{"line":974,"column":null}},"line":969},"44":{"name":"(anonymous_44)","decl":{"start":{"line":971,"column":79},"end":{"line":971,"column":84}},"loc":{"start":{"line":971,"column":84},"end":{"line":971,"column":100}},"line":971},"45":{"name":"(anonymous_45)","decl":{"start":{"line":1000,"column":33},"end":{"line":1000,"column":39}},"loc":{"start":{"line":1000,"column":39},"end":{"line":1000,"column":null}},"line":1000},"46":{"name":"(anonymous_46)","decl":{"start":{"line":1031,"column":63},"end":{"line":1031,"column":64}},"loc":{"start":{"line":1032,"column":24},"end":{"line":1037,"column":null}},"line":1032},"47":{"name":"(anonymous_47)","decl":{"start":{"line":1059,"column":22},"end":{"line":1059,"column":23}},"loc":{"start":{"line":1060,"column":20},"end":{"line":1108,"column":null}},"line":1060},"48":{"name":"(anonymous_48)","decl":{"start":{"line":1074,"column":37},"end":{"line":1074,"column":43}},"loc":{"start":{"line":1074,"column":43},"end":{"line":1081,"column":null}},"line":1074},"49":{"name":"(anonymous_49)","decl":{"start":{"line":1125,"column":123},"end":{"line":1125,"column":124}},"loc":{"start":{"line":1126,"column":16},"end":{"line":1140,"column":null}},"line":1126},"50":{"name":"(anonymous_50)","decl":{"start":{"line":1153,"column":54},"end":{"line":1153,"column":55}},"loc":{"start":{"line":1153,"column":68},"end":{"line":1153,"column":153}},"line":1153},"51":{"name":"(anonymous_51)","decl":{"start":{"line":1161,"column":52},"end":{"line":1161,"column":53}},"loc":{"start":{"line":1161,"column":67},"end":{"line":1161,"column":155}},"line":1161},"52":{"name":"(anonymous_52)","decl":{"start":{"line":1169,"column":52},"end":{"line":1169,"column":53}},"loc":{"start":{"line":1169,"column":67},"end":{"line":1169,"column":150}},"line":1169},"53":{"name":"(anonymous_53)","decl":{"start":{"line":1196,"column":74},"end":{"line":1196,"column":75}},"loc":{"start":{"line":1197,"column":22},"end":{"line":1197,"column":null}},"line":1197},"54":{"name":"(anonymous_54)","decl":{"start":{"line":1206,"column":56},"end":{"line":1206,"column":57}},"loc":{"start":{"line":1207,"column":22},"end":{"line":1207,"column":null}},"line":1207},"55":{"name":"(anonymous_55)","decl":{"start":{"line":1224,"column":46},"end":{"line":1224,"column":51}},"loc":{"start":{"line":1224,"column":51},"end":{"line":1224,"column":69}},"line":1224},"56":{"name":"(anonymous_56)","decl":{"start":{"line":1224,"column":101},"end":{"line":1224,"column":106}},"loc":{"start":{"line":1224,"column":106},"end":{"line":1224,"column":124}},"line":1224},"57":{"name":"(anonymous_57)","decl":{"start":{"line":1270,"column":34},"end":{"line":1270,"column":35}},"loc":{"start":{"line":1270,"column":41},"end":{"line":1281,"column":null}},"line":1270},"58":{"name":"(anonymous_58)","decl":{"start":{"line":1299,"column":40},"end":{"line":1299,"column":41}},"loc":{"start":{"line":1299,"column":47},"end":{"line":1299,"column":null}},"line":1299},"59":{"name":"(anonymous_59)","decl":{"start":{"line":1310,"column":51},"end":{"line":1310,"column":52}},"loc":{"start":{"line":1311,"column":34},"end":{"line":1311,"column":null}},"line":1311},"60":{"name":"(anonymous_60)","decl":{"start":{"line":1320,"column":48},"end":{"line":1320,"column":49}},"loc":{"start":{"line":1320,"column":55},"end":{"line":1320,"column":null}},"line":1320},"61":{"name":"(anonymous_61)","decl":{"start":{"line":1337,"column":36},"end":{"line":1337,"column":37}},"loc":{"start":{"line":1337,"column":43},"end":{"line":1337,"column":null}},"line":1337},"62":{"name":"(anonymous_62)","decl":{"start":{"line":1409,"column":38},"end":{"line":1409,"column":39}},"loc":{"start":{"line":1410,"column":20},"end":{"line":1434,"column":null}},"line":1410},"63":{"name":"(anonymous_63)","decl":{"start":{"line":1455,"column":26},"end":{"line":1455,"column":27}},"loc":{"start":{"line":1455,"column":33},"end":{"line":1455,"column":null}},"line":1455},"64":{"name":"(anonymous_64)","decl":{"start":{"line":1514,"column":29},"end":{"line":1514,"column":35}},"loc":{"start":{"line":1514,"column":35},"end":{"line":1514,"column":null}},"line":1514},"65":{"name":"(anonymous_65)","decl":{"start":{"line":1533,"column":33},"end":{"line":1533,"column":39}},"loc":{"start":{"line":1533,"column":39},"end":{"line":1533,"column":60}},"line":1533},"66":{"name":"(anonymous_66)","decl":{"start":{"line":1534,"column":33},"end":{"line":1534,"column":39}},"loc":{"start":{"line":1534,"column":39},"end":{"line":1534,"column":59}},"line":1534}},"branchMap":{"0":{"loc":{"start":{"line":87,"column":72},"end":{"line":87,"column":87}},"type":"default-arg","locations":[{"start":{"line":87,"column":85},"end":{"line":87,"column":87}}],"line":87},"1":{"loc":{"start":{"line":162,"column":29},"end":{"line":162,"column":null}},"type":"binary-expr","locations":[{"start":{"line":162,"column":29},"end":{"line":162,"column":50}},{"start":{"line":162,"column":50},"end":{"line":162,"column":null}}],"line":162},"2":{"loc":{"start":{"line":169,"column":25},"end":{"line":169,"column":83}},"type":"binary-expr","locations":[{"start":{"line":169,"column":25},"end":{"line":169,"column":55}},{"start":{"line":169,"column":55},"end":{"line":169,"column":83}}],"line":169},"3":{"loc":{"start":{"line":170,"column":17},"end":{"line":170,"column":null}},"type":"binary-expr","locations":[{"start":{"line":170,"column":17},"end":{"line":170,"column":47}},{"start":{"line":170,"column":47},"end":{"line":170,"column":null}}],"line":170},"4":{"loc":{"start":{"line":192,"column":4},"end":{"line":192,"column":null}},"type":"if","locations":[{"start":{"line":192,"column":4},"end":{"line":192,"column":null}},{"start":{},"end":{}}],"line":192},"5":{"loc":{"start":{"line":196,"column":4},"end":{"line":227,"column":null}},"type":"if","locations":[{"start":{"line":196,"column":4},"end":{"line":227,"column":null}},{"start":{},"end":{}}],"line":196},"6":{"loc":{"start":{"line":198,"column":14},"end":{"line":198,"column":null}},"type":"binary-expr","locations":[{"start":{"line":198,"column":14},"end":{"line":198,"column":29}},{"start":{"line":198,"column":29},"end":{"line":198,"column":null}}],"line":198},"7":{"loc":{"start":{"line":199,"column":15},"end":{"line":199,"column":null}},"type":"binary-expr","locations":[{"start":{"line":199,"column":15},"end":{"line":199,"column":31}},{"start":{"line":199,"column":31},"end":{"line":199,"column":null}}],"line":199},"8":{"loc":{"start":{"line":200,"column":15},"end":{"line":200,"column":null}},"type":"binary-expr","locations":[{"start":{"line":200,"column":15},"end":{"line":200,"column":31}},{"start":{"line":200,"column":31},"end":{"line":200,"column":null}}],"line":200},"9":{"loc":{"start":{"line":201,"column":17},"end":{"line":201,"column":null}},"type":"binary-expr","locations":[{"start":{"line":201,"column":17},"end":{"line":201,"column":35}},{"start":{"line":201,"column":35},"end":{"line":201,"column":null}}],"line":201},"10":{"loc":{"start":{"line":202,"column":17},"end":{"line":202,"column":null}},"type":"binary-expr","locations":[{"start":{"line":202,"column":17},"end":{"line":202,"column":35}},{"start":{"line":202,"column":35},"end":{"line":202,"column":null}}],"line":202},"11":{"loc":{"start":{"line":203,"column":13},"end":{"line":203,"column":null}},"type":"binary-expr","locations":[{"start":{"line":203,"column":13},"end":{"line":203,"column":27}},{"start":{"line":203,"column":27},"end":{"line":203,"column":null}}],"line":203},"12":{"loc":{"start":{"line":204,"column":16},"end":{"line":204,"column":null}},"type":"binary-expr","locations":[{"start":{"line":204,"column":16},"end":{"line":204,"column":33}},{"start":{"line":204,"column":33},"end":{"line":204,"column":null}}],"line":204},"13":{"loc":{"start":{"line":205,"column":16},"end":{"line":205,"column":null}},"type":"binary-expr","locations":[{"start":{"line":205,"column":16},"end":{"line":205,"column":33}},{"start":{"line":205,"column":33},"end":{"line":205,"column":null}}],"line":205},"14":{"loc":{"start":{"line":206,"column":20},"end":{"line":206,"column":null}},"type":"binary-expr","locations":[{"start":{"line":206,"column":20},"end":{"line":206,"column":41}},{"start":{"line":206,"column":41},"end":{"line":206,"column":null}}],"line":206},"15":{"loc":{"start":{"line":207,"column":19},"end":{"line":207,"column":null}},"type":"binary-expr","locations":[{"start":{"line":207,"column":19},"end":{"line":207,"column":39}},{"start":{"line":207,"column":39},"end":{"line":207,"column":null}}],"line":207},"16":{"loc":{"start":{"line":208,"column":18},"end":{"line":208,"column":null}},"type":"binary-expr","locations":[{"start":{"line":208,"column":18},"end":{"line":208,"column":37}},{"start":{"line":208,"column":37},"end":{"line":208,"column":null}}],"line":208},"17":{"loc":{"start":{"line":209,"column":21},"end":{"line":209,"column":null}},"type":"binary-expr","locations":[{"start":{"line":209,"column":21},"end":{"line":209,"column":43}},{"start":{"line":209,"column":43},"end":{"line":209,"column":null}}],"line":209},"18":{"loc":{"start":{"line":210,"column":26},"end":{"line":210,"column":null}},"type":"binary-expr","locations":[{"start":{"line":210,"column":26},"end":{"line":210,"column":53}},{"start":{"line":210,"column":53},"end":{"line":210,"column":null}}],"line":210},"19":{"loc":{"start":{"line":211,"column":20},"end":{"line":211,"column":null}},"type":"binary-expr","locations":[{"start":{"line":211,"column":20},"end":{"line":211,"column":41}},{"start":{"line":211,"column":41},"end":{"line":211,"column":null}}],"line":211},"20":{"loc":{"start":{"line":212,"column":18},"end":{"line":212,"column":null}},"type":"binary-expr","locations":[{"start":{"line":212,"column":18},"end":{"line":212,"column":37}},{"start":{"line":212,"column":37},"end":{"line":212,"column":null}}],"line":212},"21":{"loc":{"start":{"line":213,"column":21},"end":{"line":213,"column":null}},"type":"binary-expr","locations":[{"start":{"line":213,"column":21},"end":{"line":213,"column":43}},{"start":{"line":213,"column":43},"end":{"line":213,"column":null}}],"line":213},"22":{"loc":{"start":{"line":214,"column":20},"end":{"line":214,"column":null}},"type":"binary-expr","locations":[{"start":{"line":214,"column":20},"end":{"line":214,"column":41}},{"start":{"line":214,"column":41},"end":{"line":214,"column":null}}],"line":214},"23":{"loc":{"start":{"line":215,"column":23},"end":{"line":215,"column":null}},"type":"binary-expr","locations":[{"start":{"line":215,"column":23},"end":{"line":215,"column":47}},{"start":{"line":215,"column":47},"end":{"line":215,"column":null}}],"line":215},"24":{"loc":{"start":{"line":216,"column":20},"end":{"line":221,"column":null}},"type":"binary-expr","locations":[{"start":{"line":216,"column":20},"end":{"line":216,"column":41}},{"start":{"line":216,"column":41},"end":{"line":221,"column":null}}],"line":216},"25":{"loc":{"start":{"line":231,"column":4},"end":{"line":231,"column":null}},"type":"if","locations":[{"start":{"line":231,"column":4},"end":{"line":231,"column":null}},{"start":{},"end":{}}],"line":231},"26":{"loc":{"start":{"line":249,"column":4},"end":{"line":251,"column":null}},"type":"if","locations":[{"start":{"line":249,"column":4},"end":{"line":251,"column":null}},{"start":{},"end":{}}],"line":249},"27":{"loc":{"start":{"line":249,"column":8},"end":{"line":249,"column":24}},"type":"binary-expr","locations":[{"start":{"line":249,"column":8},"end":{"line":249,"column":18}},{"start":{"line":249,"column":18},"end":{"line":249,"column":24}}],"line":249},"28":{"loc":{"start":{"line":255,"column":4},"end":{"line":263,"column":null}},"type":"if","locations":[{"start":{"line":255,"column":4},"end":{"line":263,"column":null}},{"start":{"line":261,"column":11},"end":{"line":263,"column":null}}],"line":255},"29":{"loc":{"start":{"line":256,"column":6},"end":{"line":256,"column":null}},"type":"if","locations":[{"start":{"line":256,"column":6},"end":{"line":256,"column":null}},{"start":{},"end":{}}],"line":256},"30":{"loc":{"start":{"line":257,"column":6},"end":{"line":260,"column":null}},"type":"if","locations":[{"start":{"line":257,"column":6},"end":{"line":260,"column":null}},{"start":{},"end":{}}],"line":257},"31":{"loc":{"start":{"line":262,"column":6},"end":{"line":262,"column":null}},"type":"if","locations":[{"start":{"line":262,"column":6},"end":{"line":262,"column":null}},{"start":{},"end":{}}],"line":262},"32":{"loc":{"start":{"line":264,"column":4},"end":{"line":264,"column":null}},"type":"if","locations":[{"start":{"line":264,"column":4},"end":{"line":264,"column":null}},{"start":{},"end":{}}],"line":264},"33":{"loc":{"start":{"line":267,"column":4},"end":{"line":288,"column":null}},"type":"if","locations":[{"start":{"line":267,"column":4},"end":{"line":288,"column":null}},{"start":{"line":278,"column":11},"end":{"line":288,"column":null}}],"line":267},"34":{"loc":{"start":{"line":273,"column":14},"end":{"line":273,"column":null}},"type":"binary-expr","locations":[{"start":{"line":273,"column":14},"end":{"line":273,"column":38}},{"start":{"line":273,"column":30},"end":{"line":273,"column":null}}],"line":273},"35":{"loc":{"start":{"line":282,"column":21},"end":{"line":282,"column":null}},"type":"binary-expr","locations":[{"start":{"line":282,"column":21},"end":{"line":282,"column":52}},{"start":{"line":282,"column":52},"end":{"line":282,"column":null}}],"line":282},"36":{"loc":{"start":{"line":283,"column":14},"end":{"line":283,"column":null}},"type":"binary-expr","locations":[{"start":{"line":283,"column":14},"end":{"line":283,"column":38}},{"start":{"line":283,"column":30},"end":{"line":283,"column":null}}],"line":283},"37":{"loc":{"start":{"line":313,"column":4},"end":{"line":318,"column":null}},"type":"if","locations":[{"start":{"line":313,"column":4},"end":{"line":318,"column":null}},{"start":{},"end":{}}],"line":313},"38":{"loc":{"start":{"line":313,"column":8},"end":{"line":313,"column":33}},"type":"binary-expr","locations":[{"start":{"line":313,"column":8},"end":{"line":313,"column":26}},{"start":{"line":313,"column":26},"end":{"line":313,"column":33}}],"line":313},"39":{"loc":{"start":{"line":315,"column":6},"end":{"line":317,"column":null}},"type":"if","locations":[{"start":{"line":315,"column":6},"end":{"line":317,"column":null}},{"start":{},"end":{}}],"line":315},"40":{"loc":{"start":{"line":321,"column":4},"end":{"line":323,"column":null}},"type":"if","locations":[{"start":{"line":321,"column":4},"end":{"line":323,"column":null}},{"start":{},"end":{}}],"line":321},"41":{"loc":{"start":{"line":328,"column":4},"end":{"line":328,"column":null}},"type":"if","locations":[{"start":{"line":328,"column":4},"end":{"line":328,"column":null}},{"start":{},"end":{}}],"line":328},"42":{"loc":{"start":{"line":328,"column":16},"end":{"line":328,"column":35}},"type":"binary-expr","locations":[{"start":{"line":328,"column":16},"end":{"line":328,"column":33}},{"start":{"line":328,"column":33},"end":{"line":328,"column":35}}],"line":328},"43":{"loc":{"start":{"line":334,"column":4},"end":{"line":337,"column":null}},"type":"if","locations":[{"start":{"line":334,"column":4},"end":{"line":337,"column":null}},{"start":{},"end":{}}],"line":334},"44":{"loc":{"start":{"line":342,"column":14},"end":{"line":342,"column":null}},"type":"binary-expr","locations":[{"start":{"line":342,"column":14},"end":{"line":342,"column":29}},{"start":{"line":342,"column":29},"end":{"line":342,"column":null}}],"line":342},"45":{"loc":{"start":{"line":343,"column":15},"end":{"line":343,"column":null}},"type":"binary-expr","locations":[{"start":{"line":343,"column":15},"end":{"line":343,"column":31}},{"start":{"line":343,"column":31},"end":{"line":343,"column":null}}],"line":343},"46":{"loc":{"start":{"line":344,"column":15},"end":{"line":344,"column":null}},"type":"binary-expr","locations":[{"start":{"line":344,"column":15},"end":{"line":344,"column":31}},{"start":{"line":344,"column":31},"end":{"line":344,"column":null}}],"line":344},"47":{"loc":{"start":{"line":345,"column":17},"end":{"line":345,"column":null}},"type":"binary-expr","locations":[{"start":{"line":345,"column":17},"end":{"line":345,"column":35}},{"start":{"line":345,"column":35},"end":{"line":345,"column":null}}],"line":345},"48":{"loc":{"start":{"line":346,"column":17},"end":{"line":346,"column":null}},"type":"binary-expr","locations":[{"start":{"line":346,"column":17},"end":{"line":346,"column":35}},{"start":{"line":346,"column":35},"end":{"line":346,"column":null}}],"line":346},"49":{"loc":{"start":{"line":347,"column":13},"end":{"line":347,"column":null}},"type":"binary-expr","locations":[{"start":{"line":347,"column":13},"end":{"line":347,"column":27}},{"start":{"line":347,"column":27},"end":{"line":347,"column":null}}],"line":347},"50":{"loc":{"start":{"line":348,"column":16},"end":{"line":348,"column":null}},"type":"binary-expr","locations":[{"start":{"line":348,"column":16},"end":{"line":348,"column":33}},{"start":{"line":348,"column":33},"end":{"line":348,"column":null}}],"line":348},"51":{"loc":{"start":{"line":349,"column":16},"end":{"line":349,"column":null}},"type":"binary-expr","locations":[{"start":{"line":349,"column":16},"end":{"line":349,"column":33}},{"start":{"line":349,"column":33},"end":{"line":349,"column":null}}],"line":349},"52":{"loc":{"start":{"line":350,"column":20},"end":{"line":350,"column":null}},"type":"binary-expr","locations":[{"start":{"line":350,"column":20},"end":{"line":350,"column":41}},{"start":{"line":350,"column":41},"end":{"line":350,"column":null}}],"line":350},"53":{"loc":{"start":{"line":351,"column":19},"end":{"line":351,"column":null}},"type":"binary-expr","locations":[{"start":{"line":351,"column":19},"end":{"line":351,"column":39}},{"start":{"line":351,"column":39},"end":{"line":351,"column":null}}],"line":351},"54":{"loc":{"start":{"line":352,"column":18},"end":{"line":352,"column":null}},"type":"binary-expr","locations":[{"start":{"line":352,"column":18},"end":{"line":352,"column":37}},{"start":{"line":352,"column":37},"end":{"line":352,"column":null}}],"line":352},"55":{"loc":{"start":{"line":353,"column":21},"end":{"line":353,"column":null}},"type":"binary-expr","locations":[{"start":{"line":353,"column":21},"end":{"line":353,"column":43}},{"start":{"line":353,"column":43},"end":{"line":353,"column":null}}],"line":353},"56":{"loc":{"start":{"line":354,"column":26},"end":{"line":354,"column":null}},"type":"binary-expr","locations":[{"start":{"line":354,"column":26},"end":{"line":354,"column":53}},{"start":{"line":354,"column":53},"end":{"line":354,"column":null}}],"line":354},"57":{"loc":{"start":{"line":355,"column":20},"end":{"line":355,"column":null}},"type":"binary-expr","locations":[{"start":{"line":355,"column":20},"end":{"line":355,"column":41}},{"start":{"line":355,"column":41},"end":{"line":355,"column":null}}],"line":355},"58":{"loc":{"start":{"line":356,"column":18},"end":{"line":356,"column":null}},"type":"binary-expr","locations":[{"start":{"line":356,"column":18},"end":{"line":356,"column":37}},{"start":{"line":356,"column":37},"end":{"line":356,"column":null}}],"line":356},"59":{"loc":{"start":{"line":357,"column":21},"end":{"line":357,"column":null}},"type":"binary-expr","locations":[{"start":{"line":357,"column":21},"end":{"line":357,"column":43}},{"start":{"line":357,"column":43},"end":{"line":357,"column":null}}],"line":357},"60":{"loc":{"start":{"line":358,"column":20},"end":{"line":358,"column":null}},"type":"binary-expr","locations":[{"start":{"line":358,"column":20},"end":{"line":358,"column":41}},{"start":{"line":358,"column":41},"end":{"line":358,"column":null}}],"line":358},"61":{"loc":{"start":{"line":359,"column":23},"end":{"line":359,"column":null}},"type":"binary-expr","locations":[{"start":{"line":359,"column":23},"end":{"line":359,"column":47}},{"start":{"line":359,"column":47},"end":{"line":359,"column":null}}],"line":359},"62":{"loc":{"start":{"line":368,"column":4},"end":{"line":371,"column":null}},"type":"if","locations":[{"start":{"line":368,"column":4},"end":{"line":371,"column":null}},{"start":{},"end":{}}],"line":368},"63":{"loc":{"start":{"line":375,"column":4},"end":{"line":378,"column":null}},"type":"if","locations":[{"start":{"line":375,"column":4},"end":{"line":378,"column":null}},{"start":{},"end":{}}],"line":375},"64":{"loc":{"start":{"line":380,"column":4},"end":{"line":383,"column":null}},"type":"if","locations":[{"start":{"line":380,"column":4},"end":{"line":383,"column":null}},{"start":{},"end":{}}],"line":380},"65":{"loc":{"start":{"line":387,"column":23},"end":{"line":387,"column":null}},"type":"binary-expr","locations":[{"start":{"line":387,"column":23},"end":{"line":387,"column":37}},{"start":{"line":387,"column":37},"end":{"line":387,"column":52}},{"start":{"line":387,"column":52},"end":{"line":387,"column":null}}],"line":387},"66":{"loc":{"start":{"line":388,"column":25},"end":{"line":388,"column":null}},"type":"cond-expr","locations":[{"start":{"line":388,"column":50},"end":{"line":388,"column":70}},{"start":{"line":388,"column":70},"end":{"line":388,"column":null}}],"line":388},"67":{"loc":{"start":{"line":388,"column":70},"end":{"line":388,"column":null}},"type":"binary-expr","locations":[{"start":{"line":388,"column":70},"end":{"line":388,"column":86}},{"start":{"line":388,"column":86},"end":{"line":388,"column":null}}],"line":388},"68":{"loc":{"start":{"line":395,"column":4},"end":{"line":399,"column":null}},"type":"if","locations":[{"start":{"line":395,"column":4},"end":{"line":399,"column":null}},{"start":{},"end":{}}],"line":395},"69":{"loc":{"start":{"line":395,"column":8},"end":{"line":395,"column":84}},"type":"binary-expr","locations":[{"start":{"line":395,"column":8},"end":{"line":395,"column":22}},{"start":{"line":395,"column":22},"end":{"line":395,"column":57}},{"start":{"line":395,"column":57},"end":{"line":395,"column":72}},{"start":{"line":395,"column":72},"end":{"line":395,"column":84}}],"line":395},"70":{"loc":{"start":{"line":424,"column":4},"end":{"line":424,"column":null}},"type":"if","locations":[{"start":{"line":424,"column":4},"end":{"line":424,"column":null}},{"start":{},"end":{}}],"line":424},"71":{"loc":{"start":{"line":435,"column":31},"end":{"line":435,"column":55}},"type":"binary-expr","locations":[{"start":{"line":435,"column":31},"end":{"line":435,"column":51}},{"start":{"line":435,"column":51},"end":{"line":435,"column":55}}],"line":435},"72":{"loc":{"start":{"line":438,"column":9},"end":{"line":438,"column":null}},"type":"binary-expr","locations":[{"start":{"line":438,"column":9},"end":{"line":438,"column":31}},{"start":{"line":438,"column":31},"end":{"line":438,"column":null}}],"line":438},"73":{"loc":{"start":{"line":443,"column":4},"end":{"line":443,"column":null}},"type":"if","locations":[{"start":{"line":443,"column":4},"end":{"line":443,"column":null}},{"start":{},"end":{}}],"line":443},"74":{"loc":{"start":{"line":461,"column":2},"end":{"line":461,"column":null}},"type":"if","locations":[{"start":{"line":461,"column":2},"end":{"line":461,"column":null}},{"start":{},"end":{}}],"line":461},"75":{"loc":{"start":{"line":502,"column":21},"end":{"line":502,"column":null}},"type":"cond-expr","locations":[{"start":{"line":502,"column":33},"end":{"line":502,"column":52}},{"start":{"line":502,"column":52},"end":{"line":502,"column":null}}],"line":502},"76":{"loc":{"start":{"line":504,"column":17},"end":{"line":508,"column":null}},"type":"binary-expr","locations":[{"start":{"line":504,"column":17},"end":{"line":504,"column":null}},{"start":{"line":505,"column":16},"end":{"line":508,"column":null}}],"line":504},"77":{"loc":{"start":{"line":507,"column":84},"end":{"line":507,"column":111}},"type":"binary-expr","locations":[{"start":{"line":507,"column":84},"end":{"line":507,"column":103}},{"start":{"line":507,"column":103},"end":{"line":507,"column":111}}],"line":507},"78":{"loc":{"start":{"line":540,"column":9},"end":{"line":1520,"column":null}},"type":"cond-expr","locations":[{"start":{"line":541,"column":8},"end":{"line":1044,"column":null}},{"start":{"line":1046,"column":12},"end":{"line":1520,"column":null}}],"line":540},"79":{"loc":{"start":{"line":542,"column":11},"end":{"line":1042,"column":null}},"type":"cond-expr","locations":[{"start":{"line":543,"column":12},"end":{"line":821,"column":null}},{"start":{"line":823,"column":12},"end":{"line":1042,"column":null}}],"line":542},"80":{"loc":{"start":{"line":608,"column":19},"end":{"line":618,"column":null}},"type":"binary-expr","locations":[{"start":{"line":608,"column":19},"end":{"line":608,"column":null}},{"start":{"line":609,"column":18},"end":{"line":618,"column":null}}],"line":608},"81":{"loc":{"start":{"line":769,"column":52},"end":{"line":769,"column":null}},"type":"binary-expr","locations":[{"start":{"line":769,"column":52},"end":{"line":769,"column":67}},{"start":{"line":769,"column":67},"end":{"line":769,"column":null}}],"line":769},"82":{"loc":{"start":{"line":770,"column":31},"end":{"line":770,"column":null}},"type":"binary-expr","locations":[{"start":{"line":770,"column":31},"end":{"line":770,"column":83}},{"start":{"line":770,"column":83},"end":{"line":770,"column":null}}],"line":770},"83":{"loc":{"start":{"line":771,"column":88},"end":{"line":771,"column":118}},"type":"cond-expr","locations":[{"start":{"line":771,"column":99},"end":{"line":771,"column":113}},{"start":{"line":771,"column":113},"end":{"line":771,"column":118}}],"line":771},"84":{"loc":{"start":{"line":797,"column":52},"end":{"line":797,"column":null}},"type":"binary-expr","locations":[{"start":{"line":797,"column":52},"end":{"line":797,"column":67}},{"start":{"line":797,"column":67},"end":{"line":797,"column":null}}],"line":797},"85":{"loc":{"start":{"line":833,"column":86},"end":{"line":833,"column":168}},"type":"cond-expr","locations":[{"start":{"line":833,"column":99},"end":{"line":833,"column":163}},{"start":{"line":833,"column":163},"end":{"line":833,"column":168}}],"line":833},"86":{"loc":{"start":{"line":835,"column":54},"end":{"line":835,"column":73}},"type":"cond-expr","locations":[{"start":{"line":835,"column":66},"end":{"line":835,"column":71}},{"start":{"line":835,"column":71},"end":{"line":835,"column":73}}],"line":835},"87":{"loc":{"start":{"line":847,"column":102},"end":{"line":847,"column":148}},"type":"cond-expr","locations":[{"start":{"line":847,"column":115},"end":{"line":847,"column":132}},{"start":{"line":847,"column":132},"end":{"line":847,"column":148}}],"line":847},"88":{"loc":{"start":{"line":847,"column":152},"end":{"line":847,"column":181}},"type":"binary-expr","locations":[{"start":{"line":847,"column":152},"end":{"line":847,"column":166}},{"start":{"line":847,"column":166},"end":{"line":847,"column":181}}],"line":847},"89":{"loc":{"start":{"line":880,"column":102},"end":{"line":880,"column":148}},"type":"cond-expr","locations":[{"start":{"line":880,"column":115},"end":{"line":880,"column":132}},{"start":{"line":880,"column":132},"end":{"line":880,"column":148}}],"line":880},"90":{"loc":{"start":{"line":880,"column":152},"end":{"line":880,"column":181}},"type":"binary-expr","locations":[{"start":{"line":880,"column":152},"end":{"line":880,"column":166}},{"start":{"line":880,"column":166},"end":{"line":880,"column":181}}],"line":880},"91":{"loc":{"start":{"line":909,"column":102},"end":{"line":909,"column":148}},"type":"cond-expr","locations":[{"start":{"line":909,"column":115},"end":{"line":909,"column":132}},{"start":{"line":909,"column":132},"end":{"line":909,"column":148}}],"line":909},"92":{"loc":{"start":{"line":909,"column":152},"end":{"line":909,"column":181}},"type":"binary-expr","locations":[{"start":{"line":909,"column":152},"end":{"line":909,"column":166}},{"start":{"line":909,"column":166},"end":{"line":909,"column":181}}],"line":909},"93":{"loc":{"start":{"line":928,"column":98},"end":{"line":928,"column":151}},"type":"cond-expr","locations":[{"start":{"line":928,"column":118},"end":{"line":928,"column":135}},{"start":{"line":928,"column":135},"end":{"line":928,"column":151}}],"line":928},"94":{"loc":{"start":{"line":928,"column":155},"end":{"line":928,"column":191}},"type":"binary-expr","locations":[{"start":{"line":928,"column":155},"end":{"line":928,"column":176}},{"start":{"line":928,"column":176},"end":{"line":928,"column":191}}],"line":928},"95":{"loc":{"start":{"line":939,"column":41},"end":{"line":954,"column":null}},"type":"cond-expr","locations":[{"start":{"line":940,"column":44},"end":{"line":950,"column":null}},{"start":{"line":951,"column":44},"end":{"line":954,"column":null}}],"line":939},"96":{"loc":{"start":{"line":941,"column":55},"end":{"line":941,"column":null}},"type":"binary-expr","locations":[{"start":{"line":941,"column":55},"end":{"line":941,"column":111}},{"start":{"line":941,"column":111},"end":{"line":941,"column":null}}],"line":941},"97":{"loc":{"start":{"line":945,"column":52},"end":{"line":947,"column":null}},"type":"if","locations":[{"start":{"line":945,"column":52},"end":{"line":947,"column":null}},{"start":{},"end":{}}],"line":945},"98":{"loc":{"start":{"line":951,"column":44},"end":{"line":954,"column":null}},"type":"cond-expr","locations":[{"start":{"line":952,"column":44},"end":{"line":952,"column":null}},{"start":{"line":954,"column":44},"end":{"line":954,"column":null}}],"line":951},"99":{"loc":{"start":{"line":967,"column":45},"end":{"line":979,"column":null}},"type":"cond-expr","locations":[{"start":{"line":968,"column":48},"end":{"line":975,"column":null}},{"start":{"line":976,"column":48},"end":{"line":979,"column":null}}],"line":967},"100":{"loc":{"start":{"line":967,"column":45},"end":{"line":967,"column":null}},"type":"binary-expr","locations":[{"start":{"line":967,"column":45},"end":{"line":967,"column":67}},{"start":{"line":967,"column":67},"end":{"line":967,"column":null}}],"line":967},"101":{"loc":{"start":{"line":971,"column":63},"end":{"line":971,"column":null}},"type":"binary-expr","locations":[{"start":{"line":971,"column":63},"end":{"line":971,"column":111}},{"start":{"line":971,"column":111},"end":{"line":971,"column":null}}],"line":971},"102":{"loc":{"start":{"line":976,"column":48},"end":{"line":979,"column":null}},"type":"cond-expr","locations":[{"start":{"line":977,"column":48},"end":{"line":977,"column":null}},{"start":{"line":979,"column":48},"end":{"line":979,"column":null}}],"line":976},"103":{"loc":{"start":{"line":1014,"column":17},"end":{"line":1023,"column":null}},"type":"binary-expr","locations":[{"start":{"line":1014,"column":17},"end":{"line":1014,"column":null}},{"start":{"line":1015,"column":18},"end":{"line":1023,"column":null}}],"line":1014},"104":{"loc":{"start":{"line":1020,"column":25},"end":{"line":1020,"column":null}},"type":"binary-expr","locations":[{"start":{"line":1020,"column":25},"end":{"line":1020,"column":50}},{"start":{"line":1020,"column":50},"end":{"line":1020,"column":null}}],"line":1020},"105":{"loc":{"start":{"line":1027,"column":17},"end":{"line":1040,"column":null}},"type":"binary-expr","locations":[{"start":{"line":1027,"column":17},"end":{"line":1027,"column":31}},{"start":{"line":1027,"column":31},"end":{"line":1027,"column":54}},{"start":{"line":1027,"column":54},"end":{"line":1027,"column":null}},{"start":{"line":1028,"column":18},"end":{"line":1040,"column":null}}],"line":1027},"106":{"loc":{"start":{"line":1046,"column":12},"end":{"line":1520,"column":null}}
[...]
7:Infinity":14,"s:98:48:98:Infinity":15,"s:99:40:99:Infinity":16,"s:100:40:100:Infinity":17,"s:102:28:106:Infinity":18,"f:102:28:102:29":1,"s:103:4:103:Infinity":19,"s:104:4:104:Infinity":20,"s:105:4:105:Infinity":21,"s:108:29:111:Infinity":22,"f:108:29:108:35":2,"s:109:4:109:Infinity":23,"s:110:4:110:Infinity":24,"s:113:37:131:Infinity":25,"f:113:37:113:43":3,"s:114:16:114:Infinity":26,"b:115:4:115:Infinity:undefined:undefined:undefined:undefined":2,"s:115:4:115:Infinity":27,"s:115:14:115:Infinity":28,"s:116:20:116:Infinity":29,"s:117:19:117:Infinity":30,"s:118:16:118:Infinity":31,"s:119:16:119:Infinity":32,"s:120:4:129:Infinity":33,"f:120:17:120:23":4,"s:121:6:121:Infinity":34,"s:122:6:122:Infinity":35,"s:123:6:123:Infinity":36,"s:124:22:124:Infinity":37,"s:125:27:125:Infinity":38,"s:126:6:126:Infinity":39,"s:127:6:127:Infinity":40,"s:128:6:128:Infinity":41,"s:130:4:130:Infinity":42,"s:134:28:137:Infinity":43,"f:134:28:134:29":5,"b:134:43:134:49":3,"s:135:4:135:Infinity":44,"s:136:4:136:Infinity":45,"s:140:8:160:Infinity":46,"f:140:35:140:42":6,"b:140:53:140:63":4,"s:141:4:159:Infinity":47,"b:142:6:142:Infinity:undefined:undefined:undefined:undefined":5,"s:142:6:142:Infinity":48,"s:142:21:142:Infinity":49,"s:143:28:143:Infinity":50,"s:144:26:144:Infinity":51,"f:144:49:144:57":7,"s:144:57:144:87":52,"s:147:12:151:Infinity":53,"b:147:29:147:44:147:44:147:48":6,"f:147:53:147:54":8,"s:148:14:148:Infinity":54,"b:148:36:148:51:148:51:148:52":7,"s:149:14:149:Infinity":55,"b:149:36:149:51:149:51:149:52":8,"s:150:8:150:Infinity":56,"s:153:6:153:Infinity":57,"s:155:6:155:Infinity":58,"s:156:6:156:Infinity":59,"s:158:6:158:Infinity":60,"s:162:2:164:Infinity":61,"f:162:12:162:18":9,"s:163:4:163:Infinity":62,"s:167:26:175:Infinity":63,"f:167:26:167:27":10,"b:169:6:169:Infinity:170:6:170:Infinity:171:6:171:Infinity:172:6:172:Infinity:173:6:173:Infinity":9,"s:168:4:174:Infinity":64,"s:169:21:169:Infinity":65,"s:170:25:170:Infinity":66,"s:171:21:171:Infinity":67,"s:172:23:172:Infinity":68,"s:173:15:173:Infinity":69,"s:177:27:185:Infinity":70,"f:177:27:177:28":11,"s:178:19:178:Infinity":71,"s:182:20:182:Infinity":72,"s:183:22:183:Infinity":73,"s:184:4:184:Infinity":74,"s:187:24:220:Infinity":75,"f:187:24:187:36":12,"s:188:4:219:Infinity":76,"s:189:6:189:Infinity":77,"s:190:28:190:Infinity":78,"s:191:25:191:Infinity":79,"f:191:48:191:56":13,"s:191:56:191:86":80,"s:194:21:198:Infinity":81,"f:194:42:194:43":14,"s:195:14:195:Infinity":82,"b:195:36:195:51:195:51:195:52":10,"s:196:14:196:Infinity":83,"b:196:36:196:51:196:51:196:52":11,"s:197:8:197:Infinity":84,"s:200:25:200:Infinity":85,"s:201:6:210:Infinity":86,"s:201:19:201:22":87,"s:202:18:202:Infinity":88,"s:203:23:203:Infinity":89,"s:204:22:204:Infinity":90,"b:206:8:209:Infinity:undefined:undefined:undefined:undefined":12,"s:206:8:209:Infinity":91,"s:207:10:207:Infinity":92,"s:208:10:208:Infinity":93,"s:212:6:212:Infinity":94,"s:213:6:213:Infinity":95,"s:215:6:215:Infinity":96,"s:216:6:216:Infinity":97,"s:218:6:218:Infinity":98,"s:222:23:271:Infinity":99,"f:222:23:222:24":15,"s:223:4:223:Infinity":100,"s:224:17:224:Infinity":101,"b:225:4:225:Infinity:undefined:undefined:undefined:undefined":13,"s:225:4:225:Infinity":102,"s:225:27:225:Infinity":103,"s:227:21:227:Infinity":104,"b:229:4:269:Infinity:254:11:269:Infinity":14,"s:229:4:269:Infinity":105,"s:230:18:230:Infinity":106,"s:231:6:231:Infinity":107,"s:232:6:232:Infinity":108,"s:233:6:233:Infinity":109,"s:235:22:235:Infinity":110,"s:236:19:244:Infinity":111,"f:236:28:236:33":16,"s:236:33:244:7":112,"b:237:8:237:22:237:22:237:Infinity":15,"b:239:8:239:19:239:19:239:Infinity":16,"b:240:8:240:19:240:19:240:Infinity":17,"b:241:8:241:20:241:20:241:Infinity":18,"b:242:8:242:20:242:20:242:Infinity":19,"b:243:10:243:73:243:73:243:Infinity":20,"s:246:6:252:Infinity":113,"s:253:6:253:Infinity":114,"s:256:25:264:Infinity":115,"f:256:34:256:40":17,"s:256:40:264:8":116,"b:257:12:257:26:257:26:257:Infinity":21,"b:259:15:259:26:259:26:259:Infinity":22,"b:260:15:260:26:260:26:260:Infinity":23,"b:261:16:261:28:261:28:261:Infinity":24,"b:262:16:262:28:262:28:262:Infinity":25,"b:263:18:263:81:263:81:263:Infinity":26,"s:265:24:265:Infinity":117,"s:266:23:266:Infinity":118,"s:267:6:267:Infinity":119,"s:268:6:268:Infinity":120,"s:270:4:270:Infinity":121,"s:273:26:302:Infinity":122,"f:273:26:273:33":18,"s:274:20:274:Infinity":123,"b:274:27:274:46:274:46:274:48":27,"s:275:23:275:Infinity":124,"f:275:36:275:41":19,"s:275:41:275:95":125,"b:275:48:275:59:275:59:275:61":28,"b:277:4:280:Infinity:undefined:undefined:undefined:undefined":29,"s:277:4:280:Infinity":126,"b:277:8:277:19:277:19:277:31":30,"s:278:6:278:Infinity":127,"s:279:6:279:Infinity":128,"s:281:4:301:Infinity":129,"s:282:6:282:Infinity":130,"s:285:23:285:Infinity":131,"s:287:21:291:Infinity":132,"s:292:6:292:Infinity":133,"s:293:6:293:Infinity":134,"s:294:6:294:Infinity":135,"s:295:6:295:Infinity":136,"s:297:6:297:Infinity":137,"s:298:6:298:Infinity":138,"s:300:6:300:Infinity":139,"s:304:21:313:Infinity":140,"f:304:21:304:28":20,"s:305:4:312:Infinity":141,"s:306:6:306:Infinity":142,"s:307:6:307:Infinity":143,"s:308:6:308:Infinity":144,"f:308:24:308:32":21,"s:308:32:308:93":145,"b:308:57:308:89:308:89:308:93":31,"b:308:32:308:40:308:40:308:57":32,"s:309:6:309:Infinity":146,"s:311:6:311:Infinity":147,"s:315:23:331:Infinity":148,"f:315:23:315:30":22,"s:316:4:330:Infinity":149,"f:319:17:319:29":23,"s:320:8:328:Infinity":150,"s:321:10:321:Infinity":151,"s:322:10:322:Infinity":152,"s:323:10:323:Infinity":153,"s:324:10:324:Infinity":154,"f:324:31:324:39":24,"s:324:39:324:69":155,"f:324:51:324:58":25,"s:324:58:324:68":156,"s:325:10:325:Infinity":157,"s:327:10:327:Infinity":158,"s:333:31:353:Infinity":159,"f:333:31:333:37":26,"b:334:4:334:Infinity:undefined:undefined:undefined:undefined":33,"s:334:4:334:Infinity":160,"s:334:40:334:Infinity":161,"s:336:4:352:Infinity":162,"f:339:17:339:29":27,"s:340:8:350:Infinity":163,"s:341:10:341:Infinity":164,"s:342:10:342:Infinity":165,"f:342:50:342:56":28,"s:342:50:342:89":166,"s:343:10:343:Infinity":167,"s:344:10:344:Infinity":168,"s:345:10:345:Infinity":169,"s:347:10:347:Infinity":170,"s:349:10:349:Infinity":171,"s:355:8:365:Infinity":172,"f:355:34:355:40":29,"s:356:32:356:Infinity":173,"s:357:4:364:Infinity":174,"f:357:38:357:43":30,"s:358:12:360:Infinity":175,"b:358:12:358:Infinity:358:90:359:Infinity:359:90:360:Infinity":34,"b:360:28:360:42:360:42:360:46":35,"s:361:28:361:Infinity":176,"b:361:28:361:54:361:47:361:Infinity":36,"b:361:54:361:66:361:66:361:70":37,"s:362:28:362:Infinity":177,"b:362:28:362:57:362:47:362:Infinity":38,"b:362:57:362:69:362:69:362:79":39,"s:363:6:363:Infinity":178,"b:363:13:363:30:363:30:363:47:363:47:363:Infinity":40,"s:367:24:384:Infinity":179,"f:367:24:367:25":31,"b:367:34:367:47":41,"s:368:19:372:Infinity":180,"s:373:18:373:Infinity":181,"b:373:18:373:50:373:50:373:Infinity":42,"s:374:4:382:Infinity":182,"s:386:27:485:Infinity":183,"f:386:27:386:28":32,"s:387:4:485:Infinity":184,"f:394:19:394:25":33,"s:394:25:394:Infinity":185,"b:404:57:404:66:404:57:404:Infinity":43,"b:440:21:440:40:440:40:440:Infinity":44,"b:444:21:444:38:444:38:444:Infinity":45,"b:446:21:446:Infinity:447:22:452:Infinity":46,"f:463:25:463:26":34,"s:463:34:463:55":186,"s:463:55:463:85":187,"b:476:97:476:113:476:113:476:124":47,"b:480:90:480:106:480:106:480:112":48,"s:489:18:569:Infinity":188,"f:493:14:493:15":35,"s:494:8:496:Infinity":189,"b:495:11:495:18:495:18:495:Infinity":49,"f:502:14:502:15":36,"s:503:8:512:Infinity":190,"b:509:15:509:26:509:26:509:Infinity":50,"f:518:14:518:15":37,"s:519:8:534:Infinity":191,"b:521:58:521:71:521:71:521:75":51,"b:524:11:524:Infinity:525:12:532:Infinity":52,"f:528:23:528:24":38,"s:528:32:528:53":192,"s:528:53:528:80":193,"f:540:14:540:15":39,"s:540:23:540:Infinity":194,"b:540:36:540:43:540:43:540:51":53,"f:545:14:545:15":40,"s:546:8:548:Infinity":195,"b:547:11:547:58:547:58:547:Infinity":54,"f:554:14:554:15":41,"s:554:23:554:Infinity":196,"b:554:43:554:50:554:50:554:60":55,"b:554:68:554:75:554:75:554:85":56,"f:560:14:560:15":42,"s:561:8:566:Infinity":197,"f:563:19:563:20":43,"s:563:26:563:Infinity":198,"s:571:2:930:Infinity":199,"b:582:13:582:Infinity:582:129:583:Infinity":57,"f:635:24:635:25":44,"s:635:31:635:Infinity":200,"b:645:62:645:71:645:62:645:Infinity":58,"f:657:28:657:29":45,"s:657:35:657:Infinity":201,"b:662:62:662:71:662:62:662:Infinity":59,"f:678:28:678:29":46,"s:678:35:678:Infinity":202,"b:682:62:682:71:682:62:682:Infinity":60,"f:695:26:695:27":47,"s:695:36:695:Infinity":203,"b:695:36:695:41:695:41:695:Infinity":61,"b:697:62:697:71:697:62:697:Infinity":62,"f:714:25:714:26":48,"s:714:32:714:Infinity":204,"f:733:86:733:92":49,"s:733:92:733:Infinity":205,"f:734:37:734:43":50,"s:734:43:734:64":206,"f:735:37:735:43":51,"s:735:43:735:66":207,"f:739:25:739:31":52,"s:739:31:739:Infinity":208,"b:761:15:761:Infinity:762:16:782:Infinity":63,"f:788:27:788:33":53,"s:788:33:788:Infinity":209,"b:813:10:817:Infinity:818:12:840:Infinity":64,"f:815:39:815:44":54,"s:815:44:815:162":210,"b:819:10:826:Infinity:827:12:840:Infinity":65,"f:824:63:824:69":55,"s:824:71:824:90":211,"s:824:90:824:113":212,"s:824:113:824:139":213,"b:828:10:830:Infinity:832:10:840:Infinity":66,"f:829:34:829:35":56,"s:829:51:829:80":214,"f:838:26:838:27":57,"s:838:34:838:Infinity":215,"f:838:73:838:78":58,"s:838:78:838:89":216,"f:844:59:844:65":59,"s:844:65:844:96":217,"f:848:17:848:23":60,"s:848:23:848:Infinity":218,"b:849:15:849:39:849:39:849:Infinity":67,"b:853:9:853:Infinity:854:10:862:Infinity":68,"f:856:21:856:27":61,"s:856:27:856:Infinity":219,"f:869:17:869:23":62,"s:869:23:869:Infinity":220,"f:892:29:892:35":63,"s:892:35:892:65":221,"f:911:19:911:25":64,"b:912:12:912:Infinity:undefined:undefined:undefined:undefined":69,"s:912:12:912:Infinity":222,"s:912:31:912:Infinity":223,"s:913:12:913:Infinity":224,"f:920:19:920:25":65,"b:921:12:921:Infinity:undefined:undefined:undefined:undefined":70,"s:921:12:921:Infinity":225,"s:921:31:921:Infinity":226,"s:922:12:922:Infinity":227}}}
,"/home/admin/Projects/ricgcw/src/utils/dateUtils.js": {"path":"/home/admin/Projects/ricgcw/src/utils/dateUtils.js","statementMap":{"0":{"start":{"line":7,"column":29},"end":{"line":34,"column":1}},"1":{"start":{"line":8,"column":2},"end":{"line":8,"column":null}},"2":{"start":{"line":8,"column":16},"end":{"line":8,"column":null}},"3":{"start":{"line":11,"column":2},"end":{"line":13,"column":null}},"4":{"start":{"line":12,"column":4},"end":{"line":12,"column":null}},"5":{"start":{"line":16,"column":2},"end":{"line":18,"column":null}},"6":{"start":{"line":17,"column":4},"end":{"line":17,"column":null}},"7":{"start":{"line":21,"column":2},"end":{"line":26,"column":null}},"8":{"start":{"line":22,"column":18},"end":{"line":22,"column":36}},"9":{"start":{"line":23,"column":4},"end":{"line":23,"column":null}},"10":{"start":{"line":23,"column":25},"end":{"line":23,"column":null}},"11":{"start":{"line":24,"column":21},"end":{"line":24,"column":38}},"12":{"start":{"line":25,"column":4},"end":{"line":25,"column":null}},"13":{"start":{"line":29,"column":2},"end":{"line":31,"column":null}},"14":{"start":{"line":30,"column":4},"end":{"line":30,"column":null}},"15":{"start":{"line":33,"column":2},"end":{"line":33,"column":null}},"16":{"start":{"line":39,"column":32},"end":{"line":47,"column":1}},"17":{"start":{"line":40,"column":2},"end":{"line":46,"column":null}},"18":{"start":{"line":41,"column":17},"end":{"line":41,"column":39}},"19":{"start":{"line":42,"column":4},"end":{"line":42,"column":null}},"20":{"start":{"line":44,"column":4},"end":{"line":44,"column":null}},"21":{"start":{"line":45,"column":4},"end":{"line":45,"column":null}},"22":{"start":{"line":52,"column":28},"end":{"line":62,"column":1}},"23":{"start":{"line":53,"column":2},"end":{"line":53,"column":null}},"24":{"start":{"line":53,"column":12},"end":{"line":53,"column":null}},"25":{"start":{"line":54,"column":20},"end":{"line":54,"column":38}},"26":{"start":{"line":55,"column":16},"end":{"line":55,"column":26}},"27":{"start":{"line":56,"column":12},"end":{"line":56,"column":57}},"28":{"start":{"line":57,"column":12},"end":{"line":57,"column":51}},"29":{"start":{"line":58,"column":2},"end":{"line":60,"column":null}},"30":{"start":{"line":59,"column":4},"end":{"line":59,"column":null}},"31":{"start":{"line":61,"column":2},"end":{"line":61,"column":null}},"32":{"start":{"line":70,"column":34},"end":{"line":78,"column":1}},"33":{"start":{"line":71,"column":14},"end":{"line":71,"column":31}},"34":{"start":{"line":72,"column":2},"end":{"line":72,"column":null}},"35":{"start":{"line":72,"column":20},"end":{"line":72,"column":null}},"36":{"start":{"line":74,"column":2},"end":{"line":74,"column":null}},"37":{"start":{"line":74,"column":16},"end":{"line":74,"column":null}},"38":{"start":{"line":75,"column":2},"end":{"line":75,"column":44}},"39":{"start":{"line":75,"column":29},"end":{"line":75,"column":44}},"40":{"start":{"line":77,"column":2},"end":{"line":77,"column":14}}},"fnMap":{"0":{"name":"(anonymous_0)","decl":{"start":{"line":7,"column":29},"end":{"line":7,"column":30}},"loc":{"start":{"line":7,"column":42},"end":{"line":34,"column":1}},"line":7},"1":{"name":"(anonymous_1)","decl":{"start":{"line":39,"column":32},"end":{"line":39,"column":33}},"loc":{"start":{"line":39,"column":45},"end":{"line":47,"column":1}},"line":39},"2":{"name":"(anonymous_2)","decl":{"start":{"line":52,"column":28},"end":{"line":52,"column":29}},"loc":{"start":{"line":52,"column":37},"end":{"line":62,"column":1}},"line":52},"3":{"name":"(anonymous_3)","decl":{"start":{"line":70,"column":34},"end":{"line":70,"column":35}},"loc":{"start":{"line":70,"column":43},"end":{"line":78,"column":1}},"line":70}},"branchMap":{"0":{"loc":{"start":{"line":8,"column":2},"end":{"line":8,"column":null}},"type":"if","locations":[{"start":{"line":8,"column":2},"end":{"line":8,"column":null}},{"start":{},"end":{}}],"line":8},"1":{"loc":{"start":{"line":11,"column":2},"end":{"line":13,"column":null}},"type":"if","locations":[{"start":{"line":11,"column":2},"end":{"line":13,"column":null}},{"start":{},"end":{}}],"line":11},"2":{"loc":{"start":{"line":16,"column":2},"end":{"line":18,"column":null}},"type":"if","locations":[{"start":{"line":16,"column":2},"end":{"line":18,"column":null}},{"start":{},"end":{}}],"line":16},"3":{"loc":{"start":{"line":16,"column":6},"end":{"line":16,"column":68}},"type":"binary-expr","locations":[{"start":{"line":16,"column":6},"end":{"line":16,"column":13}},{"start":{"line":16,"column":17},"end":{"line":16,"column":44}},{"start":{"line":16,"column":48},"end":{"line":16,"column":68}}],"line":16},"4":{"loc":{"start":{"line":17,"column":46},"end":{"line":17,"column":70}},"type":"binary-expr","locations":[{"start":{"line":17,"column":46},"end":{"line":17,"column":65}},{"start":{"line":17,"column":69},"end":{"line":17,"column":70}}],"line":17},"5":{"loc":{"start":{"line":21,"column":2},"end":{"line":26,"column":null}},"type":"if","locations":[{"start":{"line":21,"column":2},"end":{"line":26,"column":null}},{"start":{},"end":{}}],"line":21},"6":{"loc":{"start":{"line":23,"column":4},"end":{"line":23,"column":null}},"type":"if","locations":[{"start":{"line":23,"column":4},"end":{"line":23,"column":null}},{"start":{},"end":{}}],"line":23},"7":{"loc":{"start":{"line":25,"column":10},"end":{"line":25,"column":52}},"type":"cond-expr","locations":[{"start":{"line":25,"column":31},"end":{"line":25,"column":39}},{"start":{"line":25,"column":42},"end":{"line":25,"column":52}}],"line":25},"8":{"loc":{"start":{"line":29,"column":2},"end":{"line":31,"column":null}},"type":"if","locations":[{"start":{"line":29,"column":2},"end":{"line":31,"column":null}},{"start":{},"end":{}}],"line":29},"9":{"loc":{"start":{"line":29,"column":6},"end":{"line":29,"column":49}},"type":"binary-expr","locations":[{"start":{"line":29,"column":6},"end":{"line":29,"column":29}},{"start":{"line":29,"column":32},"end":{"line":29,"column":49}}],"line":29},"10":{"loc":{"start":{"line":53,"column":2},"end":{"line":53,"column":null}},"type":"if","locations":[{"start":{"line":53,"column":2},"end":{"line":53,"column":null}},{"start":{},"end":{}}],"line":53},"11":{"loc":{"start":{"line":58,"column":2},"end":{"line":60,"column":null}},"type":"if","locations":[{"start":{"line":58,"column":2},"end":{"line":60,"column":null}},{"start":{},"end":{}}],"line":58},"12":{"loc":{"start":{"line":58,"column":6},"end":{"line":58,"column":65}},"type":"binary-expr","locations":[{"start":{"line":58,"column":6},"end":{"line":58,"column":11}},{"start":{"line":58,"column":16},"end":{"line":58,"column":23}},{"start":{"line":58,"column":27},"end":{"line":58,"column":64}}],"line":58},"13":{"loc":{"start":{"line":72,"column":2},"end":{"line":72,"column":null}},"type":"if","locations":[{"start":{"line":72,"column":2},"end":{"line":72,"column":null}},{"start":{},"end":{}}],"line":72},"14":{"loc":{"start":{"line":74,"column":2},"end":{"line":74,"column":null}},"type":"if","locations":[{"start":{"line":74,"column":2},"end":{"line":74,"column":null}},{"start":{},"end":{}}],"line":74},"15":{"loc":{"start":{"line":75,"column":2},"end":{"line":75,"column":44}},"type":"if","locations":[{"start":{"line":75,"column":2},"end":{"line":75,"column":44}},{"start":{},"end":{}}],"line":75},"16":{"loc":{"start":{"line":75,"column":6},"end":{"line":75,"column":27}},"type":"binary-expr","locations":[{"start":{"line":75,"column":6},"end":{"line":75,"column":15}},{"start":{"line":75,"column":19},"end":{"line":75,"column":27}}],"line":75}},"s":{"0":1,"1":86,"2":0,"3":86,"4":0,"5":86,"6":0,"7":86,"8":86,"9":86,"10":86,"11":0,"12":0,"13":0,"14":0,"15":0,"16":1,"17":0,"18":0,"19":0,"20":0,"21":0,"22":1,"23":36,"24":0,"25":36,"26":36,"27":36,"28":36,"29":36,"30":0,"31":36,"32":1,"33":0,"34":0,"35":0,"36":0,"37":0,"38":0,"39":0,"40":0},"f":{"0":86,"1":0,"2":36,"3":0},"b":{"0":[0,86],"1":[0,86],"2":[0,86],"3":[86,86,0],"4":[0,0],"5":[86,0],"6":[86,0],"7":[0,0],"8":[0,0],"9":[0,0],"10":[0,36],"11":[0,36],"12":[36,36,0],"13":[0,0],"14":[0,0],"15":[0,0],"16":[0,0]},"meta":{"lastBranch":17,"lastFunction":4,"lastStatement":41,"seen":{"s:7:29:34:1":0,"f:7:29:7:30":0,"b:8:2:8:Infinity:undefined:undefined:undefined:undefined":0,"s:8:2:8:Infinity":1,"s:8:16:8:Infinity":2,"b:11:2:13:Infinity:undefined:undefined:undefined:undefined":1,"s:11:2:13:Infinity":3,"s:12:4:12:Infinity":4,"b:16:2:18:Infinity:undefined:undefined:undefined:undefined":2,"s:16:2:18:Infinity":5,"b:16:6:16:13:16:17:16:44:16:48:16:68":3,"s:17:4:17:Infinity":6,"b:17:46:17:65:17:69:17:70":4,"b:21:2:26:Infinity:undefined:undefined:undefined:undefined":5,"s:21:2:26:Infinity":7,"s:22:18:22:36":8,"b:23:4:23:Infinity:undefined:undefined:undefined:undefined":6,"s:23:4:23:Infinity":9,"s:23:25:23:Infinity":10,"s:24:21:24:38":11,"s:25:4:25:Infinity":12,"b:25:31:25:39:25:42:25:52":7,"b:29:2:31:Infinity:undefined:undefined:undefined:undefined":8,"s:29:2:31:Infinity":13,"b:29:6:29:29:29:32:29:49":9,"s:30:4:30:Infinity":14,"s:33:2:33:Infinity":15,"s:39:32:47:1":16,"f:39:32:39:33":1,"s:40:2:46:Infinity":17,"s:41:17:41:39":18,"s:42:4:42:Infinity":19,"s:44:4:44:Infinity":20,"s:45:4:45:Infinity":21,"s:52:28:62:1":22,"f:52:28:52:29":2,"b:53:2:53:Infinity:undefined:undefined:undefined:undefined":10,"s:53:2:53:Infinity":23,"s:53:12:53:Infinity":24,"s:54:20:54:38":25,"s:55:16:55:26":26,"s:56:12:56:57":27,"s:57:12:57:51":28,"b:58:2:60:Infinity:undefined:undefined:undefined:undefined":11,"s:58:2:60:Infinity":29,"b:58:6:58:11:58:16:58:23:58:27:58:64":12,"s:59:4:59:Infinity":30,"s:61:2:61:Infinity":31,"s:70:34:78:1":32,"f:70:34:70:35":3,"s:71:14:71:31":33,"b:72:2:72:Infinity:undefined:undefined:undefined:undefined":13,"s:72:2:72:Infinity":34,"s:72:20:72:Infinity":35,"b:74:2:74:Infinity:undefined:undefined:undefined:undefined":14,"s:74:2:74:Infinity":36,"s:74:16:74:Infinity":37,"b:75:2:75:44:undefined:undefined:undefined:undefined":15,"s:75:2:75:44":38,"b:75:6:75:15:75:19:75:27":16,"s:75:29:75:44":39,"s:77:2:77:14":40}}}
}
